
<!DOCTYPE html>
<html>
	<head>
		<!--
			ExtentReports Library 2.41.1 | http://relevantcodes.com/extentreports-for-selenium/ | https://github.com/anshooarora/
			Copyright (c) 2015, Anshoo Arora (Relevant Codes) | Copyrights licensed under the New BSD License | http://opensource.org/licenses/BSD-3-Clause
			Documentation: http://extentreports.relevantcodes.com 
		-->

		<meta charset='UTF-8' /> 
		<meta name='description' content='ExtentReports (by Anshoo Arora) is a reporting library for automation testing for .NET and Java. It creates detailed and beautiful HTML reports for modern browsers. ExtentReports shows test and step summary along with dashboards, system and environment details for quick analysis of your tests.' />
		<meta name='robots' content='noodp, noydir' />
		<meta name='viewport' content='width=device-width, initial-scale=1' />
		<meta name='extentx' id='extentx' content='' />
		
		<title>
				ExtentReports 2.0
		</title>
		
		
		<link href='https://fonts.googleapis.com/css?family=Source+Sans+Pro:400,600' rel='stylesheet' type='text/css'>
		<link href='https://cdn.rawgit.com/anshooarora/extentreports/6032d73243ba4fe4fb8769eb9c315d4fdf16fe68/cdn/extent.css' type='text/css' rel='stylesheet' />
		
		<style>
				
            
                
            
        
		</style>
	</head>
	
	
	<body class='extent default standard hide-overflow'>
		<!-- nav -->
		<nav>
			<div class='logo-container blue darken-2'>
				<a class='logo-content' href='http://extentreports.relevantcodes.com'>
					<span>ExtentReports</span>
				</a>
				<a href='#' data-activates='slide-out' class='button-collapse hide-on-large-only'><i class='mdi-navigation-apps'></i></a>
			</div>
			<ul id='slide-out' class='side-nav fixed hide-on-med-and-down'>
				<li class='analysis waves-effect active'><a href='#!' class='test-view' onclick="_updateCurrentStage(0)"><i class='mdi-action-dashboard'></i>Test Details</a></li>
				<li class='analysis waves-effect'>
					<a href='#!' onclick="_updateCurrentStage(-1)" class='dashboard-view'><i class='mdi-action-track-changes'></i></i>Analysis</a>
				</li>
			</ul>
			<span class='report-name'>Automation Report</span> <span class='report-headline'></span>
			<ul class='right hide-on-med-and-down nav-right'>
				<li class='theme-selector' alt='Click to toggle dark theme. To enable by default, use js configuration $("body").addClass("dark");' title='Click to toggle dark theme. To enable by default, use js configuration $("body").addClass("dark");'>
					<i class='mdi-hardware-desktop-windows'></i>
				</li>
				<li>
					<span class='suite-started-time'>2022-04-28 19:03:31</span>
				</li>
				<li>
					<span>v2.41.1</span>
				</li>
			</ul>
		</nav>
		<!-- /nav -->
		
		<!-- container -->
		<div class='container'>
			
			<!-- dashboard -->
			<div id='dashboard-view' class='row'>
				<div class='time-totals'>
					<div class='col l2 m4 s6'>
						<div class='card suite-total-tests'> 
							<span class='panel-name'>Total Tests</span> 
							<span class='total-tests'> <span class='panel-lead'></span> </span> 
						</div> 
					</div>
					<div class='col l2 m4 s6'>
						<div class='card suite-total-steps'> 
							<span class='panel-name'>Total Steps</span> 
							<span class='total-steps'> <span class='panel-lead'></span> </span> 
						</div> 
					</div>
					<div class='col l2 m4 s12'>
						<div class='card suite-total-time-current'> 
							<span class='panel-name'>Total Time Taken (Current Run)</span> 
							<span class='suite-total-time-current-value panel-lead'>2h 3m 3s+810ms</span> 
						</div> 
					</div>
					<div class='col l2 m4 s12'>
						<div class='card suite-total-time-overall'> 
							<span class='panel-name'>Total Time Taken (Overall)</span> 
							<span class='suite-total-time-overall-value panel-lead'>2h 3m 3s+810ms</span> 
						</div> 
					</div>
					<div class='col l2 m4 s6 suite-start-time'>
						<div class='card accent green-accent'> 
							<span class='panel-name'>Start</span> 
							<span class='panel-lead suite-started-time'>2022-04-28 17:00:27</span> 
						</div> 
					</div>
					<div class='col l2 m4 s6 suite-end-time'>
						<div class='card accent pink-accent'> 
							<span class='panel-name'>End</span> 
							<span class='panel-lead suite-ended-time'>2022-04-28 19:03:31</span> 
						</div> 
					</div>
				</div>
				<div class='charts'>
					<div class='col s12 m6 l4 fh'> 
						<div class='card-panel'> 
							<div>
								<span class='panel-name'>Tests View</span>
							</div> 
							<div class='panel-setting modal-trigger test-count-setting right'>
								<a href='#test-count-setting'><i class='mdi-navigation-more-vert text-md'></i></a>
							</div> 
							<div class='chart-box'>
								<canvas class='text-centered' id='test-analysis'></canvas>
							</div> 
							<div>
								<span class='weight-light'><span class='t-pass-count weight-normal'></span> test(s) passed</span>
							</div> 
							<div>
								<span class='weight-light'><span class='t-fail-count weight-normal'></span> test(s) failed, <span class='t-others-count weight-normal'></span> others</span>
							</div> 
						</div> 
					</div> 
					<div class='col s12 m6 l4 fh'> 
						<div class='card-panel'> 
							<div>
								<span class='panel-name'>Steps View</span>
							</div> 
							<div class='panel-setting modal-trigger step-status-filter right'>
								<a href='#step-status-filter'><i class='mdi-navigation-more-vert text-md'></i></a>
							</div> 
							<div class='chart-box'>
								<canvas class='text-centered' id='step-analysis'></canvas>
							</div> 
							<div>
								<span class='weight-light'><span class='s-pass-count weight-normal'></span> step(s) passed </span>
							</div> 
							<div>
								<span class='weight-light'><span class='s-fail-count weight-normal'></span> step(s) failed, <span class='s-others-count weight-normal'></span> others</span>
							</div> 
						</div> 
					</div>
					<div class='col s12 m12 l4 fh'> 
						<div class='card-panel'> 
							<span class='panel-name'>Pass Percentage</span> 
							<span class='pass-percentage panel-lead'></span> 
							<div class='progress light-blue lighten-3'> 
								<div class='determinate light-blue'></div> 
							</div> 
						</div> 
					</div>
				</div>
				<div class='system-view'>
					<div class='col l4 m12 s12'>
						<div class='card-panel'>
							<span class='label info outline right'>Environment</span>
							<table>
								<thead>
									<tr>
										<th>Param</th>
										<th>Value</th>
									</tr>
								</thead>
								<tbody>
										<tr>
											<td>User Name</td>
											<td>Prati</td>
										</tr>
										<tr>
											<td>OS</td>
											<td>Windows 10</td>
										</tr>
										<tr>
											<td>Java Version</td>
											<td>1.8.0_271</td>
										</tr>
										<tr>
											<td>Host Name</td>
											<td>LAPTOP-EHJA3SCC</td>
										</tr>
										<tr>
											<td>Executed By </td>
											<td>regression@atlc.com</td>
										</tr>
										<tr>
											<td>Environment</td>
											<td>https://test.porting.com/#/Login</td>
										</tr>
								</tbody>
							</table>
						</div>
					</div>
				</div>
			</div>
			<!-- /dashboard -->
			
			<!-- tests -->
			<div id='test-view' class='row _addedTable'>
				<div class='col _addedCell1'>
					<div class='contents'>
						<div class='card-panel heading'>
							<h5>Tests</h5>
						</div>
						<div class='card-panel filters'>
							<div>
								<a class='dropdown-button btn-floating btn-small waves-effect waves-light grey tests-toggle' data-activates='tests-toggle' data-constrainwidth='true' data-beloworigin='true' data-hover='true' href='#'>
									<i class='mdi-action-reorder'></i>
								</a>
								<ul id='tests-toggle' class='dropdown-content'>
									<li class='pass'><a href='#!'>Pass</a></li>
									<li class='fail'><a href='#!'>Fail</a></li>
										<li class='warning'><a href='#!'>Warning</a></li>
									<li class='skip'><a href='#!'>Skip</a></li>
									<li class='divider'></li>
									<li class='clear'><a href='#!'>Clear Filters</a></li>
								</ul>
							</div>
							<div>
								<a class='btn-floating btn-small waves-effect waves-light grey' id='clear-filters' alt='Clear Filters' title='Clear Filters'>
									<i class='mdi-navigation-close'></i>
								</a>
							</div>
							<div>
								<a class='btn-floating btn-small waves-effect waves-light grey' id='enableDashboard' alt='Enable Dashboard' title='Enable Dashboard'>
									<i class='mdi-action-track-changes'></i>
								</a>
							</div>
							<div>
								<a class='btn-floating btn-small waves-effect waves-light blue enabled' id='refreshCharts' alt='Refresh Charts on Filters' title='Refresh Charts on Filters'>
									<i class='mdi-navigation-refresh'></i>
								</a>
							</div>
							<div class='search' alt='Search Tests' title='Search Tests'>
								<div class='input-field left'>
									<input id='searchTests' type='text' class='validate' placeholder='Search Tests...'>
								</div>
								<a href="#" class='btn-floating btn-small waves-effect waves-light grey'>
									<i class='mdi-action-search'></i>
								</a>
							</div>
						</div>
						<div class='card-panel no-padding-h no-padding-v no-margin-v'>
							<div class='wrapper'>
								<ul id='test-collection' class='test-collection'>
										<li class='collection-item test displayed active pass ' extentid='c9e4bdfb-d7c9-4d67-a562-bf69a2ca6f90'>
											<div class='test-head'>
												<span class='test-name'>Test Login </span>
												<span class='test-status label right outline capitalize pass'>pass</span>
												<span class='category-assigned hide '></span>
											</div>
											<div class='test-body'>
												<div class='test-info'>
													<span title='Test started time' alt='Test started time' class='test-started-time label green lighten-1 text-white'>2022-04-28 17:00:28</span>
													<span title='Test ended time' alt='Test ended time' class='test-ended-time label red lighten-1 text-white'>2022-04-28 17:01:26</span>
													<span title='Time taken to finish' alt='Time taken to finish' class='test-time-taken label blue-grey lighten-3 text-white'>0h 0m 58s+151ms</span>
												</div>
												<div class='test-desc'></div>
												<div class='test-attributes'>
												</div>
												<div class='test-steps'>
													<table class='bordered table-results'>
														<thead>
															<tr>
																<th>Status</th>
																<th>Timestamp</th>
																<th>Details</th>
															</tr>
														</thead>
														<tbody>
																<tr>
																	<td class='status pass' title='pass' alt='pass'><i class='mdi-action-check-circle'></i></td>
																	<td class='timestamp'>17:00:40</td>
																	<td class='step-details'>Entered userName is regression@atlc.com</td>
																</tr>
																<tr>
																	<td class='status pass' title='pass' alt='pass'><i class='mdi-action-check-circle'></i></td>
																	<td class='timestamp'>17:00:47</td>
																	<td class='step-details'>Entered password</td>
																</tr>
																<tr>
																	<td class='status pass' title='pass' alt='pass'><i class='mdi-action-check-circle'></i></td>
																	<td class='timestamp'>17:00:53</td>
																	<td class='step-details'>Click on submit</td>
																</tr>
																<tr>
																	<td class='status pass' title='pass' alt='pass'><i class='mdi-action-check-circle'></i></td>
																	<td class='timestamp'>17:01:00</td>
																	<td class='step-details'>Title is matching: Explore</td>
																</tr>
																<tr>
																	<td class='status pass' title='pass' alt='pass'><i class='mdi-action-check-circle'></i></td>
																	<td class='timestamp'>17:01:26</td>
																	<td class='step-details'>com.modules.login.LoginTest is Passed</td>
																</tr>
														</tbody>
													</table>
													<ul class='collapsible node-list' data-collapsible='accordion'>
													</ul>
												</div>
											</div>
										</li>
										<li class='collection-item test displayed active pass ' extentid='aeaf6c89-8901-4f59-90af-8e8eb87509d3'>
											<div class='test-head'>
												<span class='test-name'>Search(ProjID/SPID/TN) Test </span>
												<span class='test-status label right outline capitalize pass'>pass</span>
												<span class='category-assigned hide '></span>
											</div>
											<div class='test-body'>
												<div class='test-info'>
													<span title='Test started time' alt='Test started time' class='test-started-time label green lighten-1 text-white'>2022-04-28 17:01:26</span>
													<span title='Test ended time' alt='Test ended time' class='test-ended-time label red lighten-1 text-white'>2022-04-28 17:03:16</span>
													<span title='Time taken to finish' alt='Time taken to finish' class='test-time-taken label blue-grey lighten-3 text-white'>0h 1m 50s+35ms</span>
												</div>
												<div class='test-desc'></div>
												<div class='test-attributes'>
												</div>
												<div class='test-steps'>
													<table class='bordered table-results'>
														<thead>
															<tr>
																<th>Status</th>
																<th>Timestamp</th>
																<th>Details</th>
															</tr>
														</thead>
														<tbody>
																<tr>
																	<td class='status pass' title='pass' alt='pass'><i class='mdi-action-check-circle'></i></td>
																	<td class='timestamp'>17:01:44</td>
																	<td class='step-details'>Navigate To Dashboard</td>
																</tr>
																<tr>
																	<td class='status pass' title='pass' alt='pass'><i class='mdi-action-check-circle'></i></td>
																	<td class='timestamp'>17:02:12</td>
																	<td class='step-details'>Searched with Project ID :PID-527420851955</td>
																</tr>
																<tr>
																	<td class='status pass' title='pass' alt='pass'><i class='mdi-action-check-circle'></i></td>
																	<td class='timestamp'>17:02:19</td>
																	<td class='step-details'>Title is matching: Orders</td>
																</tr>
																<tr>
																	<td class='status pass' title='pass' alt='pass'><i class='mdi-action-check-circle'></i></td>
																	<td class='timestamp'>17:02:49</td>
																	<td class='step-details'>Searched with Spid ID :Y128-637867423343455887</td>
																</tr>
																<tr>
																	<td class='status pass' title='pass' alt='pass'><i class='mdi-action-check-circle'></i></td>
																	<td class='timestamp'>17:02:56</td>
																	<td class='step-details'>Title is matching: Orders</td>
																</tr>
																<tr>
																	<td class='status pass' title='pass' alt='pass'><i class='mdi-action-check-circle'></i></td>
																	<td class='timestamp'>17:03:07</td>
																	<td class='step-details'>Searched with TN :5274206348</td>
																</tr>
																<tr>
																	<td class='status pass' title='pass' alt='pass'><i class='mdi-action-check-circle'></i></td>
																	<td class='timestamp'>17:03:14</td>
																	<td class='step-details'>Title is matching: Orders</td>
																</tr>
																<tr>
																	<td class='status pass' title='pass' alt='pass'><i class='mdi-action-check-circle'></i></td>
																	<td class='timestamp'>17:03:16</td>
																	<td class='step-details'>com.modules.orders.dashboard.SearchTest is Passed</td>
																</tr>
														</tbody>
													</table>
													<ul class='collapsible node-list' data-collapsible='accordion'>
													</ul>
												</div>
											</div>
										</li>
										<li class='collection-item test displayed active pass ' extentid='84de5d32-9e8c-48ca-93b7-59f657352ef3'>
											<div class='test-head'>
												<span class='test-name'>Test Filters </span>
												<span class='test-status label right outline capitalize pass'>pass</span>
												<span class='category-assigned hide '></span>
											</div>
											<div class='test-body'>
												<div class='test-info'>
													<span title='Test started time' alt='Test started time' class='test-started-time label green lighten-1 text-white'>2022-04-28 17:03:16</span>
													<span title='Test ended time' alt='Test ended time' class='test-ended-time label red lighten-1 text-white'>2022-04-28 17:07:32</span>
													<span title='Time taken to finish' alt='Time taken to finish' class='test-time-taken label blue-grey lighten-3 text-white'>0h 4m 15s+551ms</span>
												</div>
												<div class='test-desc'></div>
												<div class='test-attributes'>
												</div>
												<div class='test-steps'>
													<table class='bordered table-results'>
														<thead>
															<tr>
																<th>Status</th>
																<th>Timestamp</th>
																<th>Details</th>
															</tr>
														</thead>
														<tbody>
																<tr>
																	<td class='status pass' title='pass' alt='pass'><i class='mdi-action-check-circle'></i></td>
																	<td class='timestamp'>17:03:34</td>
																	<td class='step-details'>Navigate To Dashboard</td>
																</tr>
																<tr>
																	<td class='status pass' title='pass' alt='pass'><i class='mdi-action-check-circle'></i></td>
																	<td class='timestamp'>17:03:45</td>
																	<td class='step-details'>Type Filter is selected : csr-only and working as expected</td>
																</tr>
																<tr>
																	<td class='status pass' title='pass' alt='pass'><i class='mdi-action-check-circle'></i></td>
																	<td class='timestamp'>17:04:07</td>
																	<td class='step-details'>Due Start Date Filter is selected : 11/4/2021 and  working as expected</td>
																</tr>
																<tr>
																	<td class='status pass' title='pass' alt='pass'><i class='mdi-action-check-circle'></i></td>
																	<td class='timestamp'>17:04:29</td>
																	<td class='step-details'>Due End Date Filter is selected : 3/29/2022 and  working as expected</td>
																</tr>
																<tr>
																	<td class='status pass' title='pass' alt='pass'><i class='mdi-action-check-circle'></i></td>
																	<td class='timestamp'>17:04:31</td>
																	<td class='step-details'>Status Filter is selected : CSR Invalid and working as expected</td>
																</tr>
																<tr>
																	<td class='status info' title='info' alt='info'><i class='mdi-action-info-outline'></i></td>
																	<td class='timestamp'>17:04:33</td>
																	<td class='step-details'>Empty dropdown</td>
																</tr>
																<tr>
																	<td class='status pass' title='pass' alt='pass'><i class='mdi-action-check-circle'></i></td>
																	<td class='timestamp'>17:04:34</td>
																	<td class='step-details'>New Spid Filter is selected : Any and working as expected</td>
																</tr>
																<tr>
																	<td class='status pass' title='pass' alt='pass'><i class='mdi-action-check-circle'></i></td>
																	<td class='timestamp'>17:04:36</td>
																	<td class='step-details'>Old Spid Filter is selected : PC05 and working as expected</td>
																</tr>
																<tr>
																	<td class='status pass' title='pass' alt='pass'><i class='mdi-action-check-circle'></i></td>
																	<td class='timestamp'>17:05:04</td>
																	<td class='step-details'>Next Work Start Date Filter is selected : 9/16/2021 and working as expected</td>
																</tr>
																<tr>
																	<td class='status pass' title='pass' alt='pass'><i class='mdi-action-check-circle'></i></td>
																	<td class='timestamp'>17:05:21</td>
																	<td class='step-details'>Next Work End Date Filter is selected : 4/14/2022 and  working as expected</td>
																</tr>
																<tr>
																	<td class='status pass' title='pass' alt='pass'><i class='mdi-action-check-circle'></i></td>
																	<td class='timestamp'>17:05:23</td>
																	<td class='step-details'>Worked By Filter is selected : NRamachandra@previseit.com and  working as expected</td>
																</tr>
																<tr>
																	<td class='status pass' title='pass' alt='pass'><i class='mdi-action-check-circle'></i></td>
																	<td class='timestamp'>17:05:32</td>
																	<td class='step-details'>Refresh is  working as expected</td>
																</tr>
																<tr>
																	<td class='status pass' title='pass' alt='pass'><i class='mdi-action-check-circle'></i></td>
																	<td class='timestamp'>17:05:32</td>
																	<td class='step-details'>Filter set-1 working as expected</td>
																</tr>
																<tr>
																	<td class='status pass' title='pass' alt='pass'><i class='mdi-action-check-circle'></i></td>
																	<td class='timestamp'>17:05:40</td>
																	<td class='step-details'>Type Filter is selected : port-in and working as expected</td>
																</tr>
																<tr>
																	<td class='status pass' title='pass' alt='pass'><i class='mdi-action-check-circle'></i></td>
																	<td class='timestamp'>17:06:03</td>
																	<td class='step-details'>Due Start Date Filter is selected : 3/18/2020 and  working as expected</td>
																</tr>
																<tr>
																	<td class='status pass' title='pass' alt='pass'><i class='mdi-action-check-circle'></i></td>
																	<td class='timestamp'>17:06:26</td>
																	<td class='step-details'>Due End Date Filter is selected : 11/26/2022 and  working as expected</td>
																</tr>
																<tr>
																	<td class='status pass' title='pass' alt='pass'><i class='mdi-action-check-circle'></i></td>
																	<td class='timestamp'>17:06:29</td>
																	<td class='step-details'>Status Filter is selected : CSR Approved and working as expected</td>
																</tr>
																<tr>
																	<td class='status pass' title='pass' alt='pass'><i class='mdi-action-check-circle'></i></td>
																	<td class='timestamp'>17:06:32</td>
																	<td class='step-details'>New Spid Filter is selected : 114J and working as expected</td>
																</tr>
																<tr>
																	<td class='status pass' title='pass' alt='pass'><i class='mdi-action-check-circle'></i></td>
																	<td class='timestamp'>17:06:35</td>
																	<td class='step-details'>Old Spid Filter is selected : Y128 and working as expected</td>
																</tr>
																<tr>
																	<td class='status pass' title='pass' alt='pass'><i class='mdi-action-check-circle'></i></td>
																	<td class='timestamp'>17:07:03</td>
																	<td class='step-details'>Next Work Start Date Filter is selected : 9/7/2021 and working as expected</td>
																</tr>
																<tr>
																	<td class='status pass' title='pass' alt='pass'><i class='mdi-action-check-circle'></i></td>
																	<td class='timestamp'>17:07:20</td>
																	<td class='step-details'>Next Work End Date Filter is selected : 4/8/2022 and  working as expected</td>
																</tr>
																<tr>
																	<td class='status pass' title='pass' alt='pass'><i class='mdi-action-check-circle'></i></td>
																	<td class='timestamp'>17:07:23</td>
																	<td class='step-details'>Worked By Filter is selected : abijanfar@atlc.com and  working as expected</td>
																</tr>
																<tr>
																	<td class='status pass' title='pass' alt='pass'><i class='mdi-action-check-circle'></i></td>
																	<td class='timestamp'>17:07:32</td>
																	<td class='step-details'>Refresh is  working as expected</td>
																</tr>
																<tr>
																	<td class='status pass' title='pass' alt='pass'><i class='mdi-action-check-circle'></i></td>
																	<td class='timestamp'>17:07:32</td>
																	<td class='step-details'>Filter set-2 working as expected</td>
																</tr>
																<tr>
																	<td class='status pass' title='pass' alt='pass'><i class='mdi-action-check-circle'></i></td>
																	<td class='timestamp'>17:07:32</td>
																	<td class='step-details'>com.modules.orders.dashboard.FiltersTest is Passed</td>
																</tr>
														</tbody>
													</table>
													<ul class='collapsible node-list' data-collapsible='accordion'>
													</ul>
												</div>
											</div>
										</li>
										<li class='collection-item test displayed active pass ' extentid='386f9184-e3ed-429b-950d-2a01a974efa7'>
											<div class='test-head'>
												<span class='test-name'>Test PortIn OrderOnly </span>
												<span class='test-status label right outline capitalize pass'>pass</span>
												<span class='category-assigned hide '></span>
											</div>
											<div class='test-body'>
												<div class='test-info'>
													<span title='Test started time' alt='Test started time' class='test-started-time label green lighten-1 text-white'>2022-04-28 17:07:32</span>
													<span title='Test ended time' alt='Test ended time' class='test-ended-time label red lighten-1 text-white'>2022-04-28 17:14:02</span>
													<span title='Time taken to finish' alt='Time taken to finish' class='test-time-taken label blue-grey lighten-3 text-white'>0h 6m 30s+766ms</span>
												</div>
												<div class='test-desc'></div>
												<div class='test-attributes'>
												</div>
												<div class='test-steps'>
													<table class='bordered table-results'>
														<thead>
															<tr>
																<th>Status</th>
																<th>Timestamp</th>
																<th>Details</th>
															</tr>
														</thead>
														<tbody>
																<tr>
																	<td class='status pass' title='pass' alt='pass'><i class='mdi-action-check-circle'></i></td>
																	<td class='timestamp'>17:07:50</td>
																	<td class='step-details'>Navigate To Dashboard</td>
																</tr>
																<tr>
																	<td class='status pass' title='pass' alt='pass'><i class='mdi-action-check-circle'></i></td>
																	<td class='timestamp'>17:08:12</td>
																	<td class='step-details'>Clicked on Create</td>
																</tr>
																<tr>
																	<td class='status pass' title='pass' alt='pass'><i class='mdi-action-check-circle'></i></td>
																	<td class='timestamp'>17:08:19</td>
																	<td class='step-details'>Selected PortIn option</td>
																</tr>
																<tr>
																	<td class='status pass' title='pass' alt='pass'><i class='mdi-action-check-circle'></i></td>
																	<td class='timestamp'>17:08:25</td>
																	<td class='step-details'>Title is matching: Port in</td>
																</tr>
																<tr>
																	<td class='status pass' title='pass' alt='pass'><i class='mdi-action-check-circle'></i></td>
																	<td class='timestamp'>17:08:35</td>
																	<td class='step-details'>ATLTestFile1.xlsx File got Updated with new4 PortNumbers</td>
																</tr>
																<tr>
																	<td class='status info' title='info' alt='info'><i class='mdi-action-info-outline'></i></td>
																	<td class='timestamp'>17:08:35</td>
																	<td class='step-details'>Verify uploaded numbers</td>
																</tr>
																<tr>
																	<td class='status info' title='info' alt='info'><i class='mdi-action-info-outline'></i></td>
																	<td class='timestamp'>17:08:35</td>
																	<td class='step-details'>Excel file Uploaded with: 5274208492 5274208493 5274208494 5274208495</td>
																</tr>
																<tr>
																	<td class='status pass' title='pass' alt='pass'><i class='mdi-action-check-circle'></i></td>
																	<td class='timestamp'>17:09:44</td>
																	<td class='step-details'>Actual value is  matching with Expected Value: Create</td>
																</tr>
																<tr>
																	<td class='status pass' title='pass' alt='pass'><i class='mdi-action-check-circle'></i></td>
																	<td class='timestamp'>17:09:44</td>
																	<td class='step-details'>Verified portIn Page Title</td>
																</tr>
																<tr>
																	<td class='status pass' title='pass' alt='pass'><i class='mdi-action-check-circle'></i></td>
																	<td class='timestamp'>17:09:44</td>
																	<td class='step-details'>Actual value is  matching with Expected Value: Enter and Validate Porting Numbers</td>
																</tr>
																<tr>
																	<td class='status pass' title='pass' alt='pass'><i class='mdi-action-check-circle'></i></td>
																	<td class='timestamp'>17:09:44</td>
																	<td class='step-details'>Actual value is  matching with Expected Value: Order only</td>
																</tr>
																<tr>
																	<td class='status pass' title='pass' alt='pass'><i class='mdi-action-check-circle'></i></td>
																	<td class='timestamp'>17:09:51</td>
																	<td class='step-details'>Clicked on Back page arrow</td>
																</tr>
																<tr>
																	<td class='status pass' title='pass' alt='pass'><i class='mdi-action-check-circle'></i></td>
																	<td class='timestamp'>17:09:51</td>
																	<td class='step-details'>Actual value is  matching with Expected Value: Back to step one</td>
																</tr>
																<tr>
																	<td class='status pass' title='pass' alt='pass'><i class='mdi-action-check-circle'></i></td>
																	<td class='timestamp'>17:09:51</td>
																	<td class='step-details'>Actual value is  matching with Expected Value: Are you sure you want to go back to step one? Previous data will be discarded.</td>
																</tr>
																<tr>
																	<td class='status pass' title='pass' alt='pass'><i class='mdi-action-check-circle'></i></td>
																	<td class='timestamp'>17:09:57</td>
																	<td class='step-details'>Discarded alert</td>
																</tr>
																<tr>
																	<td class='status pass' title='pass' alt='pass'><i class='mdi-action-check-circle'></i></td>
																	<td class='timestamp'>17:10:04</td>
																	<td class='step-details'>Template downloaded</td>
																</tr>
																<tr>
																	<td class='status pass' title='pass' alt='pass'><i class='mdi-action-check-circle'></i></td>
																	<td class='timestamp'>17:10:12</td>
																	<td class='step-details'>Entered new PortNumber</td>
																</tr>
																<tr>
																	<td class='status pass' title='pass' alt='pass'><i class='mdi-action-check-circle'></i></td>
																	<td class='timestamp'>17:11:53</td>
																	<td class='step-details'>Actual value is  matching with Expected Value: Create</td>
																</tr>
																<tr>
																	<td class='status pass' title='pass' alt='pass'><i class='mdi-action-check-circle'></i></td>
																	<td class='timestamp'>17:11:53</td>
																	<td class='step-details'>Verified portIn Page Title</td>
																</tr>
																<tr>
																	<td class='status pass' title='pass' alt='pass'><i class='mdi-action-check-circle'></i></td>
																	<td class='timestamp'>17:11:53</td>
																	<td class='step-details'>Actual value is  matching with Expected Value: Enter and Validate Porting Numbers</td>
																</tr>
																<tr>
																	<td class='status pass' title='pass' alt='pass'><i class='mdi-action-check-circle'></i></td>
																	<td class='timestamp'>17:11:53</td>
																	<td class='step-details'>Actual value is  matching with Expected Value: Order only</td>
																</tr>
																<tr>
																	<td class='status pass' title='pass' alt='pass'><i class='mdi-action-check-circle'></i></td>
																	<td class='timestamp'>17:11:53</td>
																	<td class='step-details'>PortIn is created for 5274208496</td>
																</tr>
																<tr>
																	<td class='status pass' title='pass' alt='pass'><i class='mdi-action-check-circle'></i></td>
																	<td class='timestamp'>17:13:08</td>
																	<td class='step-details'>PortIn is selected Date: 5/26/2022</td>
																</tr>
																<tr>
																	<td class='status pass' title='pass' alt='pass'><i class='mdi-action-check-circle'></i></td>
																	<td class='timestamp'>17:13:38</td>
																	<td class='step-details'>PortIn ProjectID: PID-5274208496298</td>
																</tr>
																<tr>
																	<td class='status pass' title='pass' alt='pass'><i class='mdi-action-check-circle'></i></td>
																	<td class='timestamp'>17:13:55</td>
																	<td class='step-details'>Searched with Project ID :PID-5274208496298</td>
																</tr>
																<tr>
																	<td class='status pass' title='pass' alt='pass'><i class='mdi-action-check-circle'></i></td>
																	<td class='timestamp'>17:14:02</td>
																	<td class='step-details'>Title is matching: Orders</td>
																</tr>
																<tr>
																	<td class='status pass' title='pass' alt='pass'><i class='mdi-action-check-circle'></i></td>
																	<td class='timestamp'>17:14:02</td>
																	<td class='step-details'>com.modules.orders.dashboard.PortInOrderOnlyTest is Passed</td>
																</tr>
														</tbody>
													</table>
													<ul class='collapsible node-list' data-collapsible='accordion'>
													</ul>
												</div>
											</div>
										</li>
										<li class='collection-item test displayed active fail ' extentid='f836757f-9367-4235-bb09-c2906a585266'>
											<div class='test-head'>
												<span class='test-name'>Test PortIn PreOrderAndOrder With CSR </span>
												<span class='test-status label right outline capitalize fail'>fail</span>
												<span class='category-assigned hide '></span>
											</div>
											<div class='test-body'>
												<div class='test-info'>
													<span title='Test started time' alt='Test started time' class='test-started-time label green lighten-1 text-white'>2022-04-28 17:14:02</span>
													<span title='Test ended time' alt='Test ended time' class='test-ended-time label red lighten-1 text-white'>2022-04-28 17:20:33</span>
													<span title='Time taken to finish' alt='Time taken to finish' class='test-time-taken label blue-grey lighten-3 text-white'>0h 6m 30s+957ms</span>
												</div>
												<div class='test-desc'></div>
												<div class='test-attributes'>
												</div>
												<div class='test-steps'>
													<table class='bordered table-results'>
														<thead>
															<tr>
																<th>Status</th>
																<th>Timestamp</th>
																<th>Details</th>
															</tr>
														</thead>
														<tbody>
																<tr>
																	<td class='status pass' title='pass' alt='pass'><i class='mdi-action-check-circle'></i></td>
																	<td class='timestamp'>17:14:21</td>
																	<td class='step-details'>Navigate To Dashboard</td>
																</tr>
																<tr>
																	<td class='status pass' title='pass' alt='pass'><i class='mdi-action-check-circle'></i></td>
																	<td class='timestamp'>17:14:34</td>
																	<td class='step-details'>Clicked on Create</td>
																</tr>
																<tr>
																	<td class='status pass' title='pass' alt='pass'><i class='mdi-action-check-circle'></i></td>
																	<td class='timestamp'>17:14:40</td>
																	<td class='step-details'>Selected PortIn option</td>
																</tr>
																<tr>
																	<td class='status pass' title='pass' alt='pass'><i class='mdi-action-check-circle'></i></td>
																	<td class='timestamp'>17:14:47</td>
																	<td class='step-details'>Title is matching: Port in</td>
																</tr>
																<tr>
																	<td class='status pass' title='pass' alt='pass'><i class='mdi-action-check-circle'></i></td>
																	<td class='timestamp'>17:14:53</td>
																	<td class='step-details'>Entered new PortNumber</td>
																</tr>
																<tr>
																	<td class='status pass' title='pass' alt='pass'><i class='mdi-action-check-circle'></i></td>
																	<td class='timestamp'>17:16:34</td>
																	<td class='step-details'>Actual value is  matching with Expected Value: Create</td>
																</tr>
																<tr>
																	<td class='status pass' title='pass' alt='pass'><i class='mdi-action-check-circle'></i></td>
																	<td class='timestamp'>17:16:34</td>
																	<td class='step-details'>Verified portIn Page Title</td>
																</tr>
																<tr>
																	<td class='status pass' title='pass' alt='pass'><i class='mdi-action-check-circle'></i></td>
																	<td class='timestamp'>17:16:34</td>
																	<td class='step-details'>Actual value is  matching with Expected Value: Enter and Validate Porting Numbers</td>
																</tr>
																<tr>
																	<td class='status pass' title='pass' alt='pass'><i class='mdi-action-check-circle'></i></td>
																	<td class='timestamp'>17:16:34</td>
																	<td class='step-details'>Actual value is  matching with Expected Value: Order only</td>
																</tr>
																<tr>
																	<td class='status pass' title='pass' alt='pass'><i class='mdi-action-check-circle'></i></td>
																	<td class='timestamp'>17:16:34</td>
																	<td class='step-details'>PortIn is created for 5274208497</td>
																</tr>
																<tr>
																	<td class='status pass' title='pass' alt='pass'><i class='mdi-action-check-circle'></i></td>
																	<td class='timestamp'>17:17:50</td>
																	<td class='step-details'>PortIn is selected Date: 5/5/2022</td>
																</tr>
																<tr>
																	<td class='status pass' title='pass' alt='pass'><i class='mdi-action-check-circle'></i></td>
																	<td class='timestamp'>17:17:59</td>
																	<td class='step-details'>PortIn ProjectID: PID-527420849764</td>
																</tr>
																<tr>
																	<td class='status info' title='info' alt='info'><i class='mdi-action-info-outline'></i></td>
																	<td class='timestamp'>17:18:01</td>
																	<td class='step-details'>Updated file : Test.pdf</td>
																</tr>
																<tr>
																	<td class='status pass' title='pass' alt='pass'><i class='mdi-action-check-circle'></i></td>
																	<td class='timestamp'>17:18:10</td>
																	<td class='step-details'>AccountName : AccountName889</td>
																</tr>
																<tr>
																	<td class='status pass' title='pass' alt='pass'><i class='mdi-action-check-circle'></i></td>
																	<td class='timestamp'>17:18:19</td>
																	<td class='step-details'>Account Number : 00588986673</td>
																</tr>
																<tr>
																	<td class='status pass' title='pass' alt='pass'><i class='mdi-action-check-circle'></i></td>
																	<td class='timestamp'>17:18:47</td>
																	<td class='step-details'>Billing Telephone : 0739699246</td>
																</tr>
																<tr>
																	<td class='status info' title='info' alt='info'><i class='mdi-action-info-outline'></i></td>
																	<td class='timestamp'>17:19:32</td>
																	<td class='step-details'>org.openqa.selenium.NoSuchElementException: no such element: Unable to locate element: {"method":"xpath","selector":"//input[@placeholder='Search orders by project id or phone number']"}
  (Session info: chrome=100.0.4896.127)
For documentation on this error, please visit: https://www.seleniumhq.org/exceptions/no_such_element.html
Build info: version: '3.141.59', revision: 'e82be7d358', time: '2018-11-14T08:25:53'
System info: host: 'LAPTOP-EHJA3SCC', ip: '10.212.212.150', os.name: 'Windows 10', os.arch: 'amd64', os.version: '10.0', java.version: '1.8.0_271'
Driver info: org.openqa.selenium.chrome.ChromeDriver
Capabilities {acceptInsecureCerts: false, browserName: chrome, browserVersion: 100.0.4896.127, chrome: {chromedriverVersion: 100.0.4896.60 (6a5d10861ce8..., userDataDir: C:\Users\Prati\AppData\Loca...}, goog:chromeOptions: {debuggerAddress: localhost:61703}, javascriptEnabled: true, networkConnectionEnabled: false, pageLoadStrategy: none, platform: WINDOWS, platformName: WINDOWS, proxy: Proxy(), setWindowRect: true, strictFileInteractability: false, timeouts: {implicit: 0, pageLoad: 300000, script: 30000}, unhandledPromptBehavior: dismiss and notify, webauthn:extension:credBlob: true, webauthn:extension:largeBlob: true, webauthn:virtualAuthenticators: true}
Session ID: 274df5efe57fe9c9007035d1101c8197
*** Element info: {Using=xpath, value=//input[@placeholder='Search orders by project id or phone number']}</td>
																</tr>
																<tr>
																	<td class='status info' title='info' alt='info'><i class='mdi-action-info-outline'></i></td>
																	<td class='timestamp'>17:19:33</td>
																	<td class='step-details'>ScreenShot is accessible in D:\Pratik\ATLC2804\QA-Automation/Execution Status/ScreenShots/Element 04_28_2022ThuApr28171932IST20220428171910000000094046914.png</td>
																</tr>
																<tr>
																	<td class='status warning' title='warning' alt='warning'><i class='mdi-alert-warning'></i></td>
																	<td class='timestamp'>17:19:33</td>
																	<td class='step-details'><a href='D:\Pratik\ATLC2804\QA-Automation\Execution Status\ScreenShots\Element 04_28_2022ThuApr28171932IST20220428171910000000094046914.png' data-featherlight='image'><img class='report-img' src='file:///D:\Pratik\ATLC2804\QA-Automation\Execution Status\ScreenShots\Element 04_28_2022ThuApr28171932IST20220428171910000000094046914.png' /></a></td>
																</tr>
																<tr>
																	<td class='status warning' title='warning' alt='warning'><i class='mdi-alert-warning'></i></td>
																	<td class='timestamp'>17:20:03</td>
																	<td class='step-details'>Proxy element for: DefaultElementLocator 'By.xpath: //input[@placeholder='Search orders by project id or phone number']' is not accessible</td>
																</tr>
																<tr>
																	<td class='status info' title='info' alt='info'><i class='mdi-action-info-outline'></i></td>
																	<td class='timestamp'>17:20:33</td>
																	<td class='step-details'>ScreenShot is accessible in D:\Pratik\ATLC2804\QA-Automation/Execution Status/ScreenShots/testPortInPreOrderAndOrderWithCSR 04_28_2022ThuApr28172033IST202204281720100000000752552788.png</td>
																</tr>
																<tr>
																	<td class='status fail' title='fail' alt='fail'><i class='mdi-navigation-cancel'></i></td>
																	<td class='timestamp'>17:20:33</td>
																	<td class='step-details'>org.openqa.selenium.NoSuchElementException: no such element: Unable to locate element: {"method":"xpath","selector":"//button[@type='submit']"}
  (Session info: chrome=100.0.4896.127)
For documentation on this error, please visit: https://www.seleniumhq.org/exceptions/no_such_element.html
Build info: version: '3.141.59', revision: 'e82be7d358', time: '2018-11-14T08:25:53'
System info: host: 'LAPTOP-EHJA3SCC', ip: '10.212.212.150', os.name: 'Windows 10', os.arch: 'amd64', os.version: '10.0', java.version: '1.8.0_271'
Driver info: org.openqa.selenium.chrome.ChromeDriver
Capabilities {acceptInsecureCerts: false, browserName: chrome, browserVersion: 100.0.4896.127, chrome: {chromedriverVersion: 100.0.4896.60 (6a5d10861ce8..., userDataDir: C:\Users\Prati\AppData\Loca...}, goog:chromeOptions: {debuggerAddress: localhost:61703}, javascriptEnabled: true, networkConnectionEnabled: false, pageLoadStrategy: none, platform: WINDOWS, platformName: WINDOWS, proxy: Proxy(), setWindowRect: true, strictFileInteractability: false, timeouts: {implicit: 0, pageLoad: 300000, script: 30000}, unhandledPromptBehavior: dismiss and notify, webauthn:extension:credBlob: true, webauthn:extension:largeBlob: true, webauthn:virtualAuthenticators: true}
Session ID: 274df5efe57fe9c9007035d1101c8197
*** Element info: {Using=xpath, value=//button[@type='submit']}</td>
																</tr>
																<tr>
																	<td class='status fail' title='fail' alt='fail'><i class='mdi-navigation-cancel'></i></td>
																	<td class='timestamp'>17:20:33</td>
																	<td class='step-details'><a href='D:\Pratik\ATLC2804\QA-Automation\Execution Status\ScreenShots\testPortInPreOrderAndOrderWithCSR 04_28_2022ThuApr28172033IST202204281720100000000752552788.png' data-featherlight='image'><img class='report-img' src='file:///D:\Pratik\ATLC2804\QA-Automation\Execution Status\ScreenShots\testPortInPreOrderAndOrderWithCSR 04_28_2022ThuApr28172033IST202204281720100000000752552788.png' /></a></td>
																</tr>
																<tr>
																	<td class='status fail' title='fail' alt='fail'><i class='mdi-navigation-cancel'></i></td>
																	<td class='timestamp'>17:20:33</td>
																	<td class='step-details'>com.modules.orders.dashboard.PortInPreOrderAndOrderWithCSRTest is Failed</td>
																</tr>
														</tbody>
													</table>
													<ul class='collapsible node-list' data-collapsible='accordion'>
													</ul>
												</div>
											</div>
										</li>
										<li class='collection-item test displayed active fail ' extentid='e92c63c6-60ec-4918-864e-406861c1adff'>
											<div class='test-head'>
												<span class='test-name'>Test PortIn PreOrder And Order WithOut CSR </span>
												<span class='test-status label right outline capitalize fail'>fail</span>
												<span class='category-assigned hide '></span>
											</div>
											<div class='test-body'>
												<div class='test-info'>
													<span title='Test started time' alt='Test started time' class='test-started-time label green lighten-1 text-white'>2022-04-28 17:20:33</span>
													<span title='Test ended time' alt='Test ended time' class='test-ended-time label red lighten-1 text-white'>2022-04-28 17:27:04</span>
													<span title='Time taken to finish' alt='Time taken to finish' class='test-time-taken label blue-grey lighten-3 text-white'>0h 6m 31s+51ms</span>
												</div>
												<div class='test-desc'></div>
												<div class='test-attributes'>
												</div>
												<div class='test-steps'>
													<table class='bordered table-results'>
														<thead>
															<tr>
																<th>Status</th>
																<th>Timestamp</th>
																<th>Details</th>
															</tr>
														</thead>
														<tbody>
																<tr>
																	<td class='status pass' title='pass' alt='pass'><i class='mdi-action-check-circle'></i></td>
																	<td class='timestamp'>17:20:51</td>
																	<td class='step-details'>Navigate To Dashboard</td>
																</tr>
																<tr>
																	<td class='status pass' title='pass' alt='pass'><i class='mdi-action-check-circle'></i></td>
																	<td class='timestamp'>17:21:06</td>
																	<td class='step-details'>Clicked on Create</td>
																</tr>
																<tr>
																	<td class='status pass' title='pass' alt='pass'><i class='mdi-action-check-circle'></i></td>
																	<td class='timestamp'>17:21:13</td>
																	<td class='step-details'>Selected PortIn option</td>
																</tr>
																<tr>
																	<td class='status pass' title='pass' alt='pass'><i class='mdi-action-check-circle'></i></td>
																	<td class='timestamp'>17:21:19</td>
																	<td class='step-details'>Title is matching: Port in</td>
																</tr>
																<tr>
																	<td class='status pass' title='pass' alt='pass'><i class='mdi-action-check-circle'></i></td>
																	<td class='timestamp'>17:21:25</td>
																	<td class='step-details'>Entered new PortNumber</td>
																</tr>
																<tr>
																	<td class='status pass' title='pass' alt='pass'><i class='mdi-action-check-circle'></i></td>
																	<td class='timestamp'>17:23:06</td>
																	<td class='step-details'>Actual value is  matching with Expected Value: Create</td>
																</tr>
																<tr>
																	<td class='status pass' title='pass' alt='pass'><i class='mdi-action-check-circle'></i></td>
																	<td class='timestamp'>17:23:06</td>
																	<td class='step-details'>Verified portIn Page Title</td>
																</tr>
																<tr>
																	<td class='status pass' title='pass' alt='pass'><i class='mdi-action-check-circle'></i></td>
																	<td class='timestamp'>17:23:06</td>
																	<td class='step-details'>Actual value is  matching with Expected Value: Enter and Validate Porting Numbers</td>
																</tr>
																<tr>
																	<td class='status pass' title='pass' alt='pass'><i class='mdi-action-check-circle'></i></td>
																	<td class='timestamp'>17:23:06</td>
																	<td class='step-details'>Actual value is  matching with Expected Value: Order only</td>
																</tr>
																<tr>
																	<td class='status pass' title='pass' alt='pass'><i class='mdi-action-check-circle'></i></td>
																	<td class='timestamp'>17:23:06</td>
																	<td class='step-details'>PortIn is created for 5274208498</td>
																</tr>
																<tr>
																	<td class='status pass' title='pass' alt='pass'><i class='mdi-action-check-circle'></i></td>
																	<td class='timestamp'>17:24:22</td>
																	<td class='step-details'>PortIn is selected Date: 5/30/2022</td>
																</tr>
																<tr>
																	<td class='status pass' title='pass' alt='pass'><i class='mdi-action-check-circle'></i></td>
																	<td class='timestamp'>17:24:30</td>
																	<td class='step-details'>PortIn ProjectID: PID-5274208498409</td>
																</tr>
																<tr>
																	<td class='status info' title='info' alt='info'><i class='mdi-action-info-outline'></i></td>
																	<td class='timestamp'>17:24:33</td>
																	<td class='step-details'>Updated file : Test.pdf</td>
																</tr>
																<tr>
																	<td class='status pass' title='pass' alt='pass'><i class='mdi-action-check-circle'></i></td>
																	<td class='timestamp'>17:24:41</td>
																	<td class='step-details'>AccountName : AccountName50</td>
																</tr>
																<tr>
																	<td class='status pass' title='pass' alt='pass'><i class='mdi-action-check-circle'></i></td>
																	<td class='timestamp'>17:24:50</td>
																	<td class='step-details'>Account Number : 00932387441</td>
																</tr>
																<tr>
																	<td class='status pass' title='pass' alt='pass'><i class='mdi-action-check-circle'></i></td>
																	<td class='timestamp'>17:25:18</td>
																	<td class='step-details'>Billing Telephone : 0139406507</td>
																</tr>
																<tr>
																	<td class='status info' title='info' alt='info'><i class='mdi-action-info-outline'></i></td>
																	<td class='timestamp'>17:26:03</td>
																	<td class='step-details'>org.openqa.selenium.NoSuchElementException: no such element: Unable to locate element: {"method":"xpath","selector":"//input[@placeholder='Search orders by project id or phone number']"}
  (Session info: chrome=100.0.4896.127)
For documentation on this error, please visit: https://www.seleniumhq.org/exceptions/no_such_element.html
Build info: version: '3.141.59', revision: 'e82be7d358', time: '2018-11-14T08:25:53'
System info: host: 'LAPTOP-EHJA3SCC', ip: '10.212.212.150', os.name: 'Windows 10', os.arch: 'amd64', os.version: '10.0', java.version: '1.8.0_271'
Driver info: org.openqa.selenium.chrome.ChromeDriver
Capabilities {acceptInsecureCerts: false, browserName: chrome, browserVersion: 100.0.4896.127, chrome: {chromedriverVersion: 100.0.4896.60 (6a5d10861ce8..., userDataDir: C:\Users\Prati\AppData\Loca...}, goog:chromeOptions: {debuggerAddress: localhost:61703}, javascriptEnabled: true, networkConnectionEnabled: false, pageLoadStrategy: none, platform: WINDOWS, platformName: WINDOWS, proxy: Proxy(), setWindowRect: true, strictFileInteractability: false, timeouts: {implicit: 0, pageLoad: 300000, script: 30000}, unhandledPromptBehavior: dismiss and notify, webauthn:extension:credBlob: true, webauthn:extension:largeBlob: true, webauthn:virtualAuthenticators: true}
Session ID: 274df5efe57fe9c9007035d1101c8197
*** Element info: {Using=xpath, value=//input[@placeholder='Search orders by project id or phone number']}</td>
																</tr>
																<tr>
																	<td class='status info' title='info' alt='info'><i class='mdi-action-info-outline'></i></td>
																	<td class='timestamp'>17:26:04</td>
																	<td class='step-details'>ScreenShot is accessible in D:\Pratik\ATLC2804\QA-Automation/Execution Status/ScreenShots/Element 04_28_2022ThuApr28172604IST20220428172610000000074821685.png</td>
																</tr>
																<tr>
																	<td class='status warning' title='warning' alt='warning'><i class='mdi-alert-warning'></i></td>
																	<td class='timestamp'>17:26:04</td>
																	<td class='step-details'><a href='D:\Pratik\ATLC2804\QA-Automation\Execution Status\ScreenShots\Element 04_28_2022ThuApr28172604IST20220428172610000000074821685.png' data-featherlight='image'><img class='report-img' src='file:///D:\Pratik\ATLC2804\QA-Automation\Execution Status\ScreenShots\Element 04_28_2022ThuApr28172604IST20220428172610000000074821685.png' /></a></td>
																</tr>
																<tr>
																	<td class='status warning' title='warning' alt='warning'><i class='mdi-alert-warning'></i></td>
																	<td class='timestamp'>17:26:34</td>
																	<td class='step-details'>Proxy element for: DefaultElementLocator 'By.xpath: //input[@placeholder='Search orders by project id or phone number']' is not accessible</td>
																</tr>
																<tr>
																	<td class='status info' title='info' alt='info'><i class='mdi-action-info-outline'></i></td>
																	<td class='timestamp'>17:27:04</td>
																	<td class='step-details'>ScreenShot is accessible in D:\Pratik\ATLC2804\QA-Automation/Execution Status/ScreenShots/testPortInPreOrderAndOrderWithOutCSR 04_28_2022ThuApr28172704IST202204281727100000000534214787.png</td>
																</tr>
																<tr>
																	<td class='status fail' title='fail' alt='fail'><i class='mdi-navigation-cancel'></i></td>
																	<td class='timestamp'>17:27:04</td>
																	<td class='step-details'>org.openqa.selenium.NoSuchElementException: no such element: Unable to locate element: {"method":"xpath","selector":"//button[@type='submit']"}
  (Session info: chrome=100.0.4896.127)
For documentation on this error, please visit: https://www.seleniumhq.org/exceptions/no_such_element.html
Build info: version: '3.141.59', revision: 'e82be7d358', time: '2018-11-14T08:25:53'
System info: host: 'LAPTOP-EHJA3SCC', ip: '10.212.212.150', os.name: 'Windows 10', os.arch: 'amd64', os.version: '10.0', java.version: '1.8.0_271'
Driver info: org.openqa.selenium.chrome.ChromeDriver
Capabilities {acceptInsecureCerts: false, browserName: chrome, browserVersion: 100.0.4896.127, chrome: {chromedriverVersion: 100.0.4896.60 (6a5d10861ce8..., userDataDir: C:\Users\Prati\AppData\Loca...}, goog:chromeOptions: {debuggerAddress: localhost:61703}, javascriptEnabled: true, networkConnectionEnabled: false, pageLoadStrategy: none, platform: WINDOWS, platformName: WINDOWS, proxy: Proxy(), setWindowRect: true, strictFileInteractability: false, timeouts: {implicit: 0, pageLoad: 300000, script: 30000}, unhandledPromptBehavior: dismiss and notify, webauthn:extension:credBlob: true, webauthn:extension:largeBlob: true, webauthn:virtualAuthenticators: true}
Session ID: 274df5efe57fe9c9007035d1101c8197
*** Element info: {Using=xpath, value=//button[@type='submit']}</td>
																</tr>
																<tr>
																	<td class='status fail' title='fail' alt='fail'><i class='mdi-navigation-cancel'></i></td>
																	<td class='timestamp'>17:27:04</td>
																	<td class='step-details'><a href='D:\Pratik\ATLC2804\QA-Automation\Execution Status\ScreenShots\testPortInPreOrderAndOrderWithOutCSR 04_28_2022ThuApr28172704IST202204281727100000000534214787.png' data-featherlight='image'><img class='report-img' src='file:///D:\Pratik\ATLC2804\QA-Automation\Execution Status\ScreenShots\testPortInPreOrderAndOrderWithOutCSR 04_28_2022ThuApr28172704IST202204281727100000000534214787.png' /></a></td>
																</tr>
																<tr>
																	<td class='status fail' title='fail' alt='fail'><i class='mdi-navigation-cancel'></i></td>
																	<td class='timestamp'>17:27:04</td>
																	<td class='step-details'>com.modules.orders.dashboard.PortInPreOrderAndOrderWithOutCSRTest is Failed</td>
																</tr>
														</tbody>
													</table>
													<ul class='collapsible node-list' data-collapsible='accordion'>
													</ul>
												</div>
											</div>
										</li>
										<li class='collection-item test displayed active fail ' extentid='0f18e5bd-0183-4762-8c2b-17e1ea58d3aa'>
											<div class='test-head'>
												<span class='test-name'>Test Reject Port-in PreOrder(CSR Stage) </span>
												<span class='test-status label right outline capitalize fail'>fail</span>
												<span class='category-assigned hide '></span>
											</div>
											<div class='test-body'>
												<div class='test-info'>
													<span title='Test started time' alt='Test started time' class='test-started-time label green lighten-1 text-white'>2022-04-28 17:27:04</span>
													<span title='Test ended time' alt='Test ended time' class='test-ended-time label red lighten-1 text-white'>2022-04-28 17:33:58</span>
													<span title='Time taken to finish' alt='Time taken to finish' class='test-time-taken label blue-grey lighten-3 text-white'>0h 6m 53s+961ms</span>
												</div>
												<div class='test-desc'></div>
												<div class='test-attributes'>
												</div>
												<div class='test-steps'>
													<table class='bordered table-results'>
														<thead>
															<tr>
																<th>Status</th>
																<th>Timestamp</th>
																<th>Details</th>
															</tr>
														</thead>
														<tbody>
																<tr>
																	<td class='status pass' title='pass' alt='pass'><i class='mdi-action-check-circle'></i></td>
																	<td class='timestamp'>17:27:23</td>
																	<td class='step-details'>Navigate To Dashboard</td>
																</tr>
																<tr>
																	<td class='status pass' title='pass' alt='pass'><i class='mdi-action-check-circle'></i></td>
																	<td class='timestamp'>17:27:37</td>
																	<td class='step-details'>Clicked on Create</td>
																</tr>
																<tr>
																	<td class='status pass' title='pass' alt='pass'><i class='mdi-action-check-circle'></i></td>
																	<td class='timestamp'>17:27:44</td>
																	<td class='step-details'>Selected PortIn option</td>
																</tr>
																<tr>
																	<td class='status pass' title='pass' alt='pass'><i class='mdi-action-check-circle'></i></td>
																	<td class='timestamp'>17:27:50</td>
																	<td class='step-details'>Title is matching: Port in</td>
																</tr>
																<tr>
																	<td class='status pass' title='pass' alt='pass'><i class='mdi-action-check-circle'></i></td>
																	<td class='timestamp'>17:27:57</td>
																	<td class='step-details'>Entered new PortNumber</td>
																</tr>
																<tr>
																	<td class='status pass' title='pass' alt='pass'><i class='mdi-action-check-circle'></i></td>
																	<td class='timestamp'>17:29:38</td>
																	<td class='step-details'>Actual value is  matching with Expected Value: Create</td>
																</tr>
																<tr>
																	<td class='status pass' title='pass' alt='pass'><i class='mdi-action-check-circle'></i></td>
																	<td class='timestamp'>17:29:38</td>
																	<td class='step-details'>Verified portIn Page Title</td>
																</tr>
																<tr>
																	<td class='status pass' title='pass' alt='pass'><i class='mdi-action-check-circle'></i></td>
																	<td class='timestamp'>17:29:38</td>
																	<td class='step-details'>Actual value is  matching with Expected Value: Enter and Validate Porting Numbers</td>
																</tr>
																<tr>
																	<td class='status pass' title='pass' alt='pass'><i class='mdi-action-check-circle'></i></td>
																	<td class='timestamp'>17:29:38</td>
																	<td class='step-details'>Actual value is  matching with Expected Value: Order only</td>
																</tr>
																<tr>
																	<td class='status pass' title='pass' alt='pass'><i class='mdi-action-check-circle'></i></td>
																	<td class='timestamp'>17:29:38</td>
																	<td class='step-details'>PortIn is created for 5274208499</td>
																</tr>
																<tr>
																	<td class='status pass' title='pass' alt='pass'><i class='mdi-action-check-circle'></i></td>
																	<td class='timestamp'>17:30:53</td>
																	<td class='step-details'>PortIn is selected Date: 5/27/2022</td>
																</tr>
																<tr>
																	<td class='status pass' title='pass' alt='pass'><i class='mdi-action-check-circle'></i></td>
																	<td class='timestamp'>17:31:24</td>
																	<td class='step-details'>PortIn ProjectID: PID-5274208499784</td>
																</tr>
																<tr>
																	<td class='status info' title='info' alt='info'><i class='mdi-action-info-outline'></i></td>
																	<td class='timestamp'>17:31:26</td>
																	<td class='step-details'>Updated file : Test.pdf</td>
																</tr>
																<tr>
																	<td class='status pass' title='pass' alt='pass'><i class='mdi-action-check-circle'></i></td>
																	<td class='timestamp'>17:31:35</td>
																	<td class='step-details'>AccountName : AccountName965</td>
																</tr>
																<tr>
																	<td class='status pass' title='pass' alt='pass'><i class='mdi-action-check-circle'></i></td>
																	<td class='timestamp'>17:31:44</td>
																	<td class='step-details'>Account Number : 00010745923</td>
																</tr>
																<tr>
																	<td class='status pass' title='pass' alt='pass'><i class='mdi-action-check-circle'></i></td>
																	<td class='timestamp'>17:32:12</td>
																	<td class='step-details'>Billing Telephone : 0085168042</td>
																</tr>
																<tr>
																	<td class='status info' title='info' alt='info'><i class='mdi-action-info-outline'></i></td>
																	<td class='timestamp'>17:32:57</td>
																	<td class='step-details'>org.openqa.selenium.NoSuchElementException: no such element: Unable to locate element: {"method":"xpath","selector":"//input[@placeholder='Search orders by project id or phone number']"}
  (Session info: chrome=100.0.4896.127)
For documentation on this error, please visit: https://www.seleniumhq.org/exceptions/no_such_element.html
Build info: version: '3.141.59', revision: 'e82be7d358', time: '2018-11-14T08:25:53'
System info: host: 'LAPTOP-EHJA3SCC', ip: '10.212.212.150', os.name: 'Windows 10', os.arch: 'amd64', os.version: '10.0', java.version: '1.8.0_271'
Driver info: org.openqa.selenium.chrome.ChromeDriver
Capabilities {acceptInsecureCerts: false, browserName: chrome, browserVersion: 100.0.4896.127, chrome: {chromedriverVersion: 100.0.4896.60 (6a5d10861ce8..., userDataDir: C:\Users\Prati\AppData\Loca...}, goog:chromeOptions: {debuggerAddress: localhost:61703}, javascriptEnabled: true, networkConnectionEnabled: false, pageLoadStrategy: none, platform: WINDOWS, platformName: WINDOWS, proxy: Proxy(), setWindowRect: true, strictFileInteractability: false, timeouts: {implicit: 0, pageLoad: 300000, script: 30000}, unhandledPromptBehavior: dismiss and notify, webauthn:extension:credBlob: true, webauthn:extension:largeBlob: true, webauthn:virtualAuthenticators: true}
Session ID: 274df5efe57fe9c9007035d1101c8197
*** Element info: {Using=xpath, value=//input[@placeholder='Search orders by project id or phone number']}</td>
																</tr>
																<tr>
																	<td class='status info' title='info' alt='info'><i class='mdi-action-info-outline'></i></td>
																	<td class='timestamp'>17:32:58</td>
																	<td class='step-details'>ScreenShot is accessible in D:\Pratik\ATLC2804\QA-Automation/Execution Status/ScreenShots/Element 04_28_2022ThuApr28173258IST20220428173210000000013398420.png</td>
																</tr>
																<tr>
																	<td class='status warning' title='warning' alt='warning'><i class='mdi-alert-warning'></i></td>
																	<td class='timestamp'>17:32:58</td>
																	<td class='step-details'><a href='D:\Pratik\ATLC2804\QA-Automation\Execution Status\ScreenShots\Element 04_28_2022ThuApr28173258IST20220428173210000000013398420.png' data-featherlight='image'><img class='report-img' src='file:///D:\Pratik\ATLC2804\QA-Automation\Execution Status\ScreenShots\Element 04_28_2022ThuApr28173258IST20220428173210000000013398420.png' /></a></td>
																</tr>
																<tr>
																	<td class='status warning' title='warning' alt='warning'><i class='mdi-alert-warning'></i></td>
																	<td class='timestamp'>17:33:28</td>
																	<td class='step-details'>Proxy element for: DefaultElementLocator 'By.xpath: //input[@placeholder='Search orders by project id or phone number']' is not accessible</td>
																</tr>
																<tr>
																	<td class='status info' title='info' alt='info'><i class='mdi-action-info-outline'></i></td>
																	<td class='timestamp'>17:33:58</td>
																	<td class='step-details'>ScreenShot is accessible in D:\Pratik\ATLC2804\QA-Automation/Execution Status/ScreenShots/testRejectPortInPreOrderAtCSRStage 04_28_2022ThuApr28173358IST20220428173310000000066443193.png</td>
																</tr>
																<tr>
																	<td class='status fail' title='fail' alt='fail'><i class='mdi-navigation-cancel'></i></td>
																	<td class='timestamp'>17:33:58</td>
																	<td class='step-details'>org.openqa.selenium.NoSuchElementException: no such element: Unable to locate element: {"method":"xpath","selector":"//button[@type='submit']"}
  (Session info: chrome=100.0.4896.127)
For documentation on this error, please visit: https://www.seleniumhq.org/exceptions/no_such_element.html
Build info: version: '3.141.59', revision: 'e82be7d358', time: '2018-11-14T08:25:53'
System info: host: 'LAPTOP-EHJA3SCC', ip: '10.212.212.150', os.name: 'Windows 10', os.arch: 'amd64', os.version: '10.0', java.version: '1.8.0_271'
Driver info: org.openqa.selenium.chrome.ChromeDriver
Capabilities {acceptInsecureCerts: false, browserName: chrome, browserVersion: 100.0.4896.127, chrome: {chromedriverVersion: 100.0.4896.60 (6a5d10861ce8..., userDataDir: C:\Users\Prati\AppData\Loca...}, goog:chromeOptions: {debuggerAddress: localhost:61703}, javascriptEnabled: true, networkConnectionEnabled: false, pageLoadStrategy: none, platform: WINDOWS, platformName: WINDOWS, proxy: Proxy(), setWindowRect: true, strictFileInteractability: false, timeouts: {implicit: 0, pageLoad: 300000, script: 30000}, unhandledPromptBehavior: dismiss and notify, webauthn:extension:credBlob: true, webauthn:extension:largeBlob: true, webauthn:virtualAuthenticators: true}
Session ID: 274df5efe57fe9c9007035d1101c8197
*** Element info: {Using=xpath, value=//button[@type='submit']}</td>
																</tr>
																<tr>
																	<td class='status fail' title='fail' alt='fail'><i class='mdi-navigation-cancel'></i></td>
																	<td class='timestamp'>17:33:58</td>
																	<td class='step-details'><a href='D:\Pratik\ATLC2804\QA-Automation\Execution Status\ScreenShots\testRejectPortInPreOrderAtCSRStage 04_28_2022ThuApr28173358IST20220428173310000000066443193.png' data-featherlight='image'><img class='report-img' src='file:///D:\Pratik\ATLC2804\QA-Automation\Execution Status\ScreenShots\testRejectPortInPreOrderAtCSRStage 04_28_2022ThuApr28173358IST20220428173310000000066443193.png' /></a></td>
																</tr>
																<tr>
																	<td class='status fail' title='fail' alt='fail'><i class='mdi-navigation-cancel'></i></td>
																	<td class='timestamp'>17:33:58</td>
																	<td class='step-details'>com.modules.orders.dashboard.RejectPortInPreOrderAtCSRStageTest is Failed</td>
																</tr>
														</tbody>
													</table>
													<ul class='collapsible node-list' data-collapsible='accordion'>
													</ul>
												</div>
											</div>
										</li>
										<li class='collection-item test displayed active fail ' extentid='ed351628-cb73-44f1-92d7-6cc43a160167'>
											<div class='test-head'>
												<span class='test-name'>Test Reject Port-in PreOrder(LSRStage) </span>
												<span class='test-status label right outline capitalize fail'>fail</span>
												<span class='category-assigned hide '></span>
											</div>
											<div class='test-body'>
												<div class='test-info'>
													<span title='Test started time' alt='Test started time' class='test-started-time label green lighten-1 text-white'>2022-04-28 17:33:58</span>
													<span title='Test ended time' alt='Test ended time' class='test-ended-time label red lighten-1 text-white'>2022-04-28 17:37:01</span>
													<span title='Time taken to finish' alt='Time taken to finish' class='test-time-taken label blue-grey lighten-3 text-white'>0h 3m 3s+83ms</span>
												</div>
												<div class='test-desc'></div>
												<div class='test-attributes'>
												</div>
												<div class='test-steps'>
													<table class='bordered table-results'>
														<thead>
															<tr>
																<th>Status</th>
																<th>Timestamp</th>
																<th>Details</th>
															</tr>
														</thead>
														<tbody>
																<tr>
																	<td class='status pass' title='pass' alt='pass'><i class='mdi-action-check-circle'></i></td>
																	<td class='timestamp'>17:34:17</td>
																	<td class='step-details'>Navigate To Dashboard</td>
																</tr>
																<tr>
																	<td class='status pass' title='pass' alt='pass'><i class='mdi-action-check-circle'></i></td>
																	<td class='timestamp'>17:34:31</td>
																	<td class='step-details'>Clicked on Create</td>
																</tr>
																<tr>
																	<td class='status pass' title='pass' alt='pass'><i class='mdi-action-check-circle'></i></td>
																	<td class='timestamp'>17:34:37</td>
																	<td class='step-details'>Selected PortIn option</td>
																</tr>
																<tr>
																	<td class='status pass' title='pass' alt='pass'><i class='mdi-action-check-circle'></i></td>
																	<td class='timestamp'>17:34:44</td>
																	<td class='step-details'>Title is matching: Port in</td>
																</tr>
																<tr>
																	<td class='status pass' title='pass' alt='pass'><i class='mdi-action-check-circle'></i></td>
																	<td class='timestamp'>17:34:50</td>
																	<td class='step-details'>Entered new PortNumber</td>
																</tr>
																<tr>
																	<td class='status info' title='info' alt='info'><i class='mdi-action-info-outline'></i></td>
																	<td class='timestamp'>17:37:01</td>
																	<td class='step-details'>ScreenShot is accessible in D:\Pratik\ATLC2804\QA-Automation/Execution Status/ScreenShots/testRejectPortInPreOrderAtLSRStage 04_28_2022ThuApr28173701IST202204281737100000000450082421.png</td>
																</tr>
																<tr>
																	<td class='status fail' title='fail' alt='fail'><i class='mdi-navigation-cancel'></i></td>
																	<td class='timestamp'>17:37:01</td>
																	<td class='step-details'>org.openqa.selenium.NoSuchElementException: no such element: Unable to locate element: {"method":"xpath","selector":"//span[@class='pc-breadcrumb-item']"}
  (Session info: chrome=100.0.4896.127)
For documentation on this error, please visit: https://www.seleniumhq.org/exceptions/no_such_element.html
Build info: version: '3.141.59', revision: 'e82be7d358', time: '2018-11-14T08:25:53'
System info: host: 'LAPTOP-EHJA3SCC', ip: '10.212.212.150', os.name: 'Windows 10', os.arch: 'amd64', os.version: '10.0', java.version: '1.8.0_271'
Driver info: org.openqa.selenium.chrome.ChromeDriver
Capabilities {acceptInsecureCerts: false, browserName: chrome, browserVersion: 100.0.4896.127, chrome: {chromedriverVersion: 100.0.4896.60 (6a5d10861ce8..., userDataDir: C:\Users\Prati\AppData\Loca...}, goog:chromeOptions: {debuggerAddress: localhost:61703}, javascriptEnabled: true, networkConnectionEnabled: false, pageLoadStrategy: none, platform: WINDOWS, platformName: WINDOWS, proxy: Proxy(), setWindowRect: true, strictFileInteractability: false, timeouts: {implicit: 0, pageLoad: 300000, script: 30000}, unhandledPromptBehavior: dismiss and notify, webauthn:extension:credBlob: true, webauthn:extension:largeBlob: true, webauthn:virtualAuthenticators: true}
Session ID: 274df5efe57fe9c9007035d1101c8197
*** Element info: {Using=xpath, value=//span[@class='pc-breadcrumb-item']}</td>
																</tr>
																<tr>
																	<td class='status fail' title='fail' alt='fail'><i class='mdi-navigation-cancel'></i></td>
																	<td class='timestamp'>17:37:01</td>
																	<td class='step-details'><a href='D:\Pratik\ATLC2804\QA-Automation\Execution Status\ScreenShots\testRejectPortInPreOrderAtLSRStage 04_28_2022ThuApr28173701IST202204281737100000000450082421.png' data-featherlight='image'><img class='report-img' src='file:///D:\Pratik\ATLC2804\QA-Automation\Execution Status\ScreenShots\testRejectPortInPreOrderAtLSRStage 04_28_2022ThuApr28173701IST202204281737100000000450082421.png' /></a></td>
																</tr>
																<tr>
																	<td class='status fail' title='fail' alt='fail'><i class='mdi-navigation-cancel'></i></td>
																	<td class='timestamp'>17:37:01</td>
																	<td class='step-details'>com.modules.orders.dashboard.RejectPortInPreOrderAtLSRStageTest is Failed</td>
																</tr>
														</tbody>
													</table>
													<ul class='collapsible node-list' data-collapsible='accordion'>
													</ul>
												</div>
											</div>
										</li>
										<li class='collection-item test displayed active warning ' extentid='251ef650-a3d2-4537-aa55-f8ec708662bc'>
											<div class='test-head'>
												<span class='test-name'>Test QuerySV </span>
												<span class='test-status label right outline capitalize warning'>warning</span>
												<span class='category-assigned hide '></span>
											</div>
											<div class='test-body'>
												<div class='test-info'>
													<span title='Test started time' alt='Test started time' class='test-started-time label green lighten-1 text-white'>2022-04-28 17:37:01</span>
													<span title='Test ended time' alt='Test ended time' class='test-ended-time label red lighten-1 text-white'>2022-04-28 17:43:49</span>
													<span title='Time taken to finish' alt='Time taken to finish' class='test-time-taken label blue-grey lighten-3 text-white'>0h 6m 48s+91ms</span>
												</div>
												<div class='test-desc'></div>
												<div class='test-attributes'>
												</div>
												<div class='test-steps'>
													<table class='bordered table-results'>
														<thead>
															<tr>
																<th>Status</th>
																<th>Timestamp</th>
																<th>Details</th>
															</tr>
														</thead>
														<tbody>
																<tr>
																	<td class='status info' title='info' alt='info'><i class='mdi-action-info-outline'></i></td>
																	<td class='timestamp'>17:38:10</td>
																	<td class='step-details'>org.openqa.selenium.TimeoutException: Expected condition failed: waiting for visibility of [[ChromeDriver: chrome on WINDOWS (274df5efe57fe9c9007035d1101c8197)] -> xpath: (//span[@class = 'nav-link-text'])[5]] (tried for 50 second(s) with 500 milliseconds interval)
Build info: version: '3.141.59', revision: 'e82be7d358', time: '2018-11-14T08:25:53'
System info: host: 'LAPTOP-EHJA3SCC', ip: '10.212.212.150', os.name: 'Windows 10', os.arch: 'amd64', os.version: '10.0', java.version: '1.8.0_271'
Driver info: org.openqa.selenium.chrome.ChromeDriver
Capabilities {acceptInsecureCerts: false, browserName: chrome, browserVersion: 100.0.4896.127, chrome: {chromedriverVersion: 100.0.4896.60 (6a5d10861ce8..., userDataDir: C:\Users\Prati\AppData\Loca...}, goog:chromeOptions: {debuggerAddress: localhost:61703}, javascriptEnabled: true, networkConnectionEnabled: false, pageLoadStrategy: none, platform: WINDOWS, platformName: WINDOWS, proxy: Proxy(), setWindowRect: true, strictFileInteractability: false, timeouts: {implicit: 0, pageLoad: 300000, script: 30000}, unhandledPromptBehavior: dismiss and notify, webauthn:extension:credBlob: true, webauthn:extension:largeBlob: true, webauthn:virtualAuthenticators: true}
Session ID: 274df5efe57fe9c9007035d1101c8197</td>
																</tr>
																<tr>
																	<td class='status info' title='info' alt='info'><i class='mdi-action-info-outline'></i></td>
																	<td class='timestamp'>17:38:10</td>
																	<td class='step-details'>ScreenShot is accessible in D:\Pratik\ATLC2804\QA-Automation/Execution Status/ScreenShots/Element 04_28_2022ThuApr28173810IST202204281738100000000482939232.png</td>
																</tr>
																<tr>
																	<td class='status warning' title='warning' alt='warning'><i class='mdi-alert-warning'></i></td>
																	<td class='timestamp'>17:38:10</td>
																	<td class='step-details'><a href='D:\Pratik\ATLC2804\QA-Automation\Execution Status\ScreenShots\Element 04_28_2022ThuApr28173810IST202204281738100000000482939232.png' data-featherlight='image'><img class='report-img' src='file:///D:\Pratik\ATLC2804\QA-Automation\Execution Status\ScreenShots\Element 04_28_2022ThuApr28173810IST202204281738100000000482939232.png' /></a></td>
																</tr>
																<tr>
																	<td class='status warning' title='warning' alt='warning'><i class='mdi-alert-warning'></i></td>
																	<td class='timestamp'>17:38:10</td>
																	<td class='step-details'>[[ChromeDriver: chrome on WINDOWS (274df5efe57fe9c9007035d1101c8197)] -> xpath: (//span[@class = 'nav-link-text'])[5]] is not accessible</td>
																</tr>
																<tr>
																	<td class='status pass' title='pass' alt='pass'><i class='mdi-action-check-circle'></i></td>
																	<td class='timestamp'>17:38:10</td>
																	<td class='step-details'>Navigate To Query</td>
																</tr>
																<tr>
																	<td class='status info' title='info' alt='info'><i class='mdi-action-info-outline'></i></td>
																	<td class='timestamp'>17:38:52</td>
																	<td class='step-details'>org.openqa.selenium.NoSuchElementException: no such element: Unable to locate element: {"method":"xpath","selector":"//button[text()='Create']"}
  (Session info: chrome=100.0.4896.127)
For documentation on this error, please visit: https://www.seleniumhq.org/exceptions/no_such_element.html
Build info: version: '3.141.59', revision: 'e82be7d358', time: '2018-11-14T08:25:53'
System info: host: 'LAPTOP-EHJA3SCC', ip: '10.212.212.150', os.name: 'Windows 10', os.arch: 'amd64', os.version: '10.0', java.version: '1.8.0_271'
Driver info: org.openqa.selenium.chrome.ChromeDriver
Capabilities {acceptInsecureCerts: false, browserName: chrome, browserVersion: 100.0.4896.127, chrome: {chromedriverVersion: 100.0.4896.60 (6a5d10861ce8..., userDataDir: C:\Users\Prati\AppData\Loca...}, goog:chromeOptions: {debuggerAddress: localhost:61703}, javascriptEnabled: true, networkConnectionEnabled: false, pageLoadStrategy: none, platform: WINDOWS, platformName: WINDOWS, proxy: Proxy(), setWindowRect: true, strictFileInteractability: false, timeouts: {implicit: 0, pageLoad: 300000, script: 30000}, unhandledPromptBehavior: dismiss and notify, webauthn:extension:credBlob: true, webauthn:extension:largeBlob: true, webauthn:virtualAuthenticators: true}
Session ID: 274df5efe57fe9c9007035d1101c8197
*** Element info: {Using=xpath, value=//button[text()='Create']}</td>
																</tr>
																<tr>
																	<td class='status info' title='info' alt='info'><i class='mdi-action-info-outline'></i></td>
																	<td class='timestamp'>17:38:52</td>
																	<td class='step-details'>ScreenShot is accessible in D:\Pratik\ATLC2804\QA-Automation/Execution Status/ScreenShots/Element 04_28_2022ThuApr28173852IST202204281738100000000604558557.png</td>
																</tr>
																<tr>
																	<td class='status warning' title='warning' alt='warning'><i class='mdi-alert-warning'></i></td>
																	<td class='timestamp'>17:38:52</td>
																	<td class='step-details'><a href='D:\Pratik\ATLC2804\QA-Automation\Execution Status\ScreenShots\Element 04_28_2022ThuApr28173852IST202204281738100000000604558557.png' data-featherlight='image'><img class='report-img' src='file:///D:\Pratik\ATLC2804\QA-Automation\Execution Status\ScreenShots\Element 04_28_2022ThuApr28173852IST202204281738100000000604558557.png' /></a></td>
																</tr>
																<tr>
																	<td class='status warning' title='warning' alt='warning'><i class='mdi-alert-warning'></i></td>
																	<td class='timestamp'>17:39:22</td>
																	<td class='step-details'>Proxy element for: DefaultElementLocator 'By.xpath: //button[text()='Create']' is not accessible</td>
																</tr>
																<tr>
																	<td class='status pass' title='pass' alt='pass'><i class='mdi-action-check-circle'></i></td>
																	<td class='timestamp'>17:39:22</td>
																	<td class='step-details'>Click on Query create</td>
																</tr>
																<tr>
																	<td class='status info' title='info' alt='info'><i class='mdi-action-info-outline'></i></td>
																	<td class='timestamp'>17:39:58</td>
																	<td class='step-details'>org.openqa.selenium.NoSuchElementException: no such element: Unable to locate element: {"method":"xpath","selector":"//small[text()='Query']"}
  (Session info: chrome=100.0.4896.127)
For documentation on this error, please visit: https://www.seleniumhq.org/exceptions/no_such_element.html
Build info: version: '3.141.59', revision: 'e82be7d358', time: '2018-11-14T08:25:53'
System info: host: 'LAPTOP-EHJA3SCC', ip: '10.212.212.150', os.name: 'Windows 10', os.arch: 'amd64', os.version: '10.0', java.version: '1.8.0_271'
Driver info: org.openqa.selenium.chrome.ChromeDriver
Capabilities {acceptInsecureCerts: false, browserName: chrome, browserVersion: 100.0.4896.127, chrome: {chromedriverVersion: 100.0.4896.60 (6a5d10861ce8..., userDataDir: C:\Users\Prati\AppData\Loca...}, goog:chromeOptions: {debuggerAddress: localhost:61703}, javascriptEnabled: true, networkConnectionEnabled: false, pageLoadStrategy: none, platform: WINDOWS, platformName: WINDOWS, proxy: Proxy(), setWindowRect: true, strictFileInteractability: false, timeouts: {implicit: 0, pageLoad: 300000, script: 30000}, unhandledPromptBehavior: dismiss and notify, webauthn:extension:credBlob: true, webauthn:extension:largeBlob: true, webauthn:virtualAuthenticators: true}
Session ID: 274df5efe57fe9c9007035d1101c8197
*** Element info: {Using=xpath, value=//small[text()='Query']}</td>
																</tr>
																<tr>
																	<td class='status info' title='info' alt='info'><i class='mdi-action-info-outline'></i></td>
																	<td class='timestamp'>17:39:59</td>
																	<td class='step-details'>ScreenShot is accessible in D:\Pratik\ATLC2804\QA-Automation/Execution Status/ScreenShots/Element 04_28_2022ThuApr28173959IST202204281739100000000776464162.png</td>
																</tr>
																<tr>
																	<td class='status warning' title='warning' alt='warning'><i class='mdi-alert-warning'></i></td>
																	<td class='timestamp'>17:39:59</td>
																	<td class='step-details'><a href='D:\Pratik\ATLC2804\QA-Automation\Execution Status\ScreenShots\Element 04_28_2022ThuApr28173959IST202204281739100000000776464162.png' data-featherlight='image'><img class='report-img' src='file:///D:\Pratik\ATLC2804\QA-Automation\Execution Status\ScreenShots\Element 04_28_2022ThuApr28173959IST202204281739100000000776464162.png' /></a></td>
																</tr>
																<tr>
																	<td class='status warning' title='warning' alt='warning'><i class='mdi-alert-warning'></i></td>
																	<td class='timestamp'>17:40:29</td>
																	<td class='step-details'>Proxy element for: DefaultElementLocator 'By.xpath: //small[text()='Query']' is not accessible</td>
																</tr>
																<tr>
																	<td class='status pass' title='pass' alt='pass'><i class='mdi-action-check-circle'></i></td>
																	<td class='timestamp'>17:40:29</td>
																	<td class='step-details'>Click on Query</td>
																</tr>
																<tr>
																	<td class='status info' title='info' alt='info'><i class='mdi-action-info-outline'></i></td>
																	<td class='timestamp'>17:41:05</td>
																	<td class='step-details'>org.openqa.selenium.NoSuchElementException: no such element: Unable to locate element: {"method":"xpath","selector":"//input[@placeholder='Name']"}
  (Session info: chrome=100.0.4896.127)
For documentation on this error, please visit: https://www.seleniumhq.org/exceptions/no_such_element.html
Build info: version: '3.141.59', revision: 'e82be7d358', time: '2018-11-14T08:25:53'
System info: host: 'LAPTOP-EHJA3SCC', ip: '10.212.212.150', os.name: 'Windows 10', os.arch: 'amd64', os.version: '10.0', java.version: '1.8.0_271'
Driver info: org.openqa.selenium.chrome.ChromeDriver
Capabilities {acceptInsecureCerts: false, browserName: chrome, browserVersion: 100.0.4896.127, chrome: {chromedriverVersion: 100.0.4896.60 (6a5d10861ce8..., userDataDir: C:\Users\Prati\AppData\Loca...}, goog:chromeOptions: {debuggerAddress: localhost:61703}, javascriptEnabled: true, networkConnectionEnabled: false, pageLoadStrategy: none, platform: WINDOWS, platformName: WINDOWS, proxy: Proxy(), setWindowRect: true, strictFileInteractability: false, timeouts: {implicit: 0, pageLoad: 300000, script: 30000}, unhandledPromptBehavior: dismiss and notify, webauthn:extension:credBlob: true, webauthn:extension:largeBlob: true, webauthn:virtualAuthenticators: true}
Session ID: 274df5efe57fe9c9007035d1101c8197
*** Element info: {Using=xpath, value=//input[@placeholder='Name']}</td>
																</tr>
																<tr>
																	<td class='status info' title='info' alt='info'><i class='mdi-action-info-outline'></i></td>
																	<td class='timestamp'>17:41:06</td>
																	<td class='step-details'>ScreenShot is accessible in D:\Pratik\ATLC2804\QA-Automation/Execution Status/ScreenShots/Element 04_28_2022ThuApr28174105IST202204281741100000000272914188.png</td>
																</tr>
																<tr>
																	<td class='status warning' title='warning' alt='warning'><i class='mdi-alert-warning'></i></td>
																	<td class='timestamp'>17:41:06</td>
																	<td class='step-details'><a href='D:\Pratik\ATLC2804\QA-Automation\Execution Status\ScreenShots\Element 04_28_2022ThuApr28174105IST202204281741100000000272914188.png' data-featherlight='image'><img class='report-img' src='file:///D:\Pratik\ATLC2804\QA-Automation\Execution Status\ScreenShots\Element 04_28_2022ThuApr28174105IST202204281741100000000272914188.png' /></a></td>
																</tr>
																<tr>
																	<td class='status warning' title='warning' alt='warning'><i class='mdi-alert-warning'></i></td>
																	<td class='timestamp'>17:41:36</td>
																	<td class='step-details'>Proxy element for: DefaultElementLocator 'By.xpath: //input[@placeholder='Name']' is not accessible</td>
																</tr>
																<tr>
																	<td class='status pass' title='pass' alt='pass'><i class='mdi-action-check-circle'></i></td>
																	<td class='timestamp'>17:41:36</td>
																	<td class='step-details'>Enter Query name: 5274208500</td>
																</tr>
																<tr>
																	<td class='status info' title='info' alt='info'><i class='mdi-action-info-outline'></i></td>
																	<td class='timestamp'>17:42:12</td>
																	<td class='step-details'>org.openqa.selenium.NoSuchElementException: no such element: Unable to locate element: {"method":"xpath","selector":"//input[@placeholder='Single or range']"}
  (Session info: chrome=100.0.4896.127)
For documentation on this error, please visit: https://www.seleniumhq.org/exceptions/no_such_element.html
Build info: version: '3.141.59', revision: 'e82be7d358', time: '2018-11-14T08:25:53'
System info: host: 'LAPTOP-EHJA3SCC', ip: '10.212.212.150', os.name: 'Windows 10', os.arch: 'amd64', os.version: '10.0', java.version: '1.8.0_271'
Driver info: org.openqa.selenium.chrome.ChromeDriver
Capabilities {acceptInsecureCerts: false, browserName: chrome, browserVersion: 100.0.4896.127, chrome: {chromedriverVersion: 100.0.4896.60 (6a5d10861ce8..., userDataDir: C:\Users\Prati\AppData\Loca...}, goog:chromeOptions: {debuggerAddress: localhost:61703}, javascriptEnabled: true, networkConnectionEnabled: false, pageLoadStrategy: none, platform: WINDOWS, platformName: WINDOWS, proxy: Proxy(), setWindowRect: true, strictFileInteractability: false, timeouts: {implicit: 0, pageLoad: 300000, script: 30000}, unhandledPromptBehavior: dismiss and notify, webauthn:extension:credBlob: true, webauthn:extension:largeBlob: true, webauthn:virtualAuthenticators: true}
Session ID: 274df5efe57fe9c9007035d1101c8197
*** Element info: {Using=xpath, value=//input[@placeholder='Single or range']}</td>
																</tr>
																<tr>
																	<td class='status info' title='info' alt='info'><i class='mdi-action-info-outline'></i></td>
																	<td class='timestamp'>17:42:12</td>
																	<td class='step-details'>ScreenShot is accessible in D:\Pratik\ATLC2804\QA-Automation/Execution Status/ScreenShots/Element 04_28_2022ThuApr28174212IST202204281742100000000735346092.png</td>
																</tr>
																<tr>
																	<td class='status warning' title='warning' alt='warning'><i class='mdi-alert-warning'></i></td>
																	<td class='timestamp'>17:42:12</td>
																	<td class='step-details'><a href='D:\Pratik\ATLC2804\QA-Automation\Execution Status\ScreenShots\Element 04_28_2022ThuApr28174212IST202204281742100000000735346092.png' data-featherlight='image'><img class='report-img' src='file:///D:\Pratik\ATLC2804\QA-Automation\Execution Status\ScreenShots\Element 04_28_2022ThuApr28174212IST202204281742100000000735346092.png' /></a></td>
																</tr>
																<tr>
																	<td class='status warning' title='warning' alt='warning'><i class='mdi-alert-warning'></i></td>
																	<td class='timestamp'>17:42:43</td>
																	<td class='step-details'>Proxy element for: DefaultElementLocator 'By.xpath: //input[@placeholder='Single or range']' is not accessible</td>
																</tr>
																<tr>
																	<td class='status pass' title='pass' alt='pass'><i class='mdi-action-check-circle'></i></td>
																	<td class='timestamp'>17:42:43</td>
																	<td class='step-details'>Enter Telephone: 5274208500</td>
																</tr>
																<tr>
																	<td class='status info' title='info' alt='info'><i class='mdi-action-info-outline'></i></td>
																	<td class='timestamp'>17:43:19</td>
																	<td class='step-details'>org.openqa.selenium.NoSuchElementException: no such element: Unable to locate element: {"method":"xpath","selector":"//button[.='Save']"}
  (Session info: chrome=100.0.4896.127)
For documentation on this error, please visit: https://www.seleniumhq.org/exceptions/no_such_element.html
Build info: version: '3.141.59', revision: 'e82be7d358', time: '2018-11-14T08:25:53'
System info: host: 'LAPTOP-EHJA3SCC', ip: '10.212.212.150', os.name: 'Windows 10', os.arch: 'amd64', os.version: '10.0', java.version: '1.8.0_271'
Driver info: org.openqa.selenium.chrome.ChromeDriver
Capabilities {acceptInsecureCerts: false, browserName: chrome, browserVersion: 100.0.4896.127, chrome: {chromedriverVersion: 100.0.4896.60 (6a5d10861ce8..., userDataDir: C:\Users\Prati\AppData\Loca...}, goog:chromeOptions: {debuggerAddress: localhost:61703}, javascriptEnabled: true, networkConnectionEnabled: false, pageLoadStrategy: none, platform: WINDOWS, platformName: WINDOWS, proxy: Proxy(), setWindowRect: true, strictFileInteractability: false, timeouts: {implicit: 0, pageLoad: 300000, script: 30000}, unhandledPromptBehavior: dismiss and notify, webauthn:extension:credBlob: true, webauthn:extension:largeBlob: true, webauthn:virtualAuthenticators: true}
Session ID: 274df5efe57fe9c9007035d1101c8197
*** Element info: {Using=xpath, value=//button[.='Save']}</td>
																</tr>
																<tr>
																	<td class='status info' title='info' alt='info'><i class='mdi-action-info-outline'></i></td>
																	<td class='timestamp'>17:43:19</td>
																	<td class='step-details'>ScreenShot is accessible in D:\Pratik\ATLC2804\QA-Automation/Execution Status/ScreenShots/Element 04_28_2022ThuApr28174319IST202204281743100000000630586162.png</td>
																</tr>
																<tr>
																	<td class='status warning' title='warning' alt='warning'><i class='mdi-alert-warning'></i></td>
																	<td class='timestamp'>17:43:19</td>
																	<td class='step-details'><a href='D:\Pratik\ATLC2804\QA-Automation\Execution Status\ScreenShots\Element 04_28_2022ThuApr28174319IST202204281743100000000630586162.png' data-featherlight='image'><img class='report-img' src='file:///D:\Pratik\ATLC2804\QA-Automation\Execution Status\ScreenShots\Element 04_28_2022ThuApr28174319IST202204281743100000000630586162.png' /></a></td>
																</tr>
																<tr>
																	<td class='status warning' title='warning' alt='warning'><i class='mdi-alert-warning'></i></td>
																	<td class='timestamp'>17:43:49</td>
																	<td class='step-details'>Proxy element for: DefaultElementLocator 'By.xpath: //button[.='Save']' is not accessible</td>
																</tr>
																<tr>
																	<td class='status pass' title='pass' alt='pass'><i class='mdi-action-check-circle'></i></td>
																	<td class='timestamp'>17:43:49</td>
																	<td class='step-details'>com.modules.orders.querySV.QuerySVTest is Passed</td>
																</tr>
														</tbody>
													</table>
													<ul class='collapsible node-list' data-collapsible='accordion'>
													</ul>
												</div>
											</div>
										</li>
										<li class='collection-item test displayed active fail ' extentid='6ab04908-c1db-4ce8-a28d-58d51caaa984'>
											<div class='test-head'>
												<span class='test-name'>Test Modify Port-in PreOrder (CSR Stage) </span>
												<span class='test-status label right outline capitalize fail'>fail</span>
												<span class='category-assigned hide '></span>
											</div>
											<div class='test-body'>
												<div class='test-info'>
													<span title='Test started time' alt='Test started time' class='test-started-time label green lighten-1 text-white'>2022-04-28 17:43:49</span>
													<span title='Test ended time' alt='Test ended time' class='test-ended-time label red lighten-1 text-white'>2022-04-28 17:50:20</span>
													<span title='Time taken to finish' alt='Time taken to finish' class='test-time-taken label blue-grey lighten-3 text-white'>0h 6m 30s+876ms</span>
												</div>
												<div class='test-desc'></div>
												<div class='test-attributes'>
												</div>
												<div class='test-steps'>
													<table class='bordered table-results'>
														<thead>
															<tr>
																<th>Status</th>
																<th>Timestamp</th>
																<th>Details</th>
															</tr>
														</thead>
														<tbody>
																<tr>
																	<td class='status pass' title='pass' alt='pass'><i class='mdi-action-check-circle'></i></td>
																	<td class='timestamp'>17:44:08</td>
																	<td class='step-details'>Navigate To Dashboard</td>
																</tr>
																<tr>
																	<td class='status pass' title='pass' alt='pass'><i class='mdi-action-check-circle'></i></td>
																	<td class='timestamp'>17:44:21</td>
																	<td class='step-details'>Clicked on Create</td>
																</tr>
																<tr>
																	<td class='status pass' title='pass' alt='pass'><i class='mdi-action-check-circle'></i></td>
																	<td class='timestamp'>17:44:28</td>
																	<td class='step-details'>Selected PortIn option</td>
																</tr>
																<tr>
																	<td class='status pass' title='pass' alt='pass'><i class='mdi-action-check-circle'></i></td>
																	<td class='timestamp'>17:44:34</td>
																	<td class='step-details'>Title is matching: Port in</td>
																</tr>
																<tr>
																	<td class='status pass' title='pass' alt='pass'><i class='mdi-action-check-circle'></i></td>
																	<td class='timestamp'>17:44:41</td>
																	<td class='step-details'>Entered new PortNumber</td>
																</tr>
																<tr>
																	<td class='status pass' title='pass' alt='pass'><i class='mdi-action-check-circle'></i></td>
																	<td class='timestamp'>17:46:22</td>
																	<td class='step-details'>Actual value is  matching with Expected Value: Create</td>
																</tr>
																<tr>
																	<td class='status pass' title='pass' alt='pass'><i class='mdi-action-check-circle'></i></td>
																	<td class='timestamp'>17:46:22</td>
																	<td class='step-details'>Verified portIn Page Title</td>
																</tr>
																<tr>
																	<td class='status pass' title='pass' alt='pass'><i class='mdi-action-check-circle'></i></td>
																	<td class='timestamp'>17:46:22</td>
																	<td class='step-details'>Actual value is  matching with Expected Value: Enter and Validate Porting Numbers</td>
																</tr>
																<tr>
																	<td class='status pass' title='pass' alt='pass'><i class='mdi-action-check-circle'></i></td>
																	<td class='timestamp'>17:46:22</td>
																	<td class='step-details'>Actual value is  matching with Expected Value: Order only</td>
																</tr>
																<tr>
																	<td class='status pass' title='pass' alt='pass'><i class='mdi-action-check-circle'></i></td>
																	<td class='timestamp'>17:46:22</td>
																	<td class='step-details'>PortIn is created for 5274208501</td>
																</tr>
																<tr>
																	<td class='status pass' title='pass' alt='pass'><i class='mdi-action-check-circle'></i></td>
																	<td class='timestamp'>17:47:37</td>
																	<td class='step-details'>PortIn is selected Date: 5/25/2022</td>
																</tr>
																<tr>
																	<td class='status pass' title='pass' alt='pass'><i class='mdi-action-check-circle'></i></td>
																	<td class='timestamp'>17:47:46</td>
																	<td class='step-details'>PortIn ProjectID: PID-5274208501279</td>
																</tr>
																<tr>
																	<td class='status info' title='info' alt='info'><i class='mdi-action-info-outline'></i></td>
																	<td class='timestamp'>17:47:49</td>
																	<td class='step-details'>Updated file : Test.pdf</td>
																</tr>
																<tr>
																	<td class='status pass' title='pass' alt='pass'><i class='mdi-action-check-circle'></i></td>
																	<td class='timestamp'>17:47:57</td>
																	<td class='step-details'>AccountName : AccountName974</td>
																</tr>
																<tr>
																	<td class='status pass' title='pass' alt='pass'><i class='mdi-action-check-circle'></i></td>
																	<td class='timestamp'>17:48:06</td>
																	<td class='step-details'>Account Number : 00044285191</td>
																</tr>
																<tr>
																	<td class='status pass' title='pass' alt='pass'><i class='mdi-action-check-circle'></i></td>
																	<td class='timestamp'>17:48:34</td>
																	<td class='step-details'>Billing Telephone : 0392263227</td>
																</tr>
																<tr>
																	<td class='status info' title='info' alt='info'><i class='mdi-action-info-outline'></i></td>
																	<td class='timestamp'>17:49:19</td>
																	<td class='step-details'>org.openqa.selenium.NoSuchElementException: no such element: Unable to locate element: {"method":"xpath","selector":"//input[@placeholder='Search orders by project id or phone number']"}
  (Session info: chrome=100.0.4896.127)
For documentation on this error, please visit: https://www.seleniumhq.org/exceptions/no_such_element.html
Build info: version: '3.141.59', revision: 'e82be7d358', time: '2018-11-14T08:25:53'
System info: host: 'LAPTOP-EHJA3SCC', ip: '10.212.212.150', os.name: 'Windows 10', os.arch: 'amd64', os.version: '10.0', java.version: '1.8.0_271'
Driver info: org.openqa.selenium.chrome.ChromeDriver
Capabilities {acceptInsecureCerts: false, browserName: chrome, browserVersion: 100.0.4896.127, chrome: {chromedriverVersion: 100.0.4896.60 (6a5d10861ce8..., userDataDir: C:\Users\Prati\AppData\Loca...}, goog:chromeOptions: {debuggerAddress: localhost:61703}, javascriptEnabled: true, networkConnectionEnabled: false, pageLoadStrategy: none, platform: WINDOWS, platformName: WINDOWS, proxy: Proxy(), setWindowRect: true, strictFileInteractability: false, timeouts: {implicit: 0, pageLoad: 300000, script: 30000}, unhandledPromptBehavior: dismiss and notify, webauthn:extension:credBlob: true, webauthn:extension:largeBlob: true, webauthn:virtualAuthenticators: true}
Session ID: 274df5efe57fe9c9007035d1101c8197
*** Element info: {Using=xpath, value=//input[@placeholder='Search orders by project id or phone number']}</td>
																</tr>
																<tr>
																	<td class='status info' title='info' alt='info'><i class='mdi-action-info-outline'></i></td>
																	<td class='timestamp'>17:49:20</td>
																	<td class='step-details'>ScreenShot is accessible in D:\Pratik\ATLC2804\QA-Automation/Execution Status/ScreenShots/Element 04_28_2022ThuApr28174919IST202204281749100000000179074390.png</td>
																</tr>
																<tr>
																	<td class='status warning' title='warning' alt='warning'><i class='mdi-alert-warning'></i></td>
																	<td class='timestamp'>17:49:20</td>
																	<td class='step-details'><a href='D:\Pratik\ATLC2804\QA-Automation\Execution Status\ScreenShots\Element 04_28_2022ThuApr28174919IST202204281749100000000179074390.png' data-featherlight='image'><img class='report-img' src='file:///D:\Pratik\ATLC2804\QA-Automation\Execution Status\ScreenShots\Element 04_28_2022ThuApr28174919IST202204281749100000000179074390.png' /></a></td>
																</tr>
																<tr>
																	<td class='status warning' title='warning' alt='warning'><i class='mdi-alert-warning'></i></td>
																	<td class='timestamp'>17:49:50</td>
																	<td class='step-details'>Proxy element for: DefaultElementLocator 'By.xpath: //input[@placeholder='Search orders by project id or phone number']' is not accessible</td>
																</tr>
																<tr>
																	<td class='status info' title='info' alt='info'><i class='mdi-action-info-outline'></i></td>
																	<td class='timestamp'>17:50:20</td>
																	<td class='step-details'>ScreenShot is accessible in D:\Pratik\ATLC2804\QA-Automation/Execution Status/ScreenShots/testModifyPortInPreOrderAndOrderWithCSR 04_28_2022ThuApr28175020IST202204281750100000000342538039.png</td>
																</tr>
																<tr>
																	<td class='status fail' title='fail' alt='fail'><i class='mdi-navigation-cancel'></i></td>
																	<td class='timestamp'>17:50:20</td>
																	<td class='step-details'>org.openqa.selenium.NoSuchElementException: no such element: Unable to locate element: {"method":"xpath","selector":"//button[@type='submit']"}
  (Session info: chrome=100.0.4896.127)
For documentation on this error, please visit: https://www.seleniumhq.org/exceptions/no_such_element.html
Build info: version: '3.141.59', revision: 'e82be7d358', time: '2018-11-14T08:25:53'
System info: host: 'LAPTOP-EHJA3SCC', ip: '10.212.212.150', os.name: 'Windows 10', os.arch: 'amd64', os.version: '10.0', java.version: '1.8.0_271'
Driver info: org.openqa.selenium.chrome.ChromeDriver
Capabilities {acceptInsecureCerts: false, browserName: chrome, browserVersion: 100.0.4896.127, chrome: {chromedriverVersion: 100.0.4896.60 (6a5d10861ce8..., userDataDir: C:\Users\Prati\AppData\Loca...}, goog:chromeOptions: {debuggerAddress: localhost:61703}, javascriptEnabled: true, networkConnectionEnabled: false, pageLoadStrategy: none, platform: WINDOWS, platformName: WINDOWS, proxy: Proxy(), setWindowRect: true, strictFileInteractability: false, timeouts: {implicit: 0, pageLoad: 300000, script: 30000}, unhandledPromptBehavior: dismiss and notify, webauthn:extension:credBlob: true, webauthn:extension:largeBlob: true, webauthn:virtualAuthenticators: true}
Session ID: 274df5efe57fe9c9007035d1101c8197
*** Element info: {Using=xpath, value=//button[@type='submit']}</td>
																</tr>
																<tr>
																	<td class='status fail' title='fail' alt='fail'><i class='mdi-navigation-cancel'></i></td>
																	<td class='timestamp'>17:50:20</td>
																	<td class='step-details'><a href='D:\Pratik\ATLC2804\QA-Automation\Execution Status\ScreenShots\testModifyPortInPreOrderAndOrderWithCSR 04_28_2022ThuApr28175020IST202204281750100000000342538039.png' data-featherlight='image'><img class='report-img' src='file:///D:\Pratik\ATLC2804\QA-Automation\Execution Status\ScreenShots\testModifyPortInPreOrderAndOrderWithCSR 04_28_2022ThuApr28175020IST202204281750100000000342538039.png' /></a></td>
																</tr>
																<tr>
																	<td class='status fail' title='fail' alt='fail'><i class='mdi-navigation-cancel'></i></td>
																	<td class='timestamp'>17:50:20</td>
																	<td class='step-details'>com.modules.orders.dashboard.ModifyPortInPreOrderAndOrderWithCSRTest is Failed</td>
																</tr>
														</tbody>
													</table>
													<ul class='collapsible node-list' data-collapsible='accordion'>
													</ul>
												</div>
											</div>
										</li>
										<li class='collection-item test displayed active fail ' extentid='55793494-ef1c-4c2f-b63b-da0e4fbba397'>
											<div class='test-head'>
												<span class='test-name'>Test Supplement Port-in PreOrder(LSR Stage) </span>
												<span class='test-status label right outline capitalize fail'>fail</span>
												<span class='category-assigned hide '></span>
											</div>
											<div class='test-body'>
												<div class='test-info'>
													<span title='Test started time' alt='Test started time' class='test-started-time label green lighten-1 text-white'>2022-04-28 17:50:20</span>
													<span title='Test ended time' alt='Test ended time' class='test-ended-time label red lighten-1 text-white'>2022-04-28 17:56:52</span>
													<span title='Time taken to finish' alt='Time taken to finish' class='test-time-taken label blue-grey lighten-3 text-white'>0h 6m 31s+786ms</span>
												</div>
												<div class='test-desc'></div>
												<div class='test-attributes'>
												</div>
												<div class='test-steps'>
													<table class='bordered table-results'>
														<thead>
															<tr>
																<th>Status</th>
																<th>Timestamp</th>
																<th>Details</th>
															</tr>
														</thead>
														<tbody>
																<tr>
																	<td class='status pass' title='pass' alt='pass'><i class='mdi-action-check-circle'></i></td>
																	<td class='timestamp'>17:50:39</td>
																	<td class='step-details'>Navigate To Dashboard</td>
																</tr>
																<tr>
																	<td class='status pass' title='pass' alt='pass'><i class='mdi-action-check-circle'></i></td>
																	<td class='timestamp'>17:50:53</td>
																	<td class='step-details'>Clicked on Create</td>
																</tr>
																<tr>
																	<td class='status pass' title='pass' alt='pass'><i class='mdi-action-check-circle'></i></td>
																	<td class='timestamp'>17:50:59</td>
																	<td class='step-details'>Selected PortIn option</td>
																</tr>
																<tr>
																	<td class='status pass' title='pass' alt='pass'><i class='mdi-action-check-circle'></i></td>
																	<td class='timestamp'>17:51:06</td>
																	<td class='step-details'>Title is matching: Port in</td>
																</tr>
																<tr>
																	<td class='status pass' title='pass' alt='pass'><i class='mdi-action-check-circle'></i></td>
																	<td class='timestamp'>17:51:12</td>
																	<td class='step-details'>Entered new PortNumber</td>
																</tr>
																<tr>
																	<td class='status pass' title='pass' alt='pass'><i class='mdi-action-check-circle'></i></td>
																	<td class='timestamp'>17:52:53</td>
																	<td class='step-details'>Actual value is  matching with Expected Value: Create</td>
																</tr>
																<tr>
																	<td class='status pass' title='pass' alt='pass'><i class='mdi-action-check-circle'></i></td>
																	<td class='timestamp'>17:52:53</td>
																	<td class='step-details'>Verified portIn Page Title</td>
																</tr>
																<tr>
																	<td class='status pass' title='pass' alt='pass'><i class='mdi-action-check-circle'></i></td>
																	<td class='timestamp'>17:52:53</td>
																	<td class='step-details'>Actual value is  matching with Expected Value: Enter and Validate Porting Numbers</td>
																</tr>
																<tr>
																	<td class='status pass' title='pass' alt='pass'><i class='mdi-action-check-circle'></i></td>
																	<td class='timestamp'>17:52:53</td>
																	<td class='step-details'>Actual value is  matching with Expected Value: Order only</td>
																</tr>
																<tr>
																	<td class='status pass' title='pass' alt='pass'><i class='mdi-action-check-circle'></i></td>
																	<td class='timestamp'>17:52:53</td>
																	<td class='step-details'>PortIn is created for 5274208502</td>
																</tr>
																<tr>
																	<td class='status pass' title='pass' alt='pass'><i class='mdi-action-check-circle'></i></td>
																	<td class='timestamp'>17:54:09</td>
																	<td class='step-details'>PortIn is selected Date: 5/2/2022</td>
																</tr>
																<tr>
																	<td class='status pass' title='pass' alt='pass'><i class='mdi-action-check-circle'></i></td>
																	<td class='timestamp'>17:54:18</td>
																	<td class='step-details'>PortIn ProjectID: PID-527420850240</td>
																</tr>
																<tr>
																	<td class='status info' title='info' alt='info'><i class='mdi-action-info-outline'></i></td>
																	<td class='timestamp'>17:54:20</td>
																	<td class='step-details'>Updated file : Test.pdf</td>
																</tr>
																<tr>
																	<td class='status pass' title='pass' alt='pass'><i class='mdi-action-check-circle'></i></td>
																	<td class='timestamp'>17:54:29</td>
																	<td class='step-details'>AccountName : AccountName549</td>
																</tr>
																<tr>
																	<td class='status pass' title='pass' alt='pass'><i class='mdi-action-check-circle'></i></td>
																	<td class='timestamp'>17:54:37</td>
																	<td class='step-details'>Account Number : 00525199914</td>
																</tr>
																<tr>
																	<td class='status pass' title='pass' alt='pass'><i class='mdi-action-check-circle'></i></td>
																	<td class='timestamp'>17:55:06</td>
																	<td class='step-details'>Billing Telephone : 0215407361</td>
																</tr>
																<tr>
																	<td class='status info' title='info' alt='info'><i class='mdi-action-info-outline'></i></td>
																	<td class='timestamp'>17:55:51</td>
																	<td class='step-details'>org.openqa.selenium.NoSuchElementException: no such element: Unable to locate element: {"method":"xpath","selector":"//input[@placeholder='Search orders by project id or phone number']"}
  (Session info: chrome=100.0.4896.127)
For documentation on this error, please visit: https://www.seleniumhq.org/exceptions/no_such_element.html
Build info: version: '3.141.59', revision: 'e82be7d358', time: '2018-11-14T08:25:53'
System info: host: 'LAPTOP-EHJA3SCC', ip: '10.212.212.150', os.name: 'Windows 10', os.arch: 'amd64', os.version: '10.0', java.version: '1.8.0_271'
Driver info: org.openqa.selenium.chrome.ChromeDriver
Capabilities {acceptInsecureCerts: false, browserName: chrome, browserVersion: 100.0.4896.127, chrome: {chromedriverVersion: 100.0.4896.60 (6a5d10861ce8..., userDataDir: C:\Users\Prati\AppData\Loca...}, goog:chromeOptions: {debuggerAddress: localhost:61703}, javascriptEnabled: true, networkConnectionEnabled: false, pageLoadStrategy: none, platform: WINDOWS, platformName: WINDOWS, proxy: Proxy(), setWindowRect: true, strictFileInteractability: false, timeouts: {implicit: 0, pageLoad: 300000, script: 30000}, unhandledPromptBehavior: dismiss and notify, webauthn:extension:credBlob: true, webauthn:extension:largeBlob: true, webauthn:virtualAuthenticators: true}
Session ID: 274df5efe57fe9c9007035d1101c8197
*** Element info: {Using=xpath, value=//input[@placeholder='Search orders by project id or phone number']}</td>
																</tr>
																<tr>
																	<td class='status info' title='info' alt='info'><i class='mdi-action-info-outline'></i></td>
																	<td class='timestamp'>17:55:52</td>
																	<td class='step-details'>ScreenShot is accessible in D:\Pratik\ATLC2804\QA-Automation/Execution Status/ScreenShots/Element 04_28_2022ThuApr28175551IST202204281755100000000247403439.png</td>
																</tr>
																<tr>
																	<td class='status warning' title='warning' alt='warning'><i class='mdi-alert-warning'></i></td>
																	<td class='timestamp'>17:55:52</td>
																	<td class='step-details'><a href='D:\Pratik\ATLC2804\QA-Automation\Execution Status\ScreenShots\Element 04_28_2022ThuApr28175551IST202204281755100000000247403439.png' data-featherlight='image'><img class='report-img' src='file:///D:\Pratik\ATLC2804\QA-Automation\Execution Status\ScreenShots\Element 04_28_2022ThuApr28175551IST202204281755100000000247403439.png' /></a></td>
																</tr>
																<tr>
																	<td class='status warning' title='warning' alt='warning'><i class='mdi-alert-warning'></i></td>
																	<td class='timestamp'>17:56:22</td>
																	<td class='step-details'>Proxy element for: DefaultElementLocator 'By.xpath: //input[@placeholder='Search orders by project id or phone number']' is not accessible</td>
																</tr>
																<tr>
																	<td class='status info' title='info' alt='info'><i class='mdi-action-info-outline'></i></td>
																	<td class='timestamp'>17:56:52</td>
																	<td class='step-details'>ScreenShot is accessible in D:\Pratik\ATLC2804\QA-Automation/Execution Status/ScreenShots/testSupplementPortInPreOrderWithLSRStage 04_28_2022ThuApr28175652IST202204281756100000000292745014.png</td>
																</tr>
																<tr>
																	<td class='status fail' title='fail' alt='fail'><i class='mdi-navigation-cancel'></i></td>
																	<td class='timestamp'>17:56:52</td>
																	<td class='step-details'>org.openqa.selenium.NoSuchElementException: no such element: Unable to locate element: {"method":"xpath","selector":"//button[@type='submit']"}
  (Session info: chrome=100.0.4896.127)
For documentation on this error, please visit: https://www.seleniumhq.org/exceptions/no_such_element.html
Build info: version: '3.141.59', revision: 'e82be7d358', time: '2018-11-14T08:25:53'
System info: host: 'LAPTOP-EHJA3SCC', ip: '10.212.212.150', os.name: 'Windows 10', os.arch: 'amd64', os.version: '10.0', java.version: '1.8.0_271'
Driver info: org.openqa.selenium.chrome.ChromeDriver
Capabilities {acceptInsecureCerts: false, browserName: chrome, browserVersion: 100.0.4896.127, chrome: {chromedriverVersion: 100.0.4896.60 (6a5d10861ce8..., userDataDir: C:\Users\Prati\AppData\Loca...}, goog:chromeOptions: {debuggerAddress: localhost:61703}, javascriptEnabled: true, networkConnectionEnabled: false, pageLoadStrategy: none, platform: WINDOWS, platformName: WINDOWS, proxy: Proxy(), setWindowRect: true, strictFileInteractability: false, timeouts: {implicit: 0, pageLoad: 300000, script: 30000}, unhandledPromptBehavior: dismiss and notify, webauthn:extension:credBlob: true, webauthn:extension:largeBlob: true, webauthn:virtualAuthenticators: true}
Session ID: 274df5efe57fe9c9007035d1101c8197
*** Element info: {Using=xpath, value=//button[@type='submit']}</td>
																</tr>
																<tr>
																	<td class='status fail' title='fail' alt='fail'><i class='mdi-navigation-cancel'></i></td>
																	<td class='timestamp'>17:56:52</td>
																	<td class='step-details'><a href='D:\Pratik\ATLC2804\QA-Automation\Execution Status\ScreenShots\testSupplementPortInPreOrderWithLSRStage 04_28_2022ThuApr28175652IST202204281756100000000292745014.png' data-featherlight='image'><img class='report-img' src='file:///D:\Pratik\ATLC2804\QA-Automation\Execution Status\ScreenShots\testSupplementPortInPreOrderWithLSRStage 04_28_2022ThuApr28175652IST202204281756100000000292745014.png' /></a></td>
																</tr>
																<tr>
																	<td class='status fail' title='fail' alt='fail'><i class='mdi-navigation-cancel'></i></td>
																	<td class='timestamp'>17:56:52</td>
																	<td class='step-details'>com.modules.orders.dashboard.SupplementPortInPreOrderWithLSRStageTest is Failed</td>
																</tr>
														</tbody>
													</table>
													<ul class='collapsible node-list' data-collapsible='accordion'>
													</ul>
												</div>
											</div>
										</li>
										<li class='collection-item test displayed active fail ' extentid='fa2795a2-0230-4c5d-bef5-ea551be53dcc'>
											<div class='test-head'>
												<span class='test-name'>Test Cancel Port-in PreOrder(CSR Stage) </span>
												<span class='test-status label right outline capitalize fail'>fail</span>
												<span class='category-assigned hide '></span>
											</div>
											<div class='test-body'>
												<div class='test-info'>
													<span title='Test started time' alt='Test started time' class='test-started-time label green lighten-1 text-white'>2022-04-28 17:56:52</span>
													<span title='Test ended time' alt='Test ended time' class='test-ended-time label red lighten-1 text-white'>2022-04-28 18:03:44</span>
													<span title='Time taken to finish' alt='Time taken to finish' class='test-time-taken label blue-grey lighten-3 text-white'>0h 6m 52s+342ms</span>
												</div>
												<div class='test-desc'></div>
												<div class='test-attributes'>
												</div>
												<div class='test-steps'>
													<table class='bordered table-results'>
														<thead>
															<tr>
																<th>Status</th>
																<th>Timestamp</th>
																<th>Details</th>
															</tr>
														</thead>
														<tbody>
																<tr>
																	<td class='status pass' title='pass' alt='pass'><i class='mdi-action-check-circle'></i></td>
																	<td class='timestamp'>17:57:10</td>
																	<td class='step-details'>Navigate To Dashboard</td>
																</tr>
																<tr>
																	<td class='status pass' title='pass' alt='pass'><i class='mdi-action-check-circle'></i></td>
																	<td class='timestamp'>17:57:25</td>
																	<td class='step-details'>Clicked on Create</td>
																</tr>
																<tr>
																	<td class='status pass' title='pass' alt='pass'><i class='mdi-action-check-circle'></i></td>
																	<td class='timestamp'>17:57:32</td>
																	<td class='step-details'>Selected PortIn option</td>
																</tr>
																<tr>
																	<td class='status pass' title='pass' alt='pass'><i class='mdi-action-check-circle'></i></td>
																	<td class='timestamp'>17:57:38</td>
																	<td class='step-details'>Title is matching: Port in</td>
																</tr>
																<tr>
																	<td class='status pass' title='pass' alt='pass'><i class='mdi-action-check-circle'></i></td>
																	<td class='timestamp'>17:57:45</td>
																	<td class='step-details'>Entered new PortNumber</td>
																</tr>
																<tr>
																	<td class='status pass' title='pass' alt='pass'><i class='mdi-action-check-circle'></i></td>
																	<td class='timestamp'>17:59:26</td>
																	<td class='step-details'>Actual value is  matching with Expected Value: Create</td>
																</tr>
																<tr>
																	<td class='status pass' title='pass' alt='pass'><i class='mdi-action-check-circle'></i></td>
																	<td class='timestamp'>17:59:26</td>
																	<td class='step-details'>Verified portIn Page Title</td>
																</tr>
																<tr>
																	<td class='status pass' title='pass' alt='pass'><i class='mdi-action-check-circle'></i></td>
																	<td class='timestamp'>17:59:26</td>
																	<td class='step-details'>Actual value is  matching with Expected Value: Enter and Validate Porting Numbers</td>
																</tr>
																<tr>
																	<td class='status pass' title='pass' alt='pass'><i class='mdi-action-check-circle'></i></td>
																	<td class='timestamp'>17:59:26</td>
																	<td class='step-details'>Actual value is  matching with Expected Value: Order only</td>
																</tr>
																<tr>
																	<td class='status pass' title='pass' alt='pass'><i class='mdi-action-check-circle'></i></td>
																	<td class='timestamp'>17:59:26</td>
																	<td class='step-details'>PortIn is created for 5274208503</td>
																</tr>
																<tr>
																	<td class='status pass' title='pass' alt='pass'><i class='mdi-action-check-circle'></i></td>
																	<td class='timestamp'>18:00:42</td>
																	<td class='step-details'>PortIn is selected Date: 5/3/2022</td>
																</tr>
																<tr>
																	<td class='status pass' title='pass' alt='pass'><i class='mdi-action-check-circle'></i></td>
																	<td class='timestamp'>18:01:12</td>
																	<td class='step-details'>PortIn ProjectID: PID-5274208503799</td>
																</tr>
																<tr>
																	<td class='status pass' title='pass' alt='pass'><i class='mdi-action-check-circle'></i></td>
																	<td class='timestamp'>18:01:21</td>
																	<td class='step-details'>AccountName : AccountName834</td>
																</tr>
																<tr>
																	<td class='status pass' title='pass' alt='pass'><i class='mdi-action-check-circle'></i></td>
																	<td class='timestamp'>18:01:30</td>
																	<td class='step-details'>Account Number : 00188375655</td>
																</tr>
																<tr>
																	<td class='status pass' title='pass' alt='pass'><i class='mdi-action-check-circle'></i></td>
																	<td class='timestamp'>18:01:58</td>
																	<td class='step-details'>Billing Telephone : 0450001104</td>
																</tr>
																<tr>
																	<td class='status info' title='info' alt='info'><i class='mdi-action-info-outline'></i></td>
																	<td class='timestamp'>18:02:43</td>
																	<td class='step-details'>org.openqa.selenium.NoSuchElementException: no such element: Unable to locate element: {"method":"xpath","selector":"//input[@placeholder='Search orders by project id or phone number']"}
  (Session info: chrome=100.0.4896.127)
For documentation on this error, please visit: https://www.seleniumhq.org/exceptions/no_such_element.html
Build info: version: '3.141.59', revision: 'e82be7d358', time: '2018-11-14T08:25:53'
System info: host: 'LAPTOP-EHJA3SCC', ip: '10.212.212.150', os.name: 'Windows 10', os.arch: 'amd64', os.version: '10.0', java.version: '1.8.0_271'
Driver info: org.openqa.selenium.chrome.ChromeDriver
Capabilities {acceptInsecureCerts: false, browserName: chrome, browserVersion: 100.0.4896.127, chrome: {chromedriverVersion: 100.0.4896.60 (6a5d10861ce8..., userDataDir: C:\Users\Prati\AppData\Loca...}, goog:chromeOptions: {debuggerAddress: localhost:61703}, javascriptEnabled: true, networkConnectionEnabled: false, pageLoadStrategy: none, platform: WINDOWS, platformName: WINDOWS, proxy: Proxy(), setWindowRect: true, strictFileInteractability: false, timeouts: {implicit: 0, pageLoad: 300000, script: 30000}, unhandledPromptBehavior: dismiss and notify, webauthn:extension:credBlob: true, webauthn:extension:largeBlob: true, webauthn:virtualAuthenticators: true}
Session ID: 274df5efe57fe9c9007035d1101c8197
*** Element info: {Using=xpath, value=//input[@placeholder='Search orders by project id or phone number']}</td>
																</tr>
																<tr>
																	<td class='status info' title='info' alt='info'><i class='mdi-action-info-outline'></i></td>
																	<td class='timestamp'>18:02:44</td>
																	<td class='step-details'>ScreenShot is accessible in D:\Pratik\ATLC2804\QA-Automation/Execution Status/ScreenShots/Element 04_28_2022ThuApr28180244IST20220428182100000000678042653.png</td>
																</tr>
																<tr>
																	<td class='status warning' title='warning' alt='warning'><i class='mdi-alert-warning'></i></td>
																	<td class='timestamp'>18:02:44</td>
																	<td class='step-details'><a href='D:\Pratik\ATLC2804\QA-Automation\Execution Status\ScreenShots\Element 04_28_2022ThuApr28180244IST20220428182100000000678042653.png' data-featherlight='image'><img class='report-img' src='file:///D:\Pratik\ATLC2804\QA-Automation\Execution Status\ScreenShots\Element 04_28_2022ThuApr28180244IST20220428182100000000678042653.png' /></a></td>
																</tr>
																<tr>
																	<td class='status warning' title='warning' alt='warning'><i class='mdi-alert-warning'></i></td>
																	<td class='timestamp'>18:03:14</td>
																	<td class='step-details'>Proxy element for: DefaultElementLocator 'By.xpath: //input[@placeholder='Search orders by project id or phone number']' is not accessible</td>
																</tr>
																<tr>
																	<td class='status info' title='info' alt='info'><i class='mdi-action-info-outline'></i></td>
																	<td class='timestamp'>18:03:44</td>
																	<td class='step-details'>ScreenShot is accessible in D:\Pratik\ATLC2804\QA-Automation/Execution Status/ScreenShots/testCancelPortInPreOrderAtCSRStage 04_28_2022ThuApr28180344IST2022042818310000000096165874.png</td>
																</tr>
																<tr>
																	<td class='status fail' title='fail' alt='fail'><i class='mdi-navigation-cancel'></i></td>
																	<td class='timestamp'>18:03:44</td>
																	<td class='step-details'>org.openqa.selenium.NoSuchElementException: no such element: Unable to locate element: {"method":"xpath","selector":"//button[@type='submit']"}
  (Session info: chrome=100.0.4896.127)
For documentation on this error, please visit: https://www.seleniumhq.org/exceptions/no_such_element.html
Build info: version: '3.141.59', revision: 'e82be7d358', time: '2018-11-14T08:25:53'
System info: host: 'LAPTOP-EHJA3SCC', ip: '10.212.212.150', os.name: 'Windows 10', os.arch: 'amd64', os.version: '10.0', java.version: '1.8.0_271'
Driver info: org.openqa.selenium.chrome.ChromeDriver
Capabilities {acceptInsecureCerts: false, browserName: chrome, browserVersion: 100.0.4896.127, chrome: {chromedriverVersion: 100.0.4896.60 (6a5d10861ce8..., userDataDir: C:\Users\Prati\AppData\Loca...}, goog:chromeOptions: {debuggerAddress: localhost:61703}, javascriptEnabled: true, networkConnectionEnabled: false, pageLoadStrategy: none, platform: WINDOWS, platformName: WINDOWS, proxy: Proxy(), setWindowRect: true, strictFileInteractability: false, timeouts: {implicit: 0, pageLoad: 300000, script: 30000}, unhandledPromptBehavior: dismiss and notify, webauthn:extension:credBlob: true, webauthn:extension:largeBlob: true, webauthn:virtualAuthenticators: true}
Session ID: 274df5efe57fe9c9007035d1101c8197
*** Element info: {Using=xpath, value=//button[@type='submit']}</td>
																</tr>
																<tr>
																	<td class='status fail' title='fail' alt='fail'><i class='mdi-navigation-cancel'></i></td>
																	<td class='timestamp'>18:03:44</td>
																	<td class='step-details'><a href='D:\Pratik\ATLC2804\QA-Automation\Execution Status\ScreenShots\testCancelPortInPreOrderAtCSRStage 04_28_2022ThuApr28180344IST2022042818310000000096165874.png' data-featherlight='image'><img class='report-img' src='file:///D:\Pratik\ATLC2804\QA-Automation\Execution Status\ScreenShots\testCancelPortInPreOrderAtCSRStage 04_28_2022ThuApr28180344IST2022042818310000000096165874.png' /></a></td>
																</tr>
																<tr>
																	<td class='status fail' title='fail' alt='fail'><i class='mdi-navigation-cancel'></i></td>
																	<td class='timestamp'>18:03:44</td>
																	<td class='step-details'>com.modules.orders.dashboard.CancelPortInPreOrderAtCSRStageTest is Failed</td>
																</tr>
														</tbody>
													</table>
													<ul class='collapsible node-list' data-collapsible='accordion'>
													</ul>
												</div>
											</div>
										</li>
										<li class='collection-item test displayed active fail ' extentid='0d44fc1f-5b2d-401c-a344-c201b715e174'>
											<div class='test-head'>
												<span class='test-name'>Test Reject Port-in PreOrder(LSRStage) </span>
												<span class='test-status label right outline capitalize fail'>fail</span>
												<span class='category-assigned hide '></span>
											</div>
											<div class='test-body'>
												<div class='test-info'>
													<span title='Test started time' alt='Test started time' class='test-started-time label green lighten-1 text-white'>2022-04-28 18:03:44</span>
													<span title='Test ended time' alt='Test ended time' class='test-ended-time label red lighten-1 text-white'>2022-04-28 18:10:36</span>
													<span title='Time taken to finish' alt='Time taken to finish' class='test-time-taken label blue-grey lighten-3 text-white'>0h 6m 51s+290ms</span>
												</div>
												<div class='test-desc'></div>
												<div class='test-attributes'>
												</div>
												<div class='test-steps'>
													<table class='bordered table-results'>
														<thead>
															<tr>
																<th>Status</th>
																<th>Timestamp</th>
																<th>Details</th>
															</tr>
														</thead>
														<tbody>
																<tr>
																	<td class='status pass' title='pass' alt='pass'><i class='mdi-action-check-circle'></i></td>
																	<td class='timestamp'>18:04:03</td>
																	<td class='step-details'>Navigate To Dashboard</td>
																</tr>
																<tr>
																	<td class='status pass' title='pass' alt='pass'><i class='mdi-action-check-circle'></i></td>
																	<td class='timestamp'>18:04:17</td>
																	<td class='step-details'>Clicked on Create</td>
																</tr>
																<tr>
																	<td class='status pass' title='pass' alt='pass'><i class='mdi-action-check-circle'></i></td>
																	<td class='timestamp'>18:04:24</td>
																	<td class='step-details'>Selected PortIn option</td>
																</tr>
																<tr>
																	<td class='status pass' title='pass' alt='pass'><i class='mdi-action-check-circle'></i></td>
																	<td class='timestamp'>18:04:30</td>
																	<td class='step-details'>Title is matching: Port in</td>
																</tr>
																<tr>
																	<td class='status pass' title='pass' alt='pass'><i class='mdi-action-check-circle'></i></td>
																	<td class='timestamp'>18:04:36</td>
																	<td class='step-details'>Entered new PortNumber</td>
																</tr>
																<tr>
																	<td class='status pass' title='pass' alt='pass'><i class='mdi-action-check-circle'></i></td>
																	<td class='timestamp'>18:06:17</td>
																	<td class='step-details'>Actual value is  matching with Expected Value: Create</td>
																</tr>
																<tr>
																	<td class='status pass' title='pass' alt='pass'><i class='mdi-action-check-circle'></i></td>
																	<td class='timestamp'>18:06:17</td>
																	<td class='step-details'>Verified portIn Page Title</td>
																</tr>
																<tr>
																	<td class='status pass' title='pass' alt='pass'><i class='mdi-action-check-circle'></i></td>
																	<td class='timestamp'>18:06:17</td>
																	<td class='step-details'>Actual value is  matching with Expected Value: Enter and Validate Porting Numbers</td>
																</tr>
																<tr>
																	<td class='status pass' title='pass' alt='pass'><i class='mdi-action-check-circle'></i></td>
																	<td class='timestamp'>18:06:18</td>
																	<td class='step-details'>Actual value is  matching with Expected Value: Order only</td>
																</tr>
																<tr>
																	<td class='status pass' title='pass' alt='pass'><i class='mdi-action-check-circle'></i></td>
																	<td class='timestamp'>18:06:18</td>
																	<td class='step-details'>PortIn is created for 5274208504</td>
																</tr>
																<tr>
																	<td class='status pass' title='pass' alt='pass'><i class='mdi-action-check-circle'></i></td>
																	<td class='timestamp'>18:07:33</td>
																	<td class='step-details'>PortIn is selected Date: 5/25/2022</td>
																</tr>
																<tr>
																	<td class='status pass' title='pass' alt='pass'><i class='mdi-action-check-circle'></i></td>
																	<td class='timestamp'>18:08:04</td>
																	<td class='step-details'>PortIn ProjectID: PID-5274208504210</td>
																</tr>
																<tr>
																	<td class='status pass' title='pass' alt='pass'><i class='mdi-action-check-circle'></i></td>
																	<td class='timestamp'>18:08:13</td>
																	<td class='step-details'>AccountName : AccountName306</td>
																</tr>
																<tr>
																	<td class='status pass' title='pass' alt='pass'><i class='mdi-action-check-circle'></i></td>
																	<td class='timestamp'>18:08:21</td>
																	<td class='step-details'>Account Number : 00139023854</td>
																</tr>
																<tr>
																	<td class='status pass' title='pass' alt='pass'><i class='mdi-action-check-circle'></i></td>
																	<td class='timestamp'>18:08:50</td>
																	<td class='step-details'>Billing Telephone : 0675727728</td>
																</tr>
																<tr>
																	<td class='status info' title='info' alt='info'><i class='mdi-action-info-outline'></i></td>
																	<td class='timestamp'>18:09:35</td>
																	<td class='step-details'>org.openqa.selenium.NoSuchElementException: no such element: Unable to locate element: {"method":"xpath","selector":"//input[@placeholder='Search orders by project id or phone number']"}
  (Session info: chrome=100.0.4896.127)
For documentation on this error, please visit: https://www.seleniumhq.org/exceptions/no_such_element.html
Build info: version: '3.141.59', revision: 'e82be7d358', time: '2018-11-14T08:25:53'
System info: host: 'LAPTOP-EHJA3SCC', ip: '10.212.212.150', os.name: 'Windows 10', os.arch: 'amd64', os.version: '10.0', java.version: '1.8.0_271'
Driver info: org.openqa.selenium.chrome.ChromeDriver
Capabilities {acceptInsecureCerts: false, browserName: chrome, browserVersion: 100.0.4896.127, chrome: {chromedriverVersion: 100.0.4896.60 (6a5d10861ce8..., userDataDir: C:\Users\Prati\AppData\Loca...}, goog:chromeOptions: {debuggerAddress: localhost:61703}, javascriptEnabled: true, networkConnectionEnabled: false, pageLoadStrategy: none, platform: WINDOWS, platformName: WINDOWS, proxy: Proxy(), setWindowRect: true, strictFileInteractability: false, timeouts: {implicit: 0, pageLoad: 300000, script: 30000}, unhandledPromptBehavior: dismiss and notify, webauthn:extension:credBlob: true, webauthn:extension:largeBlob: true, webauthn:virtualAuthenticators: true}
Session ID: 274df5efe57fe9c9007035d1101c8197
*** Element info: {Using=xpath, value=//input[@placeholder='Search orders by project id or phone number']}</td>
																</tr>
																<tr>
																	<td class='status info' title='info' alt='info'><i class='mdi-action-info-outline'></i></td>
																	<td class='timestamp'>18:09:35</td>
																	<td class='step-details'>ScreenShot is accessible in D:\Pratik\ATLC2804\QA-Automation/Execution Status/ScreenShots/Element 04_28_2022ThuApr28180935IST20220428189100000000637214240.png</td>
																</tr>
																<tr>
																	<td class='status warning' title='warning' alt='warning'><i class='mdi-alert-warning'></i></td>
																	<td class='timestamp'>18:09:35</td>
																	<td class='step-details'><a href='D:\Pratik\ATLC2804\QA-Automation\Execution Status\ScreenShots\Element 04_28_2022ThuApr28180935IST20220428189100000000637214240.png' data-featherlight='image'><img class='report-img' src='file:///D:\Pratik\ATLC2804\QA-Automation\Execution Status\ScreenShots\Element 04_28_2022ThuApr28180935IST20220428189100000000637214240.png' /></a></td>
																</tr>
																<tr>
																	<td class='status warning' title='warning' alt='warning'><i class='mdi-alert-warning'></i></td>
																	<td class='timestamp'>18:10:05</td>
																	<td class='step-details'>Proxy element for: DefaultElementLocator 'By.xpath: //input[@placeholder='Search orders by project id or phone number']' is not accessible</td>
																</tr>
																<tr>
																	<td class='status info' title='info' alt='info'><i class='mdi-action-info-outline'></i></td>
																	<td class='timestamp'>18:10:36</td>
																	<td class='step-details'>ScreenShot is accessible in D:\Pratik\ATLC2804\QA-Automation/Execution Status/ScreenShots/testCancelPortInPreOrderAtLSRStage 04_28_2022ThuApr28181036IST20220428181010000000078979083.png</td>
																</tr>
																<tr>
																	<td class='status fail' title='fail' alt='fail'><i class='mdi-navigation-cancel'></i></td>
																	<td class='timestamp'>18:10:36</td>
																	<td class='step-details'>org.openqa.selenium.NoSuchElementException: no such element: Unable to locate element: {"method":"xpath","selector":"//button[@type='submit']"}
  (Session info: chrome=100.0.4896.127)
For documentation on this error, please visit: https://www.seleniumhq.org/exceptions/no_such_element.html
Build info: version: '3.141.59', revision: 'e82be7d358', time: '2018-11-14T08:25:53'
System info: host: 'LAPTOP-EHJA3SCC', ip: '10.212.212.150', os.name: 'Windows 10', os.arch: 'amd64', os.version: '10.0', java.version: '1.8.0_271'
Driver info: org.openqa.selenium.chrome.ChromeDriver
Capabilities {acceptInsecureCerts: false, browserName: chrome, browserVersion: 100.0.4896.127, chrome: {chromedriverVersion: 100.0.4896.60 (6a5d10861ce8..., userDataDir: C:\Users\Prati\AppData\Loca...}, goog:chromeOptions: {debuggerAddress: localhost:61703}, javascriptEnabled: true, networkConnectionEnabled: false, pageLoadStrategy: none, platform: WINDOWS, platformName: WINDOWS, proxy: Proxy(), setWindowRect: true, strictFileInteractability: false, timeouts: {implicit: 0, pageLoad: 300000, script: 30000}, unhandledPromptBehavior: dismiss and notify, webauthn:extension:credBlob: true, webauthn:extension:largeBlob: true, webauthn:virtualAuthenticators: true}
Session ID: 274df5efe57fe9c9007035d1101c8197
*** Element info: {Using=xpath, value=//button[@type='submit']}</td>
																</tr>
																<tr>
																	<td class='status fail' title='fail' alt='fail'><i class='mdi-navigation-cancel'></i></td>
																	<td class='timestamp'>18:10:36</td>
																	<td class='step-details'><a href='D:\Pratik\ATLC2804\QA-Automation\Execution Status\ScreenShots\testCancelPortInPreOrderAtLSRStage 04_28_2022ThuApr28181036IST20220428181010000000078979083.png' data-featherlight='image'><img class='report-img' src='file:///D:\Pratik\ATLC2804\QA-Automation\Execution Status\ScreenShots\testCancelPortInPreOrderAtLSRStage 04_28_2022ThuApr28181036IST20220428181010000000078979083.png' /></a></td>
																</tr>
																<tr>
																	<td class='status fail' title='fail' alt='fail'><i class='mdi-navigation-cancel'></i></td>
																	<td class='timestamp'>18:10:36</td>
																	<td class='step-details'>com.modules.orders.dashboard.CancelPortInPreOrderAtLSRStageTest is Failed</td>
																</tr>
														</tbody>
													</table>
													<ul class='collapsible node-list' data-collapsible='accordion'>
													</ul>
												</div>
											</div>
										</li>
										<li class='collection-item test displayed active fail ' extentid='9fb9511c-2a60-4654-93a3-26b70e5f1a6e'>
											<div class='test-head'>
												<span class='test-name'>Test Port-Out </span>
												<span class='test-status label right outline capitalize fail'>fail</span>
												<span class='category-assigned hide '></span>
											</div>
											<div class='test-body'>
												<div class='test-info'>
													<span title='Test started time' alt='Test started time' class='test-started-time label green lighten-1 text-white'>2022-04-28 18:10:36</span>
													<span title='Test ended time' alt='Test ended time' class='test-ended-time label red lighten-1 text-white'>2022-04-28 18:14:59</span>
													<span title='Time taken to finish' alt='Time taken to finish' class='test-time-taken label blue-grey lighten-3 text-white'>0h 4m 23s+666ms</span>
												</div>
												<div class='test-desc'></div>
												<div class='test-attributes'>
												</div>
												<div class='test-steps'>
													<table class='bordered table-results'>
														<thead>
															<tr>
																<th>Status</th>
																<th>Timestamp</th>
																<th>Details</th>
															</tr>
														</thead>
														<tbody>
																<tr>
																	<td class='status pass' title='pass' alt='pass'><i class='mdi-action-check-circle'></i></td>
																	<td class='timestamp'>18:10:54</td>
																	<td class='step-details'>Navigate To Dashboard</td>
																</tr>
																<tr>
																	<td class='status pass' title='pass' alt='pass'><i class='mdi-action-check-circle'></i></td>
																	<td class='timestamp'>18:11:09</td>
																	<td class='step-details'>Clicked on Create</td>
																</tr>
																<tr>
																	<td class='status pass' title='pass' alt='pass'><i class='mdi-action-check-circle'></i></td>
																	<td class='timestamp'>18:11:15</td>
																	<td class='step-details'>Selected PortIn option</td>
																</tr>
																<tr>
																	<td class='status pass' title='pass' alt='pass'><i class='mdi-action-check-circle'></i></td>
																	<td class='timestamp'>18:11:22</td>
																	<td class='step-details'>Title is matching: Port out</td>
																</tr>
																<tr>
																	<td class='status info' title='info' alt='info'><i class='mdi-action-info-outline'></i></td>
																	<td class='timestamp'>18:11:26</td>
																	<td class='step-details'>1: Enter porting numbers and generate card</td>
																</tr>
																<tr>
																	<td class='status pass' title='pass' alt='pass'><i class='mdi-action-check-circle'></i></td>
																	<td class='timestamp'>18:11:34</td>
																	<td class='step-details'>ATLTestFile1.xlsx File got Updated with new4 PortNumbers</td>
																</tr>
																<tr>
																	<td class='status info' title='info' alt='info'><i class='mdi-action-info-outline'></i></td>
																	<td class='timestamp'>18:11:47</td>
																	<td class='step-details'>4 porting number(s) detected.</td>
																</tr>
																<tr>
																	<td class='status info' title='info' alt='info'><i class='mdi-action-info-outline'></i></td>
																	<td class='timestamp'>18:11:52</td>
																	<td class='step-details'>2: Port out order</td>
																</tr>
																<tr>
																	<td class='status info' title='info' alt='info'><i class='mdi-action-info-outline'></i></td>
																	<td class='timestamp'>18:13:59</td>
																	<td class='step-details'>org.openqa.selenium.NoSuchElementException: no such element: Unable to locate element: {"method":"xpath","selector":"//input[@placeholder='Search orders by project id or phone number']"}
  (Session info: chrome=100.0.4896.127)
For documentation on this error, please visit: https://www.seleniumhq.org/exceptions/no_such_element.html
Build info: version: '3.141.59', revision: 'e82be7d358', time: '2018-11-14T08:25:53'
System info: host: 'LAPTOP-EHJA3SCC', ip: '10.212.212.150', os.name: 'Windows 10', os.arch: 'amd64', os.version: '10.0', java.version: '1.8.0_271'
Driver info: org.openqa.selenium.chrome.ChromeDriver
Capabilities {acceptInsecureCerts: false, browserName: chrome, browserVersion: 100.0.4896.127, chrome: {chromedriverVersion: 100.0.4896.60 (6a5d10861ce8..., userDataDir: C:\Users\Prati\AppData\Loca...}, goog:chromeOptions: {debuggerAddress: localhost:61703}, javascriptEnabled: true, networkConnectionEnabled: false, pageLoadStrategy: none, platform: WINDOWS, platformName: WINDOWS, proxy: Proxy(), setWindowRect: true, strictFileInteractability: false, timeouts: {implicit: 0, pageLoad: 300000, script: 30000}, unhandledPromptBehavior: dismiss and notify, webauthn:extension:credBlob: true, webauthn:extension:largeBlob: true, webauthn:virtualAuthenticators: true}
Session ID: 274df5efe57fe9c9007035d1101c8197
*** Element info: {Using=xpath, value=//input[@placeholder='Search orders by project id or phone number']}</td>
																</tr>
																<tr>
																	<td class='status info' title='info' alt='info'><i class='mdi-action-info-outline'></i></td>
																	<td class='timestamp'>18:13:59</td>
																	<td class='step-details'>ScreenShot is accessible in D:\Pratik\ATLC2804\QA-Automation/Execution Status/ScreenShots/Element 04_28_2022ThuApr28181359IST202204281813100000000638952353.png</td>
																</tr>
																<tr>
																	<td class='status warning' title='warning' alt='warning'><i class='mdi-alert-warning'></i></td>
																	<td class='timestamp'>18:13:59</td>
																	<td class='step-details'><a href='D:\Pratik\ATLC2804\QA-Automation\Execution Status\ScreenShots\Element 04_28_2022ThuApr28181359IST202204281813100000000638952353.png' data-featherlight='image'><img class='report-img' src='file:///D:\Pratik\ATLC2804\QA-Automation\Execution Status\ScreenShots\Element 04_28_2022ThuApr28181359IST202204281813100000000638952353.png' /></a></td>
																</tr>
																<tr>
																	<td class='status warning' title='warning' alt='warning'><i class='mdi-alert-warning'></i></td>
																	<td class='timestamp'>18:14:29</td>
																	<td class='step-details'>Proxy element for: DefaultElementLocator 'By.xpath: //input[@placeholder='Search orders by project id or phone number']' is not accessible</td>
																</tr>
																<tr>
																	<td class='status info' title='info' alt='info'><i class='mdi-action-info-outline'></i></td>
																	<td class='timestamp'>18:14:59</td>
																	<td class='step-details'>ScreenShot is accessible in D:\Pratik\ATLC2804\QA-Automation/Execution Status/ScreenShots/testPortOut 04_28_2022ThuApr28181459IST202204281814100000000726101497.png</td>
																</tr>
																<tr>
																	<td class='status fail' title='fail' alt='fail'><i class='mdi-navigation-cancel'></i></td>
																	<td class='timestamp'>18:14:59</td>
																	<td class='step-details'>org.openqa.selenium.NoSuchElementException: no such element: Unable to locate element: {"method":"xpath","selector":"//button[@type='submit']"}
  (Session info: chrome=100.0.4896.127)
For documentation on this error, please visit: https://www.seleniumhq.org/exceptions/no_such_element.html
Build info: version: '3.141.59', revision: 'e82be7d358', time: '2018-11-14T08:25:53'
System info: host: 'LAPTOP-EHJA3SCC', ip: '10.212.212.150', os.name: 'Windows 10', os.arch: 'amd64', os.version: '10.0', java.version: '1.8.0_271'
Driver info: org.openqa.selenium.chrome.ChromeDriver
Capabilities {acceptInsecureCerts: false, browserName: chrome, browserVersion: 100.0.4896.127, chrome: {chromedriverVersion: 100.0.4896.60 (6a5d10861ce8..., userDataDir: C:\Users\Prati\AppData\Loca...}, goog:chromeOptions: {debuggerAddress: localhost:61703}, javascriptEnabled: true, networkConnectionEnabled: false, pageLoadStrategy: none, platform: WINDOWS, platformName: WINDOWS, proxy: Proxy(), setWindowRect: true, strictFileInteractability: false, timeouts: {implicit: 0, pageLoad: 300000, script: 30000}, unhandledPromptBehavior: dismiss and notify, webauthn:extension:credBlob: true, webauthn:extension:largeBlob: true, webauthn:virtualAuthenticators: true}
Session ID: 274df5efe57fe9c9007035d1101c8197
*** Element info: {Using=xpath, value=//button[@type='submit']}</td>
																</tr>
																<tr>
																	<td class='status fail' title='fail' alt='fail'><i class='mdi-navigation-cancel'></i></td>
																	<td class='timestamp'>18:14:59</td>
																	<td class='step-details'><a href='D:\Pratik\ATLC2804\QA-Automation\Execution Status\ScreenShots\testPortOut 04_28_2022ThuApr28181459IST202204281814100000000726101497.png' data-featherlight='image'><img class='report-img' src='file:///D:\Pratik\ATLC2804\QA-Automation\Execution Status\ScreenShots\testPortOut 04_28_2022ThuApr28181459IST202204281814100000000726101497.png' /></a></td>
																</tr>
																<tr>
																	<td class='status fail' title='fail' alt='fail'><i class='mdi-navigation-cancel'></i></td>
																	<td class='timestamp'>18:14:59</td>
																	<td class='step-details'>com.modules.orders.dashboard.PortOutTest is Failed</td>
																</tr>
														</tbody>
													</table>
													<ul class='collapsible node-list' data-collapsible='accordion'>
													</ul>
												</div>
											</div>
										</li>
										<li class='collection-item test displayed active fail ' extentid='faeccace-2911-4594-b17e-b2f444ed3d61'>
											<div class='test-head'>
												<span class='test-name'>Test Dashboard PortIn Modify </span>
												<span class='test-status label right outline capitalize fail'>fail</span>
												<span class='category-assigned hide '></span>
											</div>
											<div class='test-body'>
												<div class='test-info'>
													<span title='Test started time' alt='Test started time' class='test-started-time label green lighten-1 text-white'>2022-04-28 18:14:59</span>
													<span title='Test ended time' alt='Test ended time' class='test-ended-time label red lighten-1 text-white'>2022-04-28 18:21:05</span>
													<span title='Time taken to finish' alt='Time taken to finish' class='test-time-taken label blue-grey lighten-3 text-white'>0h 6m 5s+886ms</span>
												</div>
												<div class='test-desc'></div>
												<div class='test-attributes'>
												</div>
												<div class='test-steps'>
													<table class='bordered table-results'>
														<thead>
															<tr>
																<th>Status</th>
																<th>Timestamp</th>
																<th>Details</th>
															</tr>
														</thead>
														<tbody>
																<tr>
																	<td class='status pass' title='pass' alt='pass'><i class='mdi-action-check-circle'></i></td>
																	<td class='timestamp'>18:15:18</td>
																	<td class='step-details'>Navigate To Dashboard</td>
																</tr>
																<tr>
																	<td class='status pass' title='pass' alt='pass'><i class='mdi-action-check-circle'></i></td>
																	<td class='timestamp'>18:15:35</td>
																	<td class='step-details'>Clicked on Create</td>
																</tr>
																<tr>
																	<td class='status pass' title='pass' alt='pass'><i class='mdi-action-check-circle'></i></td>
																	<td class='timestamp'>18:15:42</td>
																	<td class='step-details'>Selected PortIn option</td>
																</tr>
																<tr>
																	<td class='status pass' title='pass' alt='pass'><i class='mdi-action-check-circle'></i></td>
																	<td class='timestamp'>18:15:48</td>
																	<td class='step-details'>Title is matching: Port in</td>
																</tr>
																<tr>
																	<td class='status pass' title='pass' alt='pass'><i class='mdi-action-check-circle'></i></td>
																	<td class='timestamp'>18:15:54</td>
																	<td class='step-details'>Entered new PortNumber</td>
																</tr>
																<tr>
																	<td class='status pass' title='pass' alt='pass'><i class='mdi-action-check-circle'></i></td>
																	<td class='timestamp'>18:17:35</td>
																	<td class='step-details'>Actual value is  matching with Expected Value: Create</td>
																</tr>
																<tr>
																	<td class='status pass' title='pass' alt='pass'><i class='mdi-action-check-circle'></i></td>
																	<td class='timestamp'>18:17:35</td>
																	<td class='step-details'>Verified portIn Page Title</td>
																</tr>
																<tr>
																	<td class='status pass' title='pass' alt='pass'><i class='mdi-action-check-circle'></i></td>
																	<td class='timestamp'>18:17:35</td>
																	<td class='step-details'>Actual value is  matching with Expected Value: Enter and Validate Porting Numbers</td>
																</tr>
																<tr>
																	<td class='status pass' title='pass' alt='pass'><i class='mdi-action-check-circle'></i></td>
																	<td class='timestamp'>18:17:35</td>
																	<td class='step-details'>Actual value is  matching with Expected Value: Order only</td>
																</tr>
																<tr>
																	<td class='status pass' title='pass' alt='pass'><i class='mdi-action-check-circle'></i></td>
																	<td class='timestamp'>18:17:35</td>
																	<td class='step-details'>PortIn is created for 5274208509</td>
																</tr>
																<tr>
																	<td class='status pass' title='pass' alt='pass'><i class='mdi-action-check-circle'></i></td>
																	<td class='timestamp'>18:18:51</td>
																	<td class='step-details'>PortIn is selected Date: 5/13/2022</td>
																</tr>
																<tr>
																	<td class='status pass' title='pass' alt='pass'><i class='mdi-action-check-circle'></i></td>
																	<td class='timestamp'>18:19:21</td>
																	<td class='step-details'>PortIn ProjectID: PID-5274208509361</td>
																</tr>
																<tr>
																	<td class='status info' title='info' alt='info'><i class='mdi-action-info-outline'></i></td>
																	<td class='timestamp'>18:20:04</td>
																	<td class='step-details'>org.openqa.selenium.NoSuchElementException: no such element: Unable to locate element: {"method":"xpath","selector":"//input[@placeholder='Search orders by project id or phone number']"}
  (Session info: chrome=100.0.4896.127)
For documentation on this error, please visit: https://www.seleniumhq.org/exceptions/no_such_element.html
Build info: version: '3.141.59', revision: 'e82be7d358', time: '2018-11-14T08:25:53'
System info: host: 'LAPTOP-EHJA3SCC', ip: '10.212.212.150', os.name: 'Windows 10', os.arch: 'amd64', os.version: '10.0', java.version: '1.8.0_271'
Driver info: org.openqa.selenium.chrome.ChromeDriver
Capabilities {acceptInsecureCerts: false, browserName: chrome, browserVersion: 100.0.4896.127, chrome: {chromedriverVersion: 100.0.4896.60 (6a5d10861ce8..., userDataDir: C:\Users\Prati\AppData\Loca...}, goog:chromeOptions: {debuggerAddress: localhost:61703}, javascriptEnabled: true, networkConnectionEnabled: false, pageLoadStrategy: none, platform: WINDOWS, platformName: WINDOWS, proxy: Proxy(), setWindowRect: true, strictFileInteractability: false, timeouts: {implicit: 0, pageLoad: 300000, script: 30000}, unhandledPromptBehavior: dismiss and notify, webauthn:extension:credBlob: true, webauthn:extension:largeBlob: true, webauthn:virtualAuthenticators: true}
Session ID: 274df5efe57fe9c9007035d1101c8197
*** Element info: {Using=xpath, value=//input[@placeholder='Search orders by project id or phone number']}</td>
																</tr>
																<tr>
																	<td class='status info' title='info' alt='info'><i class='mdi-action-info-outline'></i></td>
																	<td class='timestamp'>18:20:05</td>
																	<td class='step-details'>ScreenShot is accessible in D:\Pratik\ATLC2804\QA-Automation/Execution Status/ScreenShots/Element 04_28_2022ThuApr28182004IST202204281820100000000815443267.png</td>
																</tr>
																<tr>
																	<td class='status warning' title='warning' alt='warning'><i class='mdi-alert-warning'></i></td>
																	<td class='timestamp'>18:20:05</td>
																	<td class='step-details'><a href='D:\Pratik\ATLC2804\QA-Automation\Execution Status\ScreenShots\Element 04_28_2022ThuApr28182004IST202204281820100000000815443267.png' data-featherlight='image'><img class='report-img' src='file:///D:\Pratik\ATLC2804\QA-Automation\Execution Status\ScreenShots\Element 04_28_2022ThuApr28182004IST202204281820100000000815443267.png' /></a></td>
																</tr>
																<tr>
																	<td class='status warning' title='warning' alt='warning'><i class='mdi-alert-warning'></i></td>
																	<td class='timestamp'>18:20:35</td>
																	<td class='step-details'>Proxy element for: DefaultElementLocator 'By.xpath: //input[@placeholder='Search orders by project id or phone number']' is not accessible</td>
																</tr>
																<tr>
																	<td class='status info' title='info' alt='info'><i class='mdi-action-info-outline'></i></td>
																	<td class='timestamp'>18:21:05</td>
																	<td class='step-details'>ScreenShot is accessible in D:\Pratik\ATLC2804\QA-Automation/Execution Status/ScreenShots/testDashboardModifyCancel 04_28_2022ThuApr28182105IST202204281821100000000456738932.png</td>
																</tr>
																<tr>
																	<td class='status fail' title='fail' alt='fail'><i class='mdi-navigation-cancel'></i></td>
																	<td class='timestamp'>18:21:05</td>
																	<td class='step-details'>org.openqa.selenium.NoSuchElementException: no such element: Unable to locate element: {"method":"xpath","selector":"//button[@type='submit']"}
  (Session info: chrome=100.0.4896.127)
For documentation on this error, please visit: https://www.seleniumhq.org/exceptions/no_such_element.html
Build info: version: '3.141.59', revision: 'e82be7d358', time: '2018-11-14T08:25:53'
System info: host: 'LAPTOP-EHJA3SCC', ip: '10.212.212.150', os.name: 'Windows 10', os.arch: 'amd64', os.version: '10.0', java.version: '1.8.0_271'
Driver info: org.openqa.selenium.chrome.ChromeDriver
Capabilities {acceptInsecureCerts: false, browserName: chrome, browserVersion: 100.0.4896.127, chrome: {chromedriverVersion: 100.0.4896.60 (6a5d10861ce8..., userDataDir: C:\Users\Prati\AppData\Loca...}, goog:chromeOptions: {debuggerAddress: localhost:61703}, javascriptEnabled: true, networkConnectionEnabled: false, pageLoadStrategy: none, platform: WINDOWS, platformName: WINDOWS, proxy: Proxy(), setWindowRect: true, strictFileInteractability: false, timeouts: {implicit: 0, pageLoad: 300000, script: 30000}, unhandledPromptBehavior: dismiss and notify, webauthn:extension:credBlob: true, webauthn:extension:largeBlob: true, webauthn:virtualAuthenticators: true}
Session ID: 274df5efe57fe9c9007035d1101c8197
*** Element info: {Using=xpath, value=//button[@type='submit']}</td>
																</tr>
																<tr>
																	<td class='status fail' title='fail' alt='fail'><i class='mdi-navigation-cancel'></i></td>
																	<td class='timestamp'>18:21:05</td>
																	<td class='step-details'><a href='D:\Pratik\ATLC2804\QA-Automation\Execution Status\ScreenShots\testDashboardModifyCancel 04_28_2022ThuApr28182105IST202204281821100000000456738932.png' data-featherlight='image'><img class='report-img' src='file:///D:\Pratik\ATLC2804\QA-Automation\Execution Status\ScreenShots\testDashboardModifyCancel 04_28_2022ThuApr28182105IST202204281821100000000456738932.png' /></a></td>
																</tr>
																<tr>
																	<td class='status fail' title='fail' alt='fail'><i class='mdi-navigation-cancel'></i></td>
																	<td class='timestamp'>18:21:05</td>
																	<td class='step-details'>com.modules.orders.dashboard.DashboardPortInModifyTest is Failed</td>
																</tr>
														</tbody>
													</table>
													<ul class='collapsible node-list' data-collapsible='accordion'>
													</ul>
												</div>
											</div>
										</li>
										<li class='collection-item test displayed active fail ' extentid='70cd60b0-ec45-4bc6-abc9-6bad4c8a8d0f'>
											<div class='test-head'>
												<span class='test-name'>Test Dashboard PortIn Cancel </span>
												<span class='test-status label right outline capitalize fail'>fail</span>
												<span class='category-assigned hide '></span>
											</div>
											<div class='test-body'>
												<div class='test-info'>
													<span title='Test started time' alt='Test started time' class='test-started-time label green lighten-1 text-white'>2022-04-28 18:21:05</span>
													<span title='Test ended time' alt='Test ended time' class='test-ended-time label red lighten-1 text-white'>2022-04-28 18:27:08</span>
													<span title='Time taken to finish' alt='Time taken to finish' class='test-time-taken label blue-grey lighten-3 text-white'>0h 6m 2s+871ms</span>
												</div>
												<div class='test-desc'></div>
												<div class='test-attributes'>
												</div>
												<div class='test-steps'>
													<table class='bordered table-results'>
														<thead>
															<tr>
																<th>Status</th>
																<th>Timestamp</th>
																<th>Details</th>
															</tr>
														</thead>
														<tbody>
																<tr>
																	<td class='status pass' title='pass' alt='pass'><i class='mdi-action-check-circle'></i></td>
																	<td class='timestamp'>18:21:24</td>
																	<td class='step-details'>Navigate To Dashboard</td>
																</tr>
																<tr>
																	<td class='status pass' title='pass' alt='pass'><i class='mdi-action-check-circle'></i></td>
																	<td class='timestamp'>18:21:38</td>
																	<td class='step-details'>Clicked on Create</td>
																</tr>
																<tr>
																	<td class='status pass' title='pass' alt='pass'><i class='mdi-action-check-circle'></i></td>
																	<td class='timestamp'>18:21:44</td>
																	<td class='step-details'>Selected PortIn option</td>
																</tr>
																<tr>
																	<td class='status pass' title='pass' alt='pass'><i class='mdi-action-check-circle'></i></td>
																	<td class='timestamp'>18:21:51</td>
																	<td class='step-details'>Title is matching: Port in</td>
																</tr>
																<tr>
																	<td class='status pass' title='pass' alt='pass'><i class='mdi-action-check-circle'></i></td>
																	<td class='timestamp'>18:21:57</td>
																	<td class='step-details'>Entered new PortNumber</td>
																</tr>
																<tr>
																	<td class='status pass' title='pass' alt='pass'><i class='mdi-action-check-circle'></i></td>
																	<td class='timestamp'>18:23:38</td>
																	<td class='step-details'>Actual value is  matching with Expected Value: Create</td>
																</tr>
																<tr>
																	<td class='status pass' title='pass' alt='pass'><i class='mdi-action-check-circle'></i></td>
																	<td class='timestamp'>18:23:38</td>
																	<td class='step-details'>Verified portIn Page Title</td>
																</tr>
																<tr>
																	<td class='status pass' title='pass' alt='pass'><i class='mdi-action-check-circle'></i></td>
																	<td class='timestamp'>18:23:38</td>
																	<td class='step-details'>Actual value is  matching with Expected Value: Enter and Validate Porting Numbers</td>
																</tr>
																<tr>
																	<td class='status pass' title='pass' alt='pass'><i class='mdi-action-check-circle'></i></td>
																	<td class='timestamp'>18:23:38</td>
																	<td class='step-details'>Actual value is  matching with Expected Value: Order only</td>
																</tr>
																<tr>
																	<td class='status pass' title='pass' alt='pass'><i class='mdi-action-check-circle'></i></td>
																	<td class='timestamp'>18:23:38</td>
																	<td class='step-details'>PortIn is created for 5274208510</td>
																</tr>
																<tr>
																	<td class='status pass' title='pass' alt='pass'><i class='mdi-action-check-circle'></i></td>
																	<td class='timestamp'>18:24:54</td>
																	<td class='step-details'>PortIn is selected Date: 5/23/2022</td>
																</tr>
																<tr>
																	<td class='status pass' title='pass' alt='pass'><i class='mdi-action-check-circle'></i></td>
																	<td class='timestamp'>18:25:24</td>
																	<td class='step-details'>PortIn ProjectID: PID-527420851095</td>
																</tr>
																<tr>
																	<td class='status info' title='info' alt='info'><i class='mdi-action-info-outline'></i></td>
																	<td class='timestamp'>18:26:07</td>
																	<td class='step-details'>org.openqa.selenium.NoSuchElementException: no such element: Unable to locate element: {"method":"xpath","selector":"//input[@placeholder='Search orders by project id or phone number']"}
  (Session info: chrome=100.0.4896.127)
For documentation on this error, please visit: https://www.seleniumhq.org/exceptions/no_such_element.html
Build info: version: '3.141.59', revision: 'e82be7d358', time: '2018-11-14T08:25:53'
System info: host: 'LAPTOP-EHJA3SCC', ip: '10.212.212.150', os.name: 'Windows 10', os.arch: 'amd64', os.version: '10.0', java.version: '1.8.0_271'
Driver info: org.openqa.selenium.chrome.ChromeDriver
Capabilities {acceptInsecureCerts: false, browserName: chrome, browserVersion: 100.0.4896.127, chrome: {chromedriverVersion: 100.0.4896.60 (6a5d10861ce8..., userDataDir: C:\Users\Prati\AppData\Loca...}, goog:chromeOptions: {debuggerAddress: localhost:61703}, javascriptEnabled: true, networkConnectionEnabled: false, pageLoadStrategy: none, platform: WINDOWS, platformName: WINDOWS, proxy: Proxy(), setWindowRect: true, strictFileInteractability: false, timeouts: {implicit: 0, pageLoad: 300000, script: 30000}, unhandledPromptBehavior: dismiss and notify, webauthn:extension:credBlob: true, webauthn:extension:largeBlob: true, webauthn:virtualAuthenticators: true}
Session ID: 274df5efe57fe9c9007035d1101c8197
*** Element info: {Using=xpath, value=//input[@placeholder='Search orders by project id or phone number']}</td>
																</tr>
																<tr>
																	<td class='status info' title='info' alt='info'><i class='mdi-action-info-outline'></i></td>
																	<td class='timestamp'>18:26:08</td>
																	<td class='step-details'>ScreenShot is accessible in D:\Pratik\ATLC2804\QA-Automation/Execution Status/ScreenShots/Element 04_28_2022ThuApr28182607IST202204281826100000000623664603.png</td>
																</tr>
																<tr>
																	<td class='status warning' title='warning' alt='warning'><i class='mdi-alert-warning'></i></td>
																	<td class='timestamp'>18:26:08</td>
																	<td class='step-details'><a href='D:\Pratik\ATLC2804\QA-Automation\Execution Status\ScreenShots\Element 04_28_2022ThuApr28182607IST202204281826100000000623664603.png' data-featherlight='image'><img class='report-img' src='file:///D:\Pratik\ATLC2804\QA-Automation\Execution Status\ScreenShots\Element 04_28_2022ThuApr28182607IST202204281826100000000623664603.png' /></a></td>
																</tr>
																<tr>
																	<td class='status warning' title='warning' alt='warning'><i class='mdi-alert-warning'></i></td>
																	<td class='timestamp'>18:26:38</td>
																	<td class='step-details'>Proxy element for: DefaultElementLocator 'By.xpath: //input[@placeholder='Search orders by project id or phone number']' is not accessible</td>
																</tr>
																<tr>
																	<td class='status info' title='info' alt='info'><i class='mdi-action-info-outline'></i></td>
																	<td class='timestamp'>18:27:08</td>
																	<td class='step-details'>ScreenShot is accessible in D:\Pratik\ATLC2804\QA-Automation/Execution Status/ScreenShots/testDashboardPortInCancel 04_28_2022ThuApr28182708IST202204281827100000000420731918.png</td>
																</tr>
																<tr>
																	<td class='status fail' title='fail' alt='fail'><i class='mdi-navigation-cancel'></i></td>
																	<td class='timestamp'>18:27:08</td>
																	<td class='step-details'>org.openqa.selenium.NoSuchElementException: no such element: Unable to locate element: {"method":"xpath","selector":"//button[@type='submit']"}
  (Session info: chrome=100.0.4896.127)
For documentation on this error, please visit: https://www.seleniumhq.org/exceptions/no_such_element.html
Build info: version: '3.141.59', revision: 'e82be7d358', time: '2018-11-14T08:25:53'
System info: host: 'LAPTOP-EHJA3SCC', ip: '10.212.212.150', os.name: 'Windows 10', os.arch: 'amd64', os.version: '10.0', java.version: '1.8.0_271'
Driver info: org.openqa.selenium.chrome.ChromeDriver
Capabilities {acceptInsecureCerts: false, browserName: chrome, browserVersion: 100.0.4896.127, chrome: {chromedriverVersion: 100.0.4896.60 (6a5d10861ce8..., userDataDir: C:\Users\Prati\AppData\Loca...}, goog:chromeOptions: {debuggerAddress: localhost:61703}, javascriptEnabled: true, networkConnectionEnabled: false, pageLoadStrategy: none, platform: WINDOWS, platformName: WINDOWS, proxy: Proxy(), setWindowRect: true, strictFileInteractability: false, timeouts: {implicit: 0, pageLoad: 300000, script: 30000}, unhandledPromptBehavior: dismiss and notify, webauthn:extension:credBlob: true, webauthn:extension:largeBlob: true, webauthn:virtualAuthenticators: true}
Session ID: 274df5efe57fe9c9007035d1101c8197
*** Element info: {Using=xpath, value=//button[@type='submit']}</td>
																</tr>
																<tr>
																	<td class='status fail' title='fail' alt='fail'><i class='mdi-navigation-cancel'></i></td>
																	<td class='timestamp'>18:27:08</td>
																	<td class='step-details'><a href='D:\Pratik\ATLC2804\QA-Automation\Execution Status\ScreenShots\testDashboardPortInCancel 04_28_2022ThuApr28182708IST202204281827100000000420731918.png' data-featherlight='image'><img class='report-img' src='file:///D:\Pratik\ATLC2804\QA-Automation\Execution Status\ScreenShots\testDashboardPortInCancel 04_28_2022ThuApr28182708IST202204281827100000000420731918.png' /></a></td>
																</tr>
																<tr>
																	<td class='status fail' title='fail' alt='fail'><i class='mdi-navigation-cancel'></i></td>
																	<td class='timestamp'>18:27:08</td>
																	<td class='step-details'>com.modules.orders.dashboard.DashboardPortInCancelTest is Failed</td>
																</tr>
														</tbody>
													</table>
													<ul class='collapsible node-list' data-collapsible='accordion'>
													</ul>
												</div>
											</div>
										</li>
										<li class='collection-item test displayed active fail ' extentid='6f7d961f-9ea5-45d3-b4ed-739ced7888bd'>
											<div class='test-head'>
												<span class='test-name'>Test Order page PortIn Cancel </span>
												<span class='test-status label right outline capitalize fail'>fail</span>
												<span class='category-assigned hide '></span>
											</div>
											<div class='test-body'>
												<div class='test-info'>
													<span title='Test started time' alt='Test started time' class='test-started-time label green lighten-1 text-white'>2022-04-28 18:27:08</span>
													<span title='Test ended time' alt='Test ended time' class='test-ended-time label red lighten-1 text-white'>2022-04-28 18:33:11</span>
													<span title='Time taken to finish' alt='Time taken to finish' class='test-time-taken label blue-grey lighten-3 text-white'>0h 6m 2s+475ms</span>
												</div>
												<div class='test-desc'></div>
												<div class='test-attributes'>
												</div>
												<div class='test-steps'>
													<table class='bordered table-results'>
														<thead>
															<tr>
																<th>Status</th>
																<th>Timestamp</th>
																<th>Details</th>
															</tr>
														</thead>
														<tbody>
																<tr>
																	<td class='status pass' title='pass' alt='pass'><i class='mdi-action-check-circle'></i></td>
																	<td class='timestamp'>18:27:26</td>
																	<td class='step-details'>Navigate To Dashboard</td>
																</tr>
																<tr>
																	<td class='status pass' title='pass' alt='pass'><i class='mdi-action-check-circle'></i></td>
																	<td class='timestamp'>18:27:41</td>
																	<td class='step-details'>Clicked on Create</td>
																</tr>
																<tr>
																	<td class='status pass' title='pass' alt='pass'><i class='mdi-action-check-circle'></i></td>
																	<td class='timestamp'>18:27:48</td>
																	<td class='step-details'>Selected PortIn option</td>
																</tr>
																<tr>
																	<td class='status pass' title='pass' alt='pass'><i class='mdi-action-check-circle'></i></td>
																	<td class='timestamp'>18:27:54</td>
																	<td class='step-details'>Title is matching: Port in</td>
																</tr>
																<tr>
																	<td class='status pass' title='pass' alt='pass'><i class='mdi-action-check-circle'></i></td>
																	<td class='timestamp'>18:28:00</td>
																	<td class='step-details'>Entered new PortNumber</td>
																</tr>
																<tr>
																	<td class='status pass' title='pass' alt='pass'><i class='mdi-action-check-circle'></i></td>
																	<td class='timestamp'>18:29:41</td>
																	<td class='step-details'>Actual value is  matching with Expected Value: Create</td>
																</tr>
																<tr>
																	<td class='status pass' title='pass' alt='pass'><i class='mdi-action-check-circle'></i></td>
																	<td class='timestamp'>18:29:41</td>
																	<td class='step-details'>Verified portIn Page Title</td>
																</tr>
																<tr>
																	<td class='status pass' title='pass' alt='pass'><i class='mdi-action-check-circle'></i></td>
																	<td class='timestamp'>18:29:41</td>
																	<td class='step-details'>Actual value is  matching with Expected Value: Enter and Validate Porting Numbers</td>
																</tr>
																<tr>
																	<td class='status pass' title='pass' alt='pass'><i class='mdi-action-check-circle'></i></td>
																	<td class='timestamp'>18:29:41</td>
																	<td class='step-details'>Actual value is  matching with Expected Value: Order only</td>
																</tr>
																<tr>
																	<td class='status pass' title='pass' alt='pass'><i class='mdi-action-check-circle'></i></td>
																	<td class='timestamp'>18:29:41</td>
																	<td class='step-details'>PortIn is created for 5274208511</td>
																</tr>
																<tr>
																	<td class='status pass' title='pass' alt='pass'><i class='mdi-action-check-circle'></i></td>
																	<td class='timestamp'>18:30:57</td>
																	<td class='step-details'>PortIn is selected Date: 5/26/2022</td>
																</tr>
																<tr>
																	<td class='status pass' title='pass' alt='pass'><i class='mdi-action-check-circle'></i></td>
																	<td class='timestamp'>18:31:27</td>
																	<td class='step-details'>PortIn ProjectID: PID-527420851122</td>
																</tr>
																<tr>
																	<td class='status info' title='info' alt='info'><i class='mdi-action-info-outline'></i></td>
																	<td class='timestamp'>18:32:09</td>
																	<td class='step-details'>org.openqa.selenium.NoSuchElementException: no such element: Unable to locate element: {"method":"xpath","selector":"//input[@placeholder='Search orders by project id or phone number']"}
  (Session info: chrome=100.0.4896.127)
For documentation on this error, please visit: https://www.seleniumhq.org/exceptions/no_such_element.html
Build info: version: '3.141.59', revision: 'e82be7d358', time: '2018-11-14T08:25:53'
System info: host: 'LAPTOP-EHJA3SCC', ip: '10.212.212.150', os.name: 'Windows 10', os.arch: 'amd64', os.version: '10.0', java.version: '1.8.0_271'
Driver info: org.openqa.selenium.chrome.ChromeDriver
Capabilities {acceptInsecureCerts: false, browserName: chrome, browserVersion: 100.0.4896.127, chrome: {chromedriverVersion: 100.0.4896.60 (6a5d10861ce8..., userDataDir: C:\Users\Prati\AppData\Loca...}, goog:chromeOptions: {debuggerAddress: localhost:61703}, javascriptEnabled: true, networkConnectionEnabled: false, pageLoadStrategy: none, platform: WINDOWS, platformName: WINDOWS, proxy: Proxy(), setWindowRect: true, strictFileInteractability: false, timeouts: {implicit: 0, pageLoad: 300000, script: 30000}, unhandledPromptBehavior: dismiss and notify, webauthn:extension:credBlob: true, webauthn:extension:largeBlob: true, webauthn:virtualAuthenticators: true}
Session ID: 274df5efe57fe9c9007035d1101c8197
*** Element info: {Using=xpath, value=//input[@placeholder='Search orders by project id or phone number']}</td>
																</tr>
																<tr>
																	<td class='status info' title='info' alt='info'><i class='mdi-action-info-outline'></i></td>
																	<td class='timestamp'>18:32:10</td>
																	<td class='step-details'>ScreenShot is accessible in D:\Pratik\ATLC2804\QA-Automation/Execution Status/ScreenShots/Element 04_28_2022ThuApr28183210IST20220428183210000000058040142.png</td>
																</tr>
																<tr>
																	<td class='status warning' title='warning' alt='warning'><i class='mdi-alert-warning'></i></td>
																	<td class='timestamp'>18:32:10</td>
																	<td class='step-details'><a href='D:\Pratik\ATLC2804\QA-Automation\Execution Status\ScreenShots\Element 04_28_2022ThuApr28183210IST20220428183210000000058040142.png' data-featherlight='image'><img class='report-img' src='file:///D:\Pratik\ATLC2804\QA-Automation\Execution Status\ScreenShots\Element 04_28_2022ThuApr28183210IST20220428183210000000058040142.png' /></a></td>
																</tr>
																<tr>
																	<td class='status warning' title='warning' alt='warning'><i class='mdi-alert-warning'></i></td>
																	<td class='timestamp'>18:32:40</td>
																	<td class='step-details'>Proxy element for: DefaultElementLocator 'By.xpath: //input[@placeholder='Search orders by project id or phone number']' is not accessible</td>
																</tr>
																<tr>
																	<td class='status info' title='info' alt='info'><i class='mdi-action-info-outline'></i></td>
																	<td class='timestamp'>18:33:11</td>
																	<td class='step-details'>ScreenShot is accessible in D:\Pratik\ATLC2804\QA-Automation/Execution Status/ScreenShots/testOrderPortInCancel 04_28_2022ThuApr28183310IST202204281833100000000292010000.png</td>
																</tr>
																<tr>
																	<td class='status fail' title='fail' alt='fail'><i class='mdi-navigation-cancel'></i></td>
																	<td class='timestamp'>18:33:11</td>
																	<td class='step-details'>org.openqa.selenium.NoSuchElementException: no such element: Unable to locate element: {"method":"xpath","selector":"//button[@type='submit']"}
  (Session info: chrome=100.0.4896.127)
For documentation on this error, please visit: https://www.seleniumhq.org/exceptions/no_such_element.html
Build info: version: '3.141.59', revision: 'e82be7d358', time: '2018-11-14T08:25:53'
System info: host: 'LAPTOP-EHJA3SCC', ip: '10.212.212.150', os.name: 'Windows 10', os.arch: 'amd64', os.version: '10.0', java.version: '1.8.0_271'
Driver info: org.openqa.selenium.chrome.ChromeDriver
Capabilities {acceptInsecureCerts: false, browserName: chrome, browserVersion: 100.0.4896.127, chrome: {chromedriverVersion: 100.0.4896.60 (6a5d10861ce8..., userDataDir: C:\Users\Prati\AppData\Loca...}, goog:chromeOptions: {debuggerAddress: localhost:61703}, javascriptEnabled: true, networkConnectionEnabled: false, pageLoadStrategy: none, platform: WINDOWS, platformName: WINDOWS, proxy: Proxy(), setWindowRect: true, strictFileInteractability: false, timeouts: {implicit: 0, pageLoad: 300000, script: 30000}, unhandledPromptBehavior: dismiss and notify, webauthn:extension:credBlob: true, webauthn:extension:largeBlob: true, webauthn:virtualAuthenticators: true}
Session ID: 274df5efe57fe9c9007035d1101c8197
*** Element info: {Using=xpath, value=//button[@type='submit']}</td>
																</tr>
																<tr>
																	<td class='status fail' title='fail' alt='fail'><i class='mdi-navigation-cancel'></i></td>
																	<td class='timestamp'>18:33:11</td>
																	<td class='step-details'><a href='D:\Pratik\ATLC2804\QA-Automation\Execution Status\ScreenShots\testOrderPortInCancel 04_28_2022ThuApr28183310IST202204281833100000000292010000.png' data-featherlight='image'><img class='report-img' src='file:///D:\Pratik\ATLC2804\QA-Automation\Execution Status\ScreenShots\testOrderPortInCancel 04_28_2022ThuApr28183310IST202204281833100000000292010000.png' /></a></td>
																</tr>
																<tr>
																	<td class='status fail' title='fail' alt='fail'><i class='mdi-navigation-cancel'></i></td>
																	<td class='timestamp'>18:33:11</td>
																	<td class='step-details'>com.modules.orders.dashboard.OrderPortInCancelTest is Failed</td>
																</tr>
														</tbody>
													</table>
													<ul class='collapsible node-list' data-collapsible='accordion'>
													</ul>
												</div>
											</div>
										</li>
										<li class='collection-item test displayed active fail ' extentid='192a7099-fd3b-4c58-b02d-9ee8604aaa59'>
											<div class='test-head'>
												<span class='test-name'>Test Order page PortIn Modify </span>
												<span class='test-status label right outline capitalize fail'>fail</span>
												<span class='category-assigned hide '></span>
											</div>
											<div class='test-body'>
												<div class='test-info'>
													<span title='Test started time' alt='Test started time' class='test-started-time label green lighten-1 text-white'>2022-04-28 18:33:11</span>
													<span title='Test ended time' alt='Test ended time' class='test-ended-time label red lighten-1 text-white'>2022-04-28 18:39:13</span>
													<span title='Time taken to finish' alt='Time taken to finish' class='test-time-taken label blue-grey lighten-3 text-white'>0h 6m 2s+512ms</span>
												</div>
												<div class='test-desc'></div>
												<div class='test-attributes'>
												</div>
												<div class='test-steps'>
													<table class='bordered table-results'>
														<thead>
															<tr>
																<th>Status</th>
																<th>Timestamp</th>
																<th>Details</th>
															</tr>
														</thead>
														<tbody>
																<tr>
																	<td class='status pass' title='pass' alt='pass'><i class='mdi-action-check-circle'></i></td>
																	<td class='timestamp'>18:33:29</td>
																	<td class='step-details'>Navigate To Dashboard</td>
																</tr>
																<tr>
																	<td class='status pass' title='pass' alt='pass'><i class='mdi-action-check-circle'></i></td>
																	<td class='timestamp'>18:33:44</td>
																	<td class='step-details'>Clicked on Create</td>
																</tr>
																<tr>
																	<td class='status pass' title='pass' alt='pass'><i class='mdi-action-check-circle'></i></td>
																	<td class='timestamp'>18:33:50</td>
																	<td class='step-details'>Selected PortIn option</td>
																</tr>
																<tr>
																	<td class='status pass' title='pass' alt='pass'><i class='mdi-action-check-circle'></i></td>
																	<td class='timestamp'>18:33:56</td>
																	<td class='step-details'>Title is matching: Port in</td>
																</tr>
																<tr>
																	<td class='status pass' title='pass' alt='pass'><i class='mdi-action-check-circle'></i></td>
																	<td class='timestamp'>18:34:03</td>
																	<td class='step-details'>Entered new PortNumber</td>
																</tr>
																<tr>
																	<td class='status pass' title='pass' alt='pass'><i class='mdi-action-check-circle'></i></td>
																	<td class='timestamp'>18:35:44</td>
																	<td class='step-details'>Actual value is  matching with Expected Value: Create</td>
																</tr>
																<tr>
																	<td class='status pass' title='pass' alt='pass'><i class='mdi-action-check-circle'></i></td>
																	<td class='timestamp'>18:35:44</td>
																	<td class='step-details'>Verified portIn Page Title</td>
																</tr>
																<tr>
																	<td class='status pass' title='pass' alt='pass'><i class='mdi-action-check-circle'></i></td>
																	<td class='timestamp'>18:35:44</td>
																	<td class='step-details'>Actual value is  matching with Expected Value: Enter and Validate Porting Numbers</td>
																</tr>
																<tr>
																	<td class='status pass' title='pass' alt='pass'><i class='mdi-action-check-circle'></i></td>
																	<td class='timestamp'>18:35:44</td>
																	<td class='step-details'>Actual value is  matching with Expected Value: Order only</td>
																</tr>
																<tr>
																	<td class='status pass' title='pass' alt='pass'><i class='mdi-action-check-circle'></i></td>
																	<td class='timestamp'>18:35:44</td>
																	<td class='step-details'>PortIn is created for 5274208512</td>
																</tr>
																<tr>
																	<td class='status pass' title='pass' alt='pass'><i class='mdi-action-check-circle'></i></td>
																	<td class='timestamp'>18:36:59</td>
																	<td class='step-details'>PortIn is selected Date: 5/19/2022</td>
																</tr>
																<tr>
																	<td class='status pass' title='pass' alt='pass'><i class='mdi-action-check-circle'></i></td>
																	<td class='timestamp'>18:37:29</td>
																	<td class='step-details'>PortIn ProjectID: PID-5274208512918</td>
																</tr>
																<tr>
																	<td class='status info' title='info' alt='info'><i class='mdi-action-info-outline'></i></td>
																	<td class='timestamp'>18:38:12</td>
																	<td class='step-details'>org.openqa.selenium.NoSuchElementException: no such element: Unable to locate element: {"method":"xpath","selector":"//input[@placeholder='Search orders by project id or phone number']"}
  (Session info: chrome=100.0.4896.127)
For documentation on this error, please visit: https://www.seleniumhq.org/exceptions/no_such_element.html
Build info: version: '3.141.59', revision: 'e82be7d358', time: '2018-11-14T08:25:53'
System info: host: 'LAPTOP-EHJA3SCC', ip: '10.212.212.150', os.name: 'Windows 10', os.arch: 'amd64', os.version: '10.0', java.version: '1.8.0_271'
Driver info: org.openqa.selenium.chrome.ChromeDriver
Capabilities {acceptInsecureCerts: false, browserName: chrome, browserVersion: 100.0.4896.127, chrome: {chromedriverVersion: 100.0.4896.60 (6a5d10861ce8..., userDataDir: C:\Users\Prati\AppData\Loca...}, goog:chromeOptions: {debuggerAddress: localhost:61703}, javascriptEnabled: true, networkConnectionEnabled: false, pageLoadStrategy: none, platform: WINDOWS, platformName: WINDOWS, proxy: Proxy(), setWindowRect: true, strictFileInteractability: false, timeouts: {implicit: 0, pageLoad: 300000, script: 30000}, unhandledPromptBehavior: dismiss and notify, webauthn:extension:credBlob: true, webauthn:extension:largeBlob: true, webauthn:virtualAuthenticators: true}
Session ID: 274df5efe57fe9c9007035d1101c8197
*** Element info: {Using=xpath, value=//input[@placeholder='Search orders by project id or phone number']}</td>
																</tr>
																<tr>
																	<td class='status info' title='info' alt='info'><i class='mdi-action-info-outline'></i></td>
																	<td class='timestamp'>18:38:13</td>
																	<td class='step-details'>ScreenShot is accessible in D:\Pratik\ATLC2804\QA-Automation/Execution Status/ScreenShots/Element 04_28_2022ThuApr28183812IST202204281838100000000525020807.png</td>
																</tr>
																<tr>
																	<td class='status warning' title='warning' alt='warning'><i class='mdi-alert-warning'></i></td>
																	<td class='timestamp'>18:38:13</td>
																	<td class='step-details'><a href='D:\Pratik\ATLC2804\QA-Automation\Execution Status\ScreenShots\Element 04_28_2022ThuApr28183812IST202204281838100000000525020807.png' data-featherlight='image'><img class='report-img' src='file:///D:\Pratik\ATLC2804\QA-Automation\Execution Status\ScreenShots\Element 04_28_2022ThuApr28183812IST202204281838100000000525020807.png' /></a></td>
																</tr>
																<tr>
																	<td class='status warning' title='warning' alt='warning'><i class='mdi-alert-warning'></i></td>
																	<td class='timestamp'>18:38:43</td>
																	<td class='step-details'>Proxy element for: DefaultElementLocator 'By.xpath: //input[@placeholder='Search orders by project id or phone number']' is not accessible</td>
																</tr>
																<tr>
																	<td class='status info' title='info' alt='info'><i class='mdi-action-info-outline'></i></td>
																	<td class='timestamp'>18:39:13</td>
																	<td class='step-details'>ScreenShot is accessible in D:\Pratik\ATLC2804\QA-Automation/Execution Status/ScreenShots/testOrderPortInModify 04_28_2022ThuApr28183913IST202204281839100000000160238794.png</td>
																</tr>
																<tr>
																	<td class='status fail' title='fail' alt='fail'><i class='mdi-navigation-cancel'></i></td>
																	<td class='timestamp'>18:39:13</td>
																	<td class='step-details'>org.openqa.selenium.NoSuchElementException: no such element: Unable to locate element: {"method":"xpath","selector":"//button[@type='submit']"}
  (Session info: chrome=100.0.4896.127)
For documentation on this error, please visit: https://www.seleniumhq.org/exceptions/no_such_element.html
Build info: version: '3.141.59', revision: 'e82be7d358', time: '2018-11-14T08:25:53'
System info: host: 'LAPTOP-EHJA3SCC', ip: '10.212.212.150', os.name: 'Windows 10', os.arch: 'amd64', os.version: '10.0', java.version: '1.8.0_271'
Driver info: org.openqa.selenium.chrome.ChromeDriver
Capabilities {acceptInsecureCerts: false, browserName: chrome, browserVersion: 100.0.4896.127, chrome: {chromedriverVersion: 100.0.4896.60 (6a5d10861ce8..., userDataDir: C:\Users\Prati\AppData\Loca...}, goog:chromeOptions: {debuggerAddress: localhost:61703}, javascriptEnabled: true, networkConnectionEnabled: false, pageLoadStrategy: none, platform: WINDOWS, platformName: WINDOWS, proxy: Proxy(), setWindowRect: true, strictFileInteractability: false, timeouts: {implicit: 0, pageLoad: 300000, script: 30000}, unhandledPromptBehavior: dismiss and notify, webauthn:extension:credBlob: true, webauthn:extension:largeBlob: true, webauthn:virtualAuthenticators: true}
Session ID: 274df5efe57fe9c9007035d1101c8197
*** Element info: {Using=xpath, value=//button[@type='submit']}</td>
																</tr>
																<tr>
																	<td class='status fail' title='fail' alt='fail'><i class='mdi-navigation-cancel'></i></td>
																	<td class='timestamp'>18:39:13</td>
																	<td class='step-details'><a href='D:\Pratik\ATLC2804\QA-Automation\Execution Status\ScreenShots\testOrderPortInModify 04_28_2022ThuApr28183913IST202204281839100000000160238794.png' data-featherlight='image'><img class='report-img' src='file:///D:\Pratik\ATLC2804\QA-Automation\Execution Status\ScreenShots\testOrderPortInModify 04_28_2022ThuApr28183913IST202204281839100000000160238794.png' /></a></td>
																</tr>
																<tr>
																	<td class='status fail' title='fail' alt='fail'><i class='mdi-navigation-cancel'></i></td>
																	<td class='timestamp'>18:39:13</td>
																	<td class='step-details'>com.modules.orders.dashboard.OrderPortInModifyTest is Failed</td>
																</tr>
														</tbody>
													</table>
													<ul class='collapsible node-list' data-collapsible='accordion'>
													</ul>
												</div>
											</div>
										</li>
										<li class='collection-item test displayed active warning ' extentid='8d1d0e4f-7c61-4b1a-8714-97cc5d2e4ffb'>
											<div class='test-head'>
												<span class='test-name'>Test PortIn CSROnly </span>
												<span class='test-status label right outline capitalize warning'>warning</span>
												<span class='category-assigned hide '></span>
											</div>
											<div class='test-body'>
												<div class='test-info'>
													<span title='Test started time' alt='Test started time' class='test-started-time label green lighten-1 text-white'>2022-04-28 18:39:13</span>
													<span title='Test ended time' alt='Test ended time' class='test-ended-time label red lighten-1 text-white'>2022-04-28 18:46:11</span>
													<span title='Time taken to finish' alt='Time taken to finish' class='test-time-taken label blue-grey lighten-3 text-white'>0h 6m 58s+77ms</span>
												</div>
												<div class='test-desc'></div>
												<div class='test-attributes'>
												</div>
												<div class='test-steps'>
													<table class='bordered table-results'>
														<thead>
															<tr>
																<th>Status</th>
																<th>Timestamp</th>
																<th>Details</th>
															</tr>
														</thead>
														<tbody>
																<tr>
																	<td class='status pass' title='pass' alt='pass'><i class='mdi-action-check-circle'></i></td>
																	<td class='timestamp'>18:39:31</td>
																	<td class='step-details'>Navigate To Dashboard</td>
																</tr>
																<tr>
																	<td class='status pass' title='pass' alt='pass'><i class='mdi-action-check-circle'></i></td>
																	<td class='timestamp'>18:39:46</td>
																	<td class='step-details'>Clicked on Create</td>
																</tr>
																<tr>
																	<td class='status pass' title='pass' alt='pass'><i class='mdi-action-check-circle'></i></td>
																	<td class='timestamp'>18:39:53</td>
																	<td class='step-details'>Selected PortIn option</td>
																</tr>
																<tr>
																	<td class='status pass' title='pass' alt='pass'><i class='mdi-action-check-circle'></i></td>
																	<td class='timestamp'>18:39:59</td>
																	<td class='step-details'>Title is matching: Port in</td>
																</tr>
																<tr>
																	<td class='status pass' title='pass' alt='pass'><i class='mdi-action-check-circle'></i></td>
																	<td class='timestamp'>18:40:05</td>
																	<td class='step-details'>Entered new PortNumber</td>
																</tr>
																<tr>
																	<td class='status pass' title='pass' alt='pass'><i class='mdi-action-check-circle'></i></td>
																	<td class='timestamp'>18:41:46</td>
																	<td class='step-details'>Actual value is  matching with Expected Value: Create</td>
																</tr>
																<tr>
																	<td class='status pass' title='pass' alt='pass'><i class='mdi-action-check-circle'></i></td>
																	<td class='timestamp'>18:41:46</td>
																	<td class='step-details'>Verified portIn Page Title</td>
																</tr>
																<tr>
																	<td class='status pass' title='pass' alt='pass'><i class='mdi-action-check-circle'></i></td>
																	<td class='timestamp'>18:41:46</td>
																	<td class='step-details'>Actual value is  matching with Expected Value: Enter and Validate Porting Numbers</td>
																</tr>
																<tr>
																	<td class='status pass' title='pass' alt='pass'><i class='mdi-action-check-circle'></i></td>
																	<td class='timestamp'>18:41:47</td>
																	<td class='step-details'>Actual value is  matching with Expected Value: Order only</td>
																</tr>
																<tr>
																	<td class='status pass' title='pass' alt='pass'><i class='mdi-action-check-circle'></i></td>
																	<td class='timestamp'>18:41:47</td>
																	<td class='step-details'>PortIn is created for 5274208513</td>
																</tr>
																<tr>
																	<td class='status pass' title='pass' alt='pass'><i class='mdi-action-check-circle'></i></td>
																	<td class='timestamp'>18:43:02</td>
																	<td class='step-details'>PortIn is selected Date: 5/4/2022</td>
																</tr>
																<tr>
																	<td class='status pass' title='pass' alt='pass'><i class='mdi-action-check-circle'></i></td>
																	<td class='timestamp'>18:43:32</td>
																	<td class='step-details'>PortIn ProjectID: PID-5274208513112</td>
																</tr>
																<tr>
																	<td class='status pass' title='pass' alt='pass'><i class='mdi-action-check-circle'></i></td>
																	<td class='timestamp'>18:43:41</td>
																	<td class='step-details'>AccountName : AccountName136</td>
																</tr>
																<tr>
																	<td class='status pass' title='pass' alt='pass'><i class='mdi-action-check-circle'></i></td>
																	<td class='timestamp'>18:43:50</td>
																	<td class='step-details'>Account Number : 00216667936</td>
																</tr>
																<tr>
																	<td class='status pass' title='pass' alt='pass'><i class='mdi-action-check-circle'></i></td>
																	<td class='timestamp'>18:44:18</td>
																	<td class='step-details'>Billing Telephone : 0328758100</td>
																</tr>
																<tr>
																	<td class='status pass' title='pass' alt='pass'><i class='mdi-action-check-circle'></i></td>
																	<td class='timestamp'>18:44:34</td>
																	<td class='step-details'>Searched with Project ID :PID-5274208513112</td>
																</tr>
																<tr>
																	<td class='status pass' title='pass' alt='pass'><i class='mdi-action-check-circle'></i></td>
																	<td class='timestamp'>18:44:41</td>
																	<td class='step-details'>Title is matching: Orders</td>
																</tr>
																<tr>
																	<td class='status warning' title='warning' alt='warning'><i class='mdi-alert-warning'></i></td>
																	<td class='timestamp'>18:44:46</td>
																	<td class='step-details'>csr-only is not Expected</td>
																</tr>
																<tr>
																	<td class='status pass' title='pass' alt='pass'><i class='mdi-action-check-circle'></i></td>
																	<td class='timestamp'>18:44:46</td>
																	<td class='step-details'>Status: CSR Pending is Expected</td>
																</tr>
																<tr>
																	<td class='status pass' title='pass' alt='pass'><i class='mdi-action-check-circle'></i></td>
																	<td class='timestamp'>18:45:05</td>
																	<td class='step-details'>Confirm Popup is Available</td>
																</tr>
																<tr>
																	<td class='status pass' title='pass' alt='pass'><i class='mdi-action-check-circle'></i></td>
																	<td class='timestamp'>18:45:09</td>
																	<td class='step-details'>Actual value is  matching with Expected Value: Are you sure you want to change to CSR Requested?</td>
																</tr>
																<tr>
																	<td class='status pass' title='pass' alt='pass'><i class='mdi-action-check-circle'></i></td>
																	<td class='timestamp'>18:45:18</td>
																	<td class='step-details'>Actual value is  matching with Expected Value: CSR Requested</td>
																</tr>
																<tr>
																	<td class='status pass' title='pass' alt='pass'><i class='mdi-action-check-circle'></i></td>
																	<td class='timestamp'>18:45:22</td>
																	<td class='step-details'>Port Type : csr-only is Expected</td>
																</tr>
																<tr>
																	<td class='status pass' title='pass' alt='pass'><i class='mdi-action-check-circle'></i></td>
																	<td class='timestamp'>18:45:22</td>
																	<td class='step-details'>Status: CSR Requested is Expected</td>
																</tr>
																<tr>
																	<td class='status pass' title='pass' alt='pass'><i class='mdi-action-check-circle'></i></td>
																	<td class='timestamp'>18:45:41</td>
																	<td class='step-details'>Confirm Popup is Available</td>
																</tr>
																<tr>
																	<td class='status pass' title='pass' alt='pass'><i class='mdi-action-check-circle'></i></td>
																	<td class='timestamp'>18:45:46</td>
																	<td class='step-details'>Actual value is  matching with Expected Value: Are you sure you want to approve the CSR and proceed to LSR?</td>
																</tr>
																<tr>
																	<td class='status pass' title='pass' alt='pass'><i class='mdi-action-check-circle'></i></td>
																	<td class='timestamp'>18:45:58</td>
																	<td class='step-details'>Port Type : csr-only is Expected</td>
																</tr>
																<tr>
																	<td class='status pass' title='pass' alt='pass'><i class='mdi-action-check-circle'></i></td>
																	<td class='timestamp'>18:45:58</td>
																	<td class='step-details'>Status: CSR Received is Expected</td>
																</tr>
																<tr>
																	<td class='status info' title='info' alt='info'><i class='mdi-action-info-outline'></i></td>
																	<td class='timestamp'>18:46:11</td>
																	<td class='step-details'>Archive option Present</td>
																</tr>
																<tr>
																	<td class='status pass' title='pass' alt='pass'><i class='mdi-action-check-circle'></i></td>
																	<td class='timestamp'>18:46:11</td>
																	<td class='step-details'>com.modules.orders.dashboard.PortInCSROnlyTest is Passed</td>
																</tr>
														</tbody>
													</table>
													<ul class='collapsible node-list' data-collapsible='accordion'>
													</ul>
												</div>
											</div>
										</li>
										<li class='collection-item test displayed active warning ' extentid='b2f7d7d7-8b84-4d5e-88e0-55a86a81b9c7'>
											<div class='test-head'>
												<span class='test-name'>Test PortIn Submit LSR from CSR Only Request </span>
												<span class='test-status label right outline capitalize warning'>warning</span>
												<span class='category-assigned hide '></span>
											</div>
											<div class='test-body'>
												<div class='test-info'>
													<span title='Test started time' alt='Test started time' class='test-started-time label green lighten-1 text-white'>2022-04-28 18:46:11</span>
													<span title='Test ended time' alt='Test ended time' class='test-ended-time label red lighten-1 text-white'>2022-04-28 18:53:49</span>
													<span title='Time taken to finish' alt='Time taken to finish' class='test-time-taken label blue-grey lighten-3 text-white'>0h 7m 38s+199ms</span>
												</div>
												<div class='test-desc'></div>
												<div class='test-attributes'>
												</div>
												<div class='test-steps'>
													<table class='bordered table-results'>
														<thead>
															<tr>
																<th>Status</th>
																<th>Timestamp</th>
																<th>Details</th>
															</tr>
														</thead>
														<tbody>
																<tr>
																	<td class='status pass' title='pass' alt='pass'><i class='mdi-action-check-circle'></i></td>
																	<td class='timestamp'>18:46:29</td>
																	<td class='step-details'>Navigate To Dashboard</td>
																</tr>
																<tr>
																	<td class='status pass' title='pass' alt='pass'><i class='mdi-action-check-circle'></i></td>
																	<td class='timestamp'>18:46:43</td>
																	<td class='step-details'>Clicked on Create</td>
																</tr>
																<tr>
																	<td class='status pass' title='pass' alt='pass'><i class='mdi-action-check-circle'></i></td>
																	<td class='timestamp'>18:46:50</td>
																	<td class='step-details'>Selected PortIn option</td>
																</tr>
																<tr>
																	<td class='status pass' title='pass' alt='pass'><i class='mdi-action-check-circle'></i></td>
																	<td class='timestamp'>18:46:56</td>
																	<td class='step-details'>Title is matching: Port in</td>
																</tr>
																<tr>
																	<td class='status pass' title='pass' alt='pass'><i class='mdi-action-check-circle'></i></td>
																	<td class='timestamp'>18:47:02</td>
																	<td class='step-details'>Entered new PortNumber</td>
																</tr>
																<tr>
																	<td class='status pass' title='pass' alt='pass'><i class='mdi-action-check-circle'></i></td>
																	<td class='timestamp'>18:48:43</td>
																	<td class='step-details'>Actual value is  matching with Expected Value: Create</td>
																</tr>
																<tr>
																	<td class='status pass' title='pass' alt='pass'><i class='mdi-action-check-circle'></i></td>
																	<td class='timestamp'>18:48:43</td>
																	<td class='step-details'>Verified portIn Page Title</td>
																</tr>
																<tr>
																	<td class='status pass' title='pass' alt='pass'><i class='mdi-action-check-circle'></i></td>
																	<td class='timestamp'>18:48:43</td>
																	<td class='step-details'>Actual value is  matching with Expected Value: Enter and Validate Porting Numbers</td>
																</tr>
																<tr>
																	<td class='status pass' title='pass' alt='pass'><i class='mdi-action-check-circle'></i></td>
																	<td class='timestamp'>18:48:43</td>
																	<td class='step-details'>Actual value is  matching with Expected Value: Order only</td>
																</tr>
																<tr>
																	<td class='status pass' title='pass' alt='pass'><i class='mdi-action-check-circle'></i></td>
																	<td class='timestamp'>18:48:43</td>
																	<td class='step-details'>PortIn is created for 5274208514</td>
																</tr>
																<tr>
																	<td class='status pass' title='pass' alt='pass'><i class='mdi-action-check-circle'></i></td>
																	<td class='timestamp'>18:49:59</td>
																	<td class='step-details'>PortIn is selected Date: 5/26/2022</td>
																</tr>
																<tr>
																	<td class='status pass' title='pass' alt='pass'><i class='mdi-action-check-circle'></i></td>
																	<td class='timestamp'>18:50:30</td>
																	<td class='step-details'>PortIn ProjectID: PID-5274208514320</td>
																</tr>
																<tr>
																	<td class='status pass' title='pass' alt='pass'><i class='mdi-action-check-circle'></i></td>
																	<td class='timestamp'>18:50:38</td>
																	<td class='step-details'>AccountName : AccountName752</td>
																</tr>
																<tr>
																	<td class='status pass' title='pass' alt='pass'><i class='mdi-action-check-circle'></i></td>
																	<td class='timestamp'>18:50:47</td>
																	<td class='step-details'>Account Number : 00171112010</td>
																</tr>
																<tr>
																	<td class='status pass' title='pass' alt='pass'><i class='mdi-action-check-circle'></i></td>
																	<td class='timestamp'>18:51:16</td>
																	<td class='step-details'>Billing Telephone : 0276679269</td>
																</tr>
																<tr>
																	<td class='status pass' title='pass' alt='pass'><i class='mdi-action-check-circle'></i></td>
																	<td class='timestamp'>18:51:31</td>
																	<td class='step-details'>Searched with Project ID :PID-5274208514320</td>
																</tr>
																<tr>
																	<td class='status pass' title='pass' alt='pass'><i class='mdi-action-check-circle'></i></td>
																	<td class='timestamp'>18:51:38</td>
																	<td class='step-details'>Title is matching: Orders</td>
																</tr>
																<tr>
																	<td class='status warning' title='warning' alt='warning'><i class='mdi-alert-warning'></i></td>
																	<td class='timestamp'>18:51:43</td>
																	<td class='step-details'>csr-only is not Expected</td>
																</tr>
																<tr>
																	<td class='status pass' title='pass' alt='pass'><i class='mdi-action-check-circle'></i></td>
																	<td class='timestamp'>18:51:43</td>
																	<td class='step-details'>Status: CSR Pending is Expected</td>
																</tr>
																<tr>
																	<td class='status pass' title='pass' alt='pass'><i class='mdi-action-check-circle'></i></td>
																	<td class='timestamp'>18:52:02</td>
																	<td class='step-details'>Confirm Popup is Available</td>
																</tr>
																<tr>
																	<td class='status pass' title='pass' alt='pass'><i class='mdi-action-check-circle'></i></td>
																	<td class='timestamp'>18:52:07</td>
																	<td class='step-details'>Actual value is  matching with Expected Value: Are you sure you want to change to CSR Requested?</td>
																</tr>
																<tr>
																	<td class='status pass' title='pass' alt='pass'><i class='mdi-action-check-circle'></i></td>
																	<td class='timestamp'>18:52:15</td>
																	<td class='step-details'>Actual value is  matching with Expected Value: CSR Requested</td>
																</tr>
																<tr>
																	<td class='status pass' title='pass' alt='pass'><i class='mdi-action-check-circle'></i></td>
																	<td class='timestamp'>18:52:19</td>
																	<td class='step-details'>Port Type : csr-only is Expected</td>
																</tr>
																<tr>
																	<td class='status pass' title='pass' alt='pass'><i class='mdi-action-check-circle'></i></td>
																	<td class='timestamp'>18:52:20</td>
																	<td class='step-details'>Status: CSR Requested is Expected</td>
																</tr>
																<tr>
																	<td class='status pass' title='pass' alt='pass'><i class='mdi-action-check-circle'></i></td>
																	<td class='timestamp'>18:52:39</td>
																	<td class='step-details'>Confirm Popup is Available</td>
																</tr>
																<tr>
																	<td class='status pass' title='pass' alt='pass'><i class='mdi-action-check-circle'></i></td>
																	<td class='timestamp'>18:52:43</td>
																	<td class='step-details'>Actual value is  matching with Expected Value: Are you sure you want to approve the CSR and proceed to LSR?</td>
																</tr>
																<tr>
																	<td class='status pass' title='pass' alt='pass'><i class='mdi-action-check-circle'></i></td>
																	<td class='timestamp'>18:52:56</td>
																	<td class='step-details'>Port Type : csr-only is Expected</td>
																</tr>
																<tr>
																	<td class='status pass' title='pass' alt='pass'><i class='mdi-action-check-circle'></i></td>
																	<td class='timestamp'>18:52:56</td>
																	<td class='step-details'>Status: CSR Received is Expected</td>
																</tr>
																<tr>
																	<td class='status pass' title='pass' alt='pass'><i class='mdi-action-check-circle'></i></td>
																	<td class='timestamp'>18:53:21</td>
																	<td class='step-details'>PortIn ProjectID: PID-5274208514965</td>
																</tr>
																<tr>
																	<td class='status pass' title='pass' alt='pass'><i class='mdi-action-check-circle'></i></td>
																	<td class='timestamp'>18:53:38</td>
																	<td class='step-details'>Searched with Project ID :PID-5274208514965</td>
																</tr>
																<tr>
																	<td class='status pass' title='pass' alt='pass'><i class='mdi-action-check-circle'></i></td>
																	<td class='timestamp'>18:53:39</td>
																	<td class='step-details'>Actual value is  matching with Expected Value: LSR Submitted</td>
																</tr>
																<tr>
																	<td class='status pass' title='pass' alt='pass'><i class='mdi-action-check-circle'></i></td>
																	<td class='timestamp'>18:53:45</td>
																	<td class='step-details'>Title is matching: Orders</td>
																</tr>
																<tr>
																	<td class='status pass' title='pass' alt='pass'><i class='mdi-action-check-circle'></i></td>
																	<td class='timestamp'>18:53:49</td>
																	<td class='step-details'>Port Type : port-in is Expected</td>
																</tr>
																<tr>
																	<td class='status pass' title='pass' alt='pass'><i class='mdi-action-check-circle'></i></td>
																	<td class='timestamp'>18:53:49</td>
																	<td class='step-details'>Status: LSR Submitted is Expected</td>
																</tr>
																<tr>
																	<td class='status pass' title='pass' alt='pass'><i class='mdi-action-check-circle'></i></td>
																	<td class='timestamp'>18:53:49</td>
																	<td class='step-details'>Actual value is  matching with Expected Value: PID-5274208514965</td>
																</tr>
																<tr>
																	<td class='status pass' title='pass' alt='pass'><i class='mdi-action-check-circle'></i></td>
																	<td class='timestamp'>18:53:49</td>
																	<td class='step-details'>com.modules.orders.dashboard.PortInSubmitLSRFromCSROnlyRequestTest is Passed</td>
																</tr>
														</tbody>
													</table>
													<ul class='collapsible node-list' data-collapsible='accordion'>
													</ul>
												</div>
											</div>
										</li>
										<li class='collection-item test displayed active fail ' extentid='a6dd01dd-dee3-4e6c-8450-471d444ab836'>
											<div class='test-head'>
												<span class='test-name'>Test VPOP User Request CSR </span>
												<span class='test-status label right outline capitalize fail'>fail</span>
												<span class='category-assigned hide '></span>
											</div>
											<div class='test-body'>
												<div class='test-info'>
													<span title='Test started time' alt='Test started time' class='test-started-time label green lighten-1 text-white'>2022-04-28 18:53:49</span>
													<span title='Test ended time' alt='Test ended time' class='test-ended-time label red lighten-1 text-white'>2022-04-28 19:03:30</span>
													<span title='Time taken to finish' alt='Time taken to finish' class='test-time-taken label blue-grey lighten-3 text-white'>0h 9m 40s+770ms</span>
												</div>
												<div class='test-desc'></div>
												<div class='test-attributes'>
												</div>
												<div class='test-steps'>
													<table class='bordered table-results'>
														<thead>
															<tr>
																<th>Status</th>
																<th>Timestamp</th>
																<th>Details</th>
															</tr>
														</thead>
														<tbody>
																<tr>
																	<td class='status info' title='info' alt='info'><i class='mdi-action-info-outline'></i></td>
																	<td class='timestamp'>18:53:55</td>
																	<td class='step-details'>Relaunching the Application as a Free User</td>
																</tr>
																<tr>
																	<td class='status pass' title='pass' alt='pass'><i class='mdi-action-check-circle'></i></td>
																	<td class='timestamp'>18:54:02</td>
																	<td class='step-details'>Entered userName is vpopregression@atlc.com</td>
																</tr>
																<tr>
																	<td class='status pass' title='pass' alt='pass'><i class='mdi-action-check-circle'></i></td>
																	<td class='timestamp'>18:54:08</td>
																	<td class='step-details'>Entered password</td>
																</tr>
																<tr>
																	<td class='status pass' title='pass' alt='pass'><i class='mdi-action-check-circle'></i></td>
																	<td class='timestamp'>18:54:15</td>
																	<td class='step-details'>Click on submit</td>
																</tr>
																<tr>
																	<td class='status pass' title='pass' alt='pass'><i class='mdi-action-check-circle'></i></td>
																	<td class='timestamp'>18:54:48</td>
																	<td class='step-details'>Clicked on Create</td>
																</tr>
																<tr>
																	<td class='status pass' title='pass' alt='pass'><i class='mdi-action-check-circle'></i></td>
																	<td class='timestamp'>18:54:55</td>
																	<td class='step-details'>Selected PortIn option</td>
																</tr>
																<tr>
																	<td class='status pass' title='pass' alt='pass'><i class='mdi-action-check-circle'></i></td>
																	<td class='timestamp'>18:55:01</td>
																	<td class='step-details'>Title is matching: Port in</td>
																</tr>
																<tr>
																	<td class='status pass' title='pass' alt='pass'><i class='mdi-action-check-circle'></i></td>
																	<td class='timestamp'>18:55:08</td>
																	<td class='step-details'>Entered new PortNumber</td>
																</tr>
																<tr>
																	<td class='status pass' title='pass' alt='pass'><i class='mdi-action-check-circle'></i></td>
																	<td class='timestamp'>18:56:47</td>
																	<td class='step-details'>Actual value is  matching with Expected Value: Create</td>
																</tr>
																<tr>
																	<td class='status pass' title='pass' alt='pass'><i class='mdi-action-check-circle'></i></td>
																	<td class='timestamp'>18:56:47</td>
																	<td class='step-details'>Verified portIn Page Title</td>
																</tr>
																<tr>
																	<td class='status pass' title='pass' alt='pass'><i class='mdi-action-check-circle'></i></td>
																	<td class='timestamp'>18:56:47</td>
																	<td class='step-details'>Actual value is  matching with Expected Value: Enter and Validate Porting Numbers</td>
																</tr>
																<tr>
																	<td class='status pass' title='pass' alt='pass'><i class='mdi-action-check-circle'></i></td>
																	<td class='timestamp'>18:56:47</td>
																	<td class='step-details'>Actual value is  matching with Expected Value: Order only</td>
																</tr>
																<tr>
																	<td class='status pass' title='pass' alt='pass'><i class='mdi-action-check-circle'></i></td>
																	<td class='timestamp'>18:56:47</td>
																	<td class='step-details'>PortIn is created for 5274208515</td>
																</tr>
																<tr>
																	<td class='status pass' title='pass' alt='pass'><i class='mdi-action-check-circle'></i></td>
																	<td class='timestamp'>18:58:02</td>
																	<td class='step-details'>PortIn is selected Date: 5/5/2022</td>
																</tr>
																<tr>
																	<td class='status pass' title='pass' alt='pass'><i class='mdi-action-check-circle'></i></td>
																	<td class='timestamp'>18:58:32</td>
																	<td class='step-details'>PortIn ProjectID: PID-5274208515857</td>
																</tr>
																<tr>
																	<td class='status info' title='info' alt='info'><i class='mdi-action-info-outline'></i></td>
																	<td class='timestamp'>18:58:35</td>
																	<td class='step-details'>Updated file : Test.pdf</td>
																</tr>
																<tr>
																	<td class='status pass' title='pass' alt='pass'><i class='mdi-action-check-circle'></i></td>
																	<td class='timestamp'>18:58:43</td>
																	<td class='step-details'>AccountName : AccountName931</td>
																</tr>
																<tr>
																	<td class='status pass' title='pass' alt='pass'><i class='mdi-action-check-circle'></i></td>
																	<td class='timestamp'>18:58:52</td>
																	<td class='step-details'>Account Number : 00612466688</td>
																</tr>
																<tr>
																	<td class='status pass' title='pass' alt='pass'><i class='mdi-action-check-circle'></i></td>
																	<td class='timestamp'>18:59:20</td>
																	<td class='step-details'>Billing Telephone : 0849249117</td>
																</tr>
																<tr>
																	<td class='status pass' title='pass' alt='pass'><i class='mdi-action-check-circle'></i></td>
																	<td class='timestamp'>18:59:33</td>
																	<td class='step-details'>Searched with Project ID :PID-5274208515857</td>
																</tr>
																<tr>
																	<td class='status pass' title='pass' alt='pass'><i class='mdi-action-check-circle'></i></td>
																	<td class='timestamp'>18:59:40</td>
																	<td class='step-details'>Title is matching: Orders</td>
																</tr>
																<tr>
																	<td class='status pass' title='pass' alt='pass'><i class='mdi-action-check-circle'></i></td>
																	<td class='timestamp'>18:59:44</td>
																	<td class='step-details'>Port Type : port-in is Expected</td>
																</tr>
																<tr>
																	<td class='status pass' title='pass' alt='pass'><i class='mdi-action-check-circle'></i></td>
																	<td class='timestamp'>18:59:44</td>
																	<td class='step-details'>Status: CSR Pending is Expected</td>
																</tr>
																<tr>
																	<td class='status info' title='info' alt='info'><i class='mdi-action-info-outline'></i></td>
																	<td class='timestamp'>19:00:29</td>
																	<td class='step-details'>org.openqa.selenium.NoSuchElementException: no such element: Unable to locate element: {"method":"xpath","selector":"//small[.='CSR Requested']"}
  (Session info: chrome=100.0.4896.127)
For documentation on this error, please visit: https://www.seleniumhq.org/exceptions/no_such_element.html
Build info: version: '3.141.59', revision: 'e82be7d358', time: '2018-11-14T08:25:53'
System info: host: 'LAPTOP-EHJA3SCC', ip: '10.212.212.150', os.name: 'Windows 10', os.arch: 'amd64', os.version: '10.0', java.version: '1.8.0_271'
Driver info: org.openqa.selenium.chrome.ChromeDriver
Capabilities {acceptInsecureCerts: false, browserName: chrome, browserVersion: 100.0.4896.127, chrome: {chromedriverVersion: 100.0.4896.60 (6a5d10861ce8..., userDataDir: C:\Users\Prati\AppData\Loca...}, goog:chromeOptions: {debuggerAddress: localhost:61703}, javascriptEnabled: true, networkConnectionEnabled: false, pageLoadStrategy: none, platform: WINDOWS, platformName: WINDOWS, proxy: Proxy(), setWindowRect: true, strictFileInteractability: false, timeouts: {implicit: 0, pageLoad: 300000, script: 30000}, unhandledPromptBehavior: dismiss and notify, webauthn:extension:credBlob: true, webauthn:extension:largeBlob: true, webauthn:virtualAuthenticators: true}
Session ID: 274df5efe57fe9c9007035d1101c8197
*** Element info: {Using=xpath, value=//small[.='CSR Requested']}</td>
																</tr>
																<tr>
																	<td class='status info' title='info' alt='info'><i class='mdi-action-info-outline'></i></td>
																	<td class='timestamp'>19:00:29</td>
																	<td class='step-details'>ScreenShot is accessible in D:\Pratik\ATLC2804\QA-Automation/Execution Status/ScreenShots/Element 04_28_2022ThuApr28190029IST20220428190100000000573517327.png</td>
																</tr>
																<tr>
																	<td class='status warning' title='warning' alt='warning'><i class='mdi-alert-warning'></i></td>
																	<td class='timestamp'>19:00:29</td>
																	<td class='step-details'><a href='D:\Pratik\ATLC2804\QA-Automation\Execution Status\ScreenShots\Element 04_28_2022ThuApr28190029IST20220428190100000000573517327.png' data-featherlight='image'><img class='report-img' src='file:///D:\Pratik\ATLC2804\QA-Automation\Execution Status\ScreenShots\Element 04_28_2022ThuApr28190029IST20220428190100000000573517327.png' /></a></td>
																</tr>
																<tr>
																	<td class='status warning' title='warning' alt='warning'><i class='mdi-alert-warning'></i></td>
																	<td class='timestamp'>19:00:59</td>
																	<td class='step-details'>Proxy element for: DefaultElementLocator 'By.xpath: //small[.='CSR Requested']' is not accessible</td>
																</tr>
																<tr>
																	<td class='status info' title='info' alt='info'><i class='mdi-action-info-outline'></i></td>
																	<td class='timestamp'>19:01:34</td>
																	<td class='step-details'>org.openqa.selenium.NoSuchElementException: no such element: Unable to locate element: {"method":"xpath","selector":"//*[@id='modal-title-default']"}
  (Session info: chrome=100.0.4896.127)
For documentation on this error, please visit: https://www.seleniumhq.org/exceptions/no_such_element.html
Build info: version: '3.141.59', revision: 'e82be7d358', time: '2018-11-14T08:25:53'
System info: host: 'LAPTOP-EHJA3SCC', ip: '10.212.212.150', os.name: 'Windows 10', os.arch: 'amd64', os.version: '10.0', java.version: '1.8.0_271'
Driver info: org.openqa.selenium.chrome.ChromeDriver
Capabilities {acceptInsecureCerts: false, browserName: chrome, browserVersion: 100.0.4896.127, chrome: {chromedriverVersion: 100.0.4896.60 (6a5d10861ce8..., userDataDir: C:\Users\Prati\AppData\Loca...}, goog:chromeOptions: {debuggerAddress: localhost:61703}, javascriptEnabled: true, networkConnectionEnabled: false, pageLoadStrategy: none, platform: WINDOWS, platformName: WINDOWS, proxy: Proxy(), setWindowRect: true, strictFileInteractability: false, timeouts: {implicit: 0, pageLoad: 300000, script: 30000}, unhandledPromptBehavior: dismiss and notify, webauthn:extension:credBlob: true, webauthn:extension:largeBlob: true, webauthn:virtualAuthenticators: true}
Session ID: 274df5efe57fe9c9007035d1101c8197
*** Element info: {Using=xpath, value=//*[@id='modal-title-default']}</td>
																</tr>
																<tr>
																	<td class='status warning' title='warning' alt='warning'><i class='mdi-alert-warning'></i></td>
																	<td class='timestamp'>19:01:34</td>
																	<td class='step-details'>Confirm Popup is not Available</td>
																</tr>
																<tr>
																	<td class='status info' title='info' alt='info'><i class='mdi-action-info-outline'></i></td>
																	<td class='timestamp'>19:02:10</td>
																	<td class='step-details'>org.openqa.selenium.NoSuchElementException: no such element: Unable to locate element: {"method":"xpath","selector":"//*[@class='ml-auto btn btn-danger']"}
  (Session info: chrome=100.0.4896.127)
For documentation on this error, please visit: https://www.seleniumhq.org/exceptions/no_such_element.html
Build info: version: '3.141.59', revision: 'e82be7d358', time: '2018-11-14T08:25:53'
System info: host: 'LAPTOP-EHJA3SCC', ip: '10.212.212.150', os.name: 'Windows 10', os.arch: 'amd64', os.version: '10.0', java.version: '1.8.0_271'
Driver info: org.openqa.selenium.chrome.ChromeDriver
Capabilities {acceptInsecureCerts: false, browserName: chrome, browserVersion: 100.0.4896.127, chrome: {chromedriverVersion: 100.0.4896.60 (6a5d10861ce8..., userDataDir: C:\Users\Prati\AppData\Loca...}, goog:chromeOptions: {debuggerAddress: localhost:61703}, javascriptEnabled: true, networkConnectionEnabled: false, pageLoadStrategy: none, platform: WINDOWS, platformName: WINDOWS, proxy: Proxy(), setWindowRect: true, strictFileInteractability: false, timeouts: {implicit: 0, pageLoad: 300000, script: 30000}, unhandledPromptBehavior: dismiss and notify, webauthn:extension:credBlob: true, webauthn:extension:largeBlob: true, webauthn:virtualAuthenticators: true}
Session ID: 274df5efe57fe9c9007035d1101c8197
*** Element info: {Using=xpath, value=//*[@class='ml-auto btn btn-danger']}</td>
																</tr>
																<tr>
																	<td class='status info' title='info' alt='info'><i class='mdi-action-info-outline'></i></td>
																	<td class='timestamp'>19:02:10</td>
																	<td class='step-details'>ScreenShot is accessible in D:\Pratik\ATLC2804\QA-Automation/Execution Status/ScreenShots/Element 04_28_2022ThuApr28190210IST20220428192100000000453469396.png</td>
																</tr>
																<tr>
																	<td class='status warning' title='warning' alt='warning'><i class='mdi-alert-warning'></i></td>
																	<td class='timestamp'>19:02:10</td>
																	<td class='step-details'><a href='D:\Pratik\ATLC2804\QA-Automation\Execution Status\ScreenShots\Element 04_28_2022ThuApr28190210IST20220428192100000000453469396.png' data-featherlight='image'><img class='report-img' src='file:///D:\Pratik\ATLC2804\QA-Automation\Execution Status\ScreenShots\Element 04_28_2022ThuApr28190210IST20220428192100000000453469396.png' /></a></td>
																</tr>
																<tr>
																	<td class='status warning' title='warning' alt='warning'><i class='mdi-alert-warning'></i></td>
																	<td class='timestamp'>19:02:40</td>
																	<td class='step-details'>Proxy element for: DefaultElementLocator 'By.xpath: //*[@class='ml-auto btn btn-danger']' is not accessible</td>
																</tr>
																<tr>
																	<td class='status pass' title='pass' alt='pass'><i class='mdi-action-check-circle'></i></td>
																	<td class='timestamp'>19:02:42</td>
																	<td class='step-details'>Actual value is  matching with Expected Value: CSR Requested</td>
																</tr>
																<tr>
																	<td class='status pass' title='pass' alt='pass'><i class='mdi-action-check-circle'></i></td>
																	<td class='timestamp'>19:02:47</td>
																	<td class='step-details'>Port Type : port-in is Expected</td>
																</tr>
																<tr>
																	<td class='status warning' title='warning' alt='warning'><i class='mdi-alert-warning'></i></td>
																	<td class='timestamp'>19:02:47</td>
																	<td class='step-details'>CSR Pending is not Expected</td>
																</tr>
																<tr>
																	<td class='status pass' title='pass' alt='pass'><i class='mdi-action-check-circle'></i></td>
																	<td class='timestamp'>19:02:51</td>
																	<td class='step-details'>Test.pdf is Available for download</td>
																</tr>
																<tr>
																	<td class='status pass' title='pass' alt='pass'><i class='mdi-action-check-circle'></i></td>
																	<td class='timestamp'>19:02:58</td>
																	<td class='step-details'>https://test.porting.com/#/Orders/114J-637867493682728862</td>
																</tr>
																<tr>
																	<td class='status pass' title='pass' alt='pass'><i class='mdi-action-check-circle'></i></td>
																	<td class='timestamp'>19:02:58</td>
																	<td class='step-details'>PortControl</td>
																</tr>
																<tr>
																	<td class='status info' title='info' alt='info'><i class='mdi-action-info-outline'></i></td>
																	<td class='timestamp'>19:03:30</td>
																	<td class='step-details'>ScreenShot is accessible in D:\Pratik\ATLC2804\QA-Automation/Execution Status/ScreenShots/testVPOPUserRequestCSR 04_28_2022ThuApr28190330IST2022042819310000000011886635.png</td>
																</tr>
																<tr>
																	<td class='status fail' title='fail' alt='fail'><i class='mdi-navigation-cancel'></i></td>
																	<td class='timestamp'>19:03:30</td>
																	<td class='step-details'>org.openqa.selenium.NoSuchElementException: no such element: Unable to locate element: {"method":"xpath","selector":"//button[.='Actions']"}
  (Session info: chrome=100.0.4896.127)
For documentation on this error, please visit: https://www.seleniumhq.org/exceptions/no_such_element.html
Build info: version: '3.141.59', revision: 'e82be7d358', time: '2018-11-14T08:25:53'
System info: host: 'LAPTOP-EHJA3SCC', ip: '10.212.212.150', os.name: 'Windows 10', os.arch: 'amd64', os.version: '10.0', java.version: '1.8.0_271'
Driver info: org.openqa.selenium.chrome.ChromeDriver
Capabilities {acceptInsecureCerts: false, browserName: chrome, browserVersion: 100.0.4896.127, chrome: {chromedriverVersion: 100.0.4896.60 (6a5d10861ce8..., userDataDir: C:\Users\Prati\AppData\Loca...}, goog:chromeOptions: {debuggerAddress: localhost:61703}, javascriptEnabled: true, networkConnectionEnabled: false, pageLoadStrategy: none, platform: WINDOWS, platformName: WINDOWS, proxy: Proxy(), setWindowRect: true, strictFileInteractability: false, timeouts: {implicit: 0, pageLoad: 300000, script: 30000}, unhandledPromptBehavior: dismiss and notify, webauthn:extension:credBlob: true, webauthn:extension:largeBlob: true, webauthn:virtualAuthenticators: true}
Session ID: 274df5efe57fe9c9007035d1101c8197
*** Element info: {Using=xpath, value=//button[.='Actions']}</td>
																</tr>
																<tr>
																	<td class='status fail' title='fail' alt='fail'><i class='mdi-navigation-cancel'></i></td>
																	<td class='timestamp'>19:03:30</td>
																	<td class='step-details'><a href='D:\Pratik\ATLC2804\QA-Automation\Execution Status\ScreenShots\testVPOPUserRequestCSR 04_28_2022ThuApr28190330IST2022042819310000000011886635.png' data-featherlight='image'><img class='report-img' src='file:///D:\Pratik\ATLC2804\QA-Automation\Execution Status\ScreenShots\testVPOPUserRequestCSR 04_28_2022ThuApr28190330IST2022042819310000000011886635.png' /></a></td>
																</tr>
																<tr>
																	<td class='status fail' title='fail' alt='fail'><i class='mdi-navigation-cancel'></i></td>
																	<td class='timestamp'>19:03:30</td>
																	<td class='step-details'>com.modules.orders.dashboard.VPOPUserRequestCSRTest is Failed</td>
																</tr>
														</tbody>
													</table>
													<ul class='collapsible node-list' data-collapsible='accordion'>
													</ul>
												</div>
											</div>
										</li>
								</ul>
							</div>
						</div>
					</div>
				</div>
				<div id='test-details-wrapper' class='col _addedCell2'>
					<div class='contents'>
						<div class='card-panel details-view'>
							<h5 class='details-name'></h5>
							<div class='step-filters right'>
								<span class='btn-floating btn-small waves-effect waves-light blue' status='info' alt='info' title='info'><i class='mdi-action-info-outline'></i></span>
								<span class='btn-floating btn-small waves-effect waves-light green' status='pass' alt='pass' title='pass'><i class='mdi-action-check-circle'></i></span>
								<span class='btn-floating btn-small waves-effect waves-light red' status='fail' alt='fail' title='fail'><i class='mdi-navigation-cancel'></i></span>
								<span class='btn-floating btn-small waves-effect waves-light red darken-4' status='fatal' alt='fatal' title='fatal'><i class='mdi-navigation-cancel'></i></span>
								<span class='btn-floating btn-small waves-effect waves-light red lighten-2' status='error' alt='error' title='error'><i class='mdi-alert-error'></i></span>
								<span class='btn-floating btn-small waves-effect waves-light orange' alt='warning' status='warning' title='warning'><i class='mdi-alert-warning'></i></span>
								<span class='btn-floating btn-small waves-effect waves-light cyan' status='skip' alt='skip' title='skip'><i class='mdi-content-redo'></i></span>
								<span class='btn-floating btn-small waves-effect waves-light grey darken-2' status='clear-step-filter' alt='Clear filters' title='Clear filters'><i class='mdi-content-clear'></i></span>
							</div>
							<div class='details-container'>
							</div>
						</div>
					</div>
				</div>
			</div>
			<!-- /tests -->
			
			<!-- categories -->
			<!-- /categories -->
			
			<!-- exceptions -->
			<!-- /exceptions -->
			
			<!-- testrunner logs -->
			<!-- /testrunner logs -->
			
		</div>
		<!-- /container -->
		
		<!-- test dashboard counts setting -->
		<div id='test-count-setting' class='modal bottom-sheet'> 
			<div class='modal-content'> 
				<h5>Configure Tests Count Setting</h5> 
				<input name='test-count-setting' type='radio' id='parentWithoutNodes' class='with-gap'> 
				<label for='parentWithoutNodes'>Parent Tests Only (Does not include child nodes in counts)</label> 
				<br> 
				<input name='test-count-setting' type='radio' id='parentWithoutNodesAndNodes' class='with-gap'> 
				<label for='parentWithoutNodesAndNodes'>Parent Tests Without Child Tests + Child Tests</label> 
				<br> 
				<input name='test-count-setting' type='radio' id='childNodes' class='with-gap'> 
				<label for='childNodes'>Child Tests Only</label> 
			</div> 
			<div class='modal-footer'> 
				<a href='#!' class='modal-action modal-close waves-effect waves-green btn'>Save</a> 
			</div> 
		</div>
		<!-- /test dashboard counts setting -->
		
		<!-- filter for step status -->
		<div id='step-status-filter' class='modal bottom-sheet'> 
			<div class='modal-content'> 
				<h5>Select status</h5> 
				<input checked class='filled-in' type='checkbox' id='step-dashboard-filter-pass'> 
				<label for='step-dashboard-filter-pass'>Pass</label> 
				<br> 
				<input checked class='filled-in' type='checkbox' id='step-dashboard-filter-fail'> 
				<label for='step-dashboard-filter-fail'>Fail</label> 
				<br> 
				<input checked class='filled-in' type='checkbox' id='step-dashboard-filter-fatal'> 
				<label for='step-dashboard-filter-fatal'>Fatal</label> 
				<br> 
				<input checked class='filled-in' type='checkbox' id='step-dashboard-filter-error'> 
				<label for='step-dashboard-filter-error'>Error</label> 
				<br> 
				<input checked class='filled-in' type='checkbox' id='step-dashboard-filter-warning'> 
				<label for='step-dashboard-filter-warning'>Warning</label> 
				<br> 
				<input checked class='filled-in' type='checkbox' id='step-dashboard-filter-skip'> 
				<label for='step-dashboard-filter-skip'>Skipped</label> 
				<br> 
				<input checked class='filled-in' type='checkbox' id='step-dashboard-filter-info'> 
				<label for='step-dashboard-filter-info'>Info</label> 
				<br> 
				<input checked class='filled-in' type='checkbox' id='step-dashboard-filter-unknown'> 
				<label for='step-dashboard-filter-unknown'>Unknown</label> 
			</div>
			<div class='modal-footer'> 
				<a href='#!' class='modal-action modal-close waves-effect waves-green btn'>Save</a> 
			</div> 
		</div>
		<!-- /filter for step status -->
		
		<script src='https://cdn.rawgit.com/anshooarora/extentreports/6032d73243ba4fe4fb8769eb9c315d4fdf16fe68/cdn/extent.js' type='text/javascript'></script>

		<script>$(document).ready(function() { $('.logo span').html('ExtentReports'); });</script>
		<script>
				
            
                $(document).ready(function() {
                    
                });
            
        
		</script>
	</body>
</html>
